---------------------------------------------------------------
[ 2018-03-14T12:21:08+08:00 ] ::1 ::1 GET /shimizu/public/
[ info ] localhost/shimizu/public/ [运行时间：0.126407s][吞吐率：7.91req/s] [内存消耗：3,671.76kb] [文件加载：65]
[ info ] [ LANG ] C:\wamp\www\shimizu\thinkphp\lang\zh-cn.php
[ info ] [ ROUTE ] array (
  'type' => 'module',
  'module' => 
  array (
    0 => '',
    1 => NULL,
    2 => NULL,
  ),
)
[ info ] [ HEADER ] array (
  'host' => 'localhost',
  'connection' => 'keep-alive',
  'upgrade-insecure-requests' => '1',
  'user-agent' => 'Mozilla/5.0 (Windows NT 10.0; WOW64) AppleWebKit/537.36 (KHTML, like Gecko) Chrome/55.0.2883.87 UBrowser/6.2.3964.2 Safari/537.36',
  'accept' => 'text/html,application/xhtml+xml,application/xml;q=0.9,image/webp,*/*;q=0.8',
  'accept-encoding' => 'gzip, deflate, br',
  'accept-language' => 'zh-CN,zh;q=0.8',
  'cookie' => 'pgv_pvi=6232212480',
)
[ info ] [ PARAM ] array (
)
[ info ] [ DB ] INIT mysql
[ info ] [ RUN ] app\index\controller\Index->index[ C:\wamp\www\shimizu\application\index\controller\Index.php ]
[ info ] [ VIEW ] C:\wamp\www\shimizu\public/../application/index\view\index\index.html [ array (
  0 => 'nav',
  1 => 'banner',
  2 => 'desert',
  3 => 'newsThree',
  4 => 'eventBig',
  5 => 'events',
) ]
[ info ] [ LOG ] INIT File
[ sql ] [ DB ] CONNECT:[ UseTime:0.005252s ] mysql:host=localhost;dbname=shimizu;charset=utf8
[ sql ] [ SQL ] SHOW COLUMNS FROM `menu` [ RunTime:0.005268s ]
[ sql ] [ SQL ] SELECT * FROM `menu` WHERE  `status` = 1  AND `type` = 2 ORDER BY listorder desc, id desc [ RunTime:0.000499s ]
[ sql ] [ SQL ] SHOW COLUMNS FROM `banner` [ RunTime:0.001117s ]
[ sql ] [ SQL ] SELECT * FROM `banner` WHERE  `status` = 1 ORDER BY listorder desc, id desc LIMIT 5 [ RunTime:0.000321s ]
[ sql ] [ SQL ] SHOW COLUMNS FROM `media` [ RunTime:0.001097s ]
[ sql ] [ SQL ] SELECT * FROM `media` WHERE  `id` = 51 LIMIT 1 [ RunTime:0.000257s ]
[ sql ] [ SQL ] SELECT * FROM `media` WHERE  `id` = 63 LIMIT 1 [ RunTime:0.000282s ]
[ sql ] [ SQL ] SHOW COLUMNS FROM `event` [ RunTime:0.001642s ]
[ sql ] [ SQL ] SELECT * FROM `event` WHERE  `status` = 1 LIMIT 1 [ RunTime:0.000309s ]
[ sql ] [ SQL ] SHOW COLUMNS FROM `news` [ RunTime:0.000981s ]
[ sql ] [ SQL ] SELECT * FROM `news` WHERE  `status` = 1 ORDER BY id desc LIMIT 3 [ RunTime:0.000318s ]
[ sql ] [ SQL ] SELECT * FROM `media` WHERE  `id` = 65 LIMIT 1 [ RunTime:0.000227s ]
[ sql ] [ SQL ] SELECT * FROM `media` WHERE  `id` = 62 LIMIT 1 [ RunTime:0.000274s ]
[ sql ] [ SQL ] SELECT * FROM `media` WHERE  `id` = 60 LIMIT 1 [ RunTime:0.000231s ]
[ sql ] [ SQL ] SHOW COLUMNS FROM `all_deserts` [ RunTime:0.001086s ]
[ sql ] [ SQL ] SELECT * FROM `all_deserts` WHERE  `status` = 1 ORDER BY id desc LIMIT 10 [ RunTime:0.000336s ]
[ sql ] [ SQL ] SELECT * FROM `media` WHERE  `id` = 72 LIMIT 1 [ RunTime:0.000284s ]
[ sql ] [ SQL ] SELECT * FROM `media` WHERE  `id` = 64 LIMIT 1 [ RunTime:0.000380s ]
[ sql ] [ SQL ] SELECT * FROM `media` WHERE  `id` = 58 LIMIT 1 [ RunTime:0.000283s ]
[ sql ] [ SQL ] SELECT * FROM `media` WHERE  `id` = 56 LIMIT 1 [ RunTime:0.000227s ]
[ sql ] [ SQL ] SELECT * FROM `media` WHERE  `id` = 55 LIMIT 1 [ RunTime:0.000221s ]
[ sql ] [ SQL ] SELECT * FROM `media` WHERE  `id` = 54 LIMIT 1 [ RunTime:0.000213s ]
[ sql ] [ SQL ] SELECT * FROM `media` WHERE  `id` = 53 LIMIT 1 [ RunTime:0.000208s ]
[ sql ] [ SQL ] SELECT * FROM `media` WHERE  `id` = 71 LIMIT 1 [ RunTime:0.000206s ]
[ sql ] [ SQL ] SELECT * FROM `event` WHERE  `status` = 1 ORDER BY id desc LIMIT 6 [ RunTime:0.000284s ]
[ sql ] [ SQL ] SELECT * FROM `media` WHERE  `id` = 61 LIMIT 1 [ RunTime:0.000343s ]
---------------------------------------------------------------
[ 2018-03-14T12:25:33+08:00 ] ::1 ::1 GET /shimizu/public/
[ info ] localhost/shimizu/public/ [运行时间：0.141221s][吞吐率：7.08req/s] [内存消耗：3,499.94kb] [文件加载：64]
[ info ] [ LANG ] C:\wamp\www\shimizu\thinkphp\lang\zh-cn.php
[ info ] [ ROUTE ] array (
  'type' => 'module',
  'module' => 
  array (
    0 => '',
    1 => NULL,
    2 => NULL,
  ),
)
[ info ] [ HEADER ] array (
  'host' => 'localhost',
  'connection' => 'keep-alive',
  'cache-control' => 'max-age=0',
  'upgrade-insecure-requests' => '1',
  'user-agent' => 'Mozilla/5.0 (Windows NT 10.0; WOW64) AppleWebKit/537.36 (KHTML, like Gecko) Chrome/55.0.2883.87 UBrowser/6.2.3964.2 Safari/537.36',
  'accept' => 'text/html,application/xhtml+xml,application/xml;q=0.9,image/webp,*/*;q=0.8',
  'accept-encoding' => 'gzip, deflate, br',
  'accept-language' => 'zh-CN,zh;q=0.8',
  'cookie' => 'pgv_pvi=6232212480',
)
[ info ] [ PARAM ] array (
)
[ info ] [ DB ] INIT mysql
[ info ] [ RUN ] app\index\controller\Index->index[ C:\wamp\www\shimizu\application\index\controller\Index.php ]
[ info ] [ VIEW ] C:\wamp\www\shimizu\public/../application/index\view\index\index.html [ array (
  0 => 'nav',
  1 => 'banner',
  2 => 'desert',
  3 => 'newsThree',
  4 => 'eventBig',
  5 => 'events',
) ]
[ info ] [ LOG ] INIT File
[ sql ] [ DB ] CONNECT:[ UseTime:0.002899s ] mysql:host=localhost;dbname=shimizu;charset=utf8
[ sql ] [ SQL ] SHOW COLUMNS FROM `menu` [ RunTime:0.003930s ]
[ sql ] [ SQL ] SELECT * FROM `menu` WHERE  `status` = 1  AND `type` = 2 ORDER BY listorder desc, id desc [ RunTime:0.000370s ]
[ sql ] [ SQL ] SHOW COLUMNS FROM `banner` [ RunTime:0.001209s ]
[ sql ] [ SQL ] SELECT * FROM `banner` WHERE  `status` = 1 ORDER BY listorder desc, id desc LIMIT 5 [ RunTime:0.000277s ]
[ sql ] [ SQL ] SHOW COLUMNS FROM `media` [ RunTime:0.001752s ]
[ sql ] [ SQL ] SELECT * FROM `media` WHERE  `id` = 51 LIMIT 1 [ RunTime:0.000286s ]
[ sql ] [ SQL ] SELECT * FROM `media` WHERE  `id` = 63 LIMIT 1 [ RunTime:0.000249s ]
[ sql ] [ SQL ] SHOW COLUMNS FROM `event` [ RunTime:0.001041s ]
[ sql ] [ SQL ] SELECT * FROM `event` WHERE  `status` = 1 LIMIT 1 [ RunTime:0.000286s ]
[ sql ] [ SQL ] SHOW COLUMNS FROM `news` [ RunTime:0.001272s ]
[ sql ] [ SQL ] SELECT * FROM `news` WHERE  `status` = 1 ORDER BY id desc LIMIT 3 [ RunTime:0.000343s ]
[ sql ] [ SQL ] SELECT * FROM `media` WHERE  `id` = 65 LIMIT 1 [ RunTime:0.000301s ]
[ sql ] [ SQL ] SELECT * FROM `media` WHERE  `id` = 62 LIMIT 1 [ RunTime:0.000319s ]
[ sql ] [ SQL ] SELECT * FROM `media` WHERE  `id` = 60 LIMIT 1 [ RunTime:0.000229s ]
[ sql ] [ SQL ] SHOW COLUMNS FROM `all_deserts` [ RunTime:0.001166s ]
[ sql ] [ SQL ] SELECT * FROM `all_deserts` WHERE  `status` = 1 ORDER BY id desc LIMIT 10 [ RunTime:0.000395s ]
[ sql ] [ SQL ] SELECT * FROM `media` WHERE  `id` = 72 LIMIT 1 [ RunTime:0.000241s ]
[ sql ] [ SQL ] SELECT * FROM `media` WHERE  `id` = 64 LIMIT 1 [ RunTime:0.000261s ]
[ sql ] [ SQL ] SELECT * FROM `media` WHERE  `id` = 58 LIMIT 1 [ RunTime:0.000259s ]
[ sql ] [ SQL ] SELECT * FROM `media` WHERE  `id` = 56 LIMIT 1 [ RunTime:0.000294s ]
[ sql ] [ SQL ] SELECT * FROM `media` WHERE  `id` = 55 LIMIT 1 [ RunTime:0.000229s ]
[ sql ] [ SQL ] SELECT * FROM `media` WHERE  `id` = 54 LIMIT 1 [ RunTime:0.000227s ]
[ sql ] [ SQL ] SELECT * FROM `media` WHERE  `id` = 53 LIMIT 1 [ RunTime:0.000214s ]
[ sql ] [ SQL ] SELECT * FROM `media` WHERE  `id` = 71 LIMIT 1 [ RunTime:0.000226s ]
[ sql ] [ SQL ] SELECT * FROM `event` WHERE  `status` = 1 ORDER BY id desc LIMIT 6 [ RunTime:0.000273s ]
[ sql ] [ SQL ] SELECT * FROM `media` WHERE  `id` = 61 LIMIT 1 [ RunTime:0.000272s ]
---------------------------------------------------------------
[ 2018-03-14T12:25:35+08:00 ] ::1 ::1 GET /shimizu/public/
[ info ] localhost/shimizu/public/ [运行时间：0.121261s][吞吐率：8.25req/s] [内存消耗：3,499.94kb] [文件加载：64]
[ info ] [ LANG ] C:\wamp\www\shimizu\thinkphp\lang\zh-cn.php
[ info ] [ ROUTE ] array (
  'type' => 'module',
  'module' => 
  array (
    0 => '',
    1 => NULL,
    2 => NULL,
  ),
)
[ info ] [ HEADER ] array (
  'host' => 'localhost',
  'connection' => 'keep-alive',
  'cache-control' => 'max-age=0',
  'upgrade-insecure-requests' => '1',
  'user-agent' => 'Mozilla/5.0 (Windows NT 10.0; WOW64) AppleWebKit/537.36 (KHTML, like Gecko) Chrome/55.0.2883.87 UBrowser/6.2.3964.2 Safari/537.36',
  'accept' => 'text/html,application/xhtml+xml,application/xml;q=0.9,image/webp,*/*;q=0.8',
  'accept-encoding' => 'gzip, deflate, br',
  'accept-language' => 'zh-CN,zh;q=0.8',
  'cookie' => 'pgv_pvi=6232212480',
)
[ info ] [ PARAM ] array (
)
[ info ] [ DB ] INIT mysql
[ info ] [ RUN ] app\index\controller\Index->index[ C:\wamp\www\shimizu\application\index\controller\Index.php ]
[ info ] [ VIEW ] C:\wamp\www\shimizu\public/../application/index\view\index\index.html [ array (
  0 => 'nav',
  1 => 'banner',
  2 => 'desert',
  3 => 'newsThree',
  4 => 'eventBig',
  5 => 'events',
) ]
[ info ] [ LOG ] INIT File
[ sql ] [ DB ] CONNECT:[ UseTime:0.004120s ] mysql:host=localhost;dbname=shimizu;charset=utf8
[ sql ] [ SQL ] SHOW COLUMNS FROM `menu` [ RunTime:0.001625s ]
[ sql ] [ SQL ] SELECT * FROM `menu` WHERE  `status` = 1  AND `type` = 2 ORDER BY listorder desc, id desc [ RunTime:0.000357s ]
[ sql ] [ SQL ] SHOW COLUMNS FROM `banner` [ RunTime:0.000970s ]
[ sql ] [ SQL ] SELECT * FROM `banner` WHERE  `status` = 1 ORDER BY listorder desc, id desc LIMIT 5 [ RunTime:0.000269s ]
[ sql ] [ SQL ] SHOW COLUMNS FROM `media` [ RunTime:0.000935s ]
[ sql ] [ SQL ] SELECT * FROM `media` WHERE  `id` = 51 LIMIT 1 [ RunTime:0.000277s ]
[ sql ] [ SQL ] SELECT * FROM `media` WHERE  `id` = 63 LIMIT 1 [ RunTime:0.000434s ]
[ sql ] [ SQL ] SHOW COLUMNS FROM `event` [ RunTime:0.001252s ]
[ sql ] [ SQL ] SELECT * FROM `event` WHERE  `status` = 1 LIMIT 1 [ RunTime:0.000356s ]
[ sql ] [ SQL ] SHOW COLUMNS FROM `news` [ RunTime:0.001066s ]
[ sql ] [ SQL ] SELECT * FROM `news` WHERE  `status` = 1 ORDER BY id desc LIMIT 3 [ RunTime:0.000327s ]
[ sql ] [ SQL ] SELECT * FROM `media` WHERE  `id` = 65 LIMIT 1 [ RunTime:0.000287s ]
[ sql ] [ SQL ] SELECT * FROM `media` WHERE  `id` = 62 LIMIT 1 [ RunTime:0.000376s ]
[ sql ] [ SQL ] SELECT * FROM `media` WHERE  `id` = 60 LIMIT 1 [ RunTime:0.000383s ]
[ sql ] [ SQL ] SHOW COLUMNS FROM `all_deserts` [ RunTime:0.001182s ]
[ sql ] [ SQL ] SELECT * FROM `all_deserts` WHERE  `status` = 1 ORDER BY id desc LIMIT 10 [ RunTime:0.000346s ]
[ sql ] [ SQL ] SELECT * FROM `media` WHERE  `id` = 72 LIMIT 1 [ RunTime:0.000348s ]
[ sql ] [ SQL ] SELECT * FROM `media` WHERE  `id` = 64 LIMIT 1 [ RunTime:0.000402s ]
[ sql ] [ SQL ] SELECT * FROM `media` WHERE  `id` = 58 LIMIT 1 [ RunTime:0.000245s ]
[ sql ] [ SQL ] SELECT * FROM `media` WHERE  `id` = 56 LIMIT 1 [ RunTime:0.000221s ]
[ sql ] [ SQL ] SELECT * FROM `media` WHERE  `id` = 55 LIMIT 1 [ RunTime:0.000208s ]
[ sql ] [ SQL ] SELECT * FROM `media` WHERE  `id` = 54 LIMIT 1 [ RunTime:0.000207s ]
[ sql ] [ SQL ] SELECT * FROM `media` WHERE  `id` = 53 LIMIT 1 [ RunTime:0.000205s ]
[ sql ] [ SQL ] SELECT * FROM `media` WHERE  `id` = 71 LIMIT 1 [ RunTime:0.000207s ]
[ sql ] [ SQL ] SELECT * FROM `event` WHERE  `status` = 1 ORDER BY id desc LIMIT 6 [ RunTime:0.000304s ]
[ sql ] [ SQL ] SELECT * FROM `media` WHERE  `id` = 61 LIMIT 1 [ RunTime:0.000385s ]
---------------------------------------------------------------
[ 2018-03-14T12:25:38+08:00 ] ::1 ::1 GET /shimizu/public/static/index/css/bootstrap.min.css.map
[ info ] localhost/shimizu/public/static/index/css/bootstrap.min.css.map [运行时间：0.066318s][吞吐率：15.08req/s] [内存消耗：1,640.62kb] [文件加载：42]
[ info ] [ LANG ] C:\wamp\www\shimizu\thinkphp\lang\zh-cn.php
[ info ] [ ROUTE ] array (
  'type' => 'module',
  'module' => 
  array (
    0 => 'static',
    1 => 'index',
    2 => 'css',
  ),
)
[ info ] [ HEADER ] array (
  'host' => 'localhost',
  'connection' => 'keep-alive',
  'user-agent' => '',
  'accept-encoding' => 'gzip, deflate, br',
  'accept-language' => 'zh-CN,zh;q=0.8',
  'cookie' => 'pgv_pvi=6232212480',
)
[ info ] [ PARAM ] array (
)
[ info ] [ LOG ] INIT File
---------------------------------------------------------------
[ 2018-03-14T12:27:43+08:00 ] ::1 ::1 GET /shimizu/public/
[ info ] localhost/shimizu/public/ [运行时间：0.122640s][吞吐率：8.15req/s] [内存消耗：3,499.93kb] [文件加载：64]
[ info ] [ LANG ] C:\wamp\www\shimizu\thinkphp\lang\zh-cn.php
[ info ] [ ROUTE ] array (
  'type' => 'module',
  'module' => 
  array (
    0 => '',
    1 => NULL,
    2 => NULL,
  ),
)
[ info ] [ HEADER ] array (
  'host' => 'localhost',
  'connection' => 'keep-alive',
  'cache-control' => 'max-age=0',
  'upgrade-insecure-requests' => '1',
  'user-agent' => 'Mozilla/5.0 (Windows NT 10.0; WOW64) AppleWebKit/537.36 (KHTML, like Gecko) Chrome/55.0.2883.87 UBrowser/6.2.3964.2 Safari/537.36',
  'accept' => 'text/html,application/xhtml+xml,application/xml;q=0.9,image/webp,*/*;q=0.8',
  'accept-encoding' => 'gzip, deflate, br',
  'accept-language' => 'zh-CN,zh;q=0.8',
  'cookie' => 'pgv_pvi=6232212480',
)
[ info ] [ PARAM ] array (
)
[ info ] [ DB ] INIT mysql
[ info ] [ RUN ] app\index\controller\Index->index[ C:\wamp\www\shimizu\application\index\controller\Index.php ]
[ info ] [ VIEW ] C:\wamp\www\shimizu\public/../application/index\view\index\index.html [ array (
  0 => 'nav',
  1 => 'banner',
  2 => 'desert',
  3 => 'newsThree',
  4 => 'eventBig',
  5 => 'events',
) ]
[ info ] [ LOG ] INIT File
[ sql ] [ DB ] CONNECT:[ UseTime:0.002741s ] mysql:host=localhost;dbname=shimizu;charset=utf8
[ sql ] [ SQL ] SHOW COLUMNS FROM `menu` [ RunTime:0.002349s ]
[ sql ] [ SQL ] SELECT * FROM `menu` WHERE  `status` = 1  AND `type` = 2 ORDER BY listorder desc, id desc [ RunTime:0.000364s ]
[ sql ] [ SQL ] SHOW COLUMNS FROM `banner` [ RunTime:0.001013s ]
[ sql ] [ SQL ] SELECT * FROM `banner` WHERE  `status` = 1 ORDER BY listorder desc, id desc LIMIT 5 [ RunTime:0.000350s ]
[ sql ] [ SQL ] SHOW COLUMNS FROM `media` [ RunTime:0.001137s ]
[ sql ] [ SQL ] SELECT * FROM `media` WHERE  `id` = 51 LIMIT 1 [ RunTime:0.000245s ]
[ sql ] [ SQL ] SELECT * FROM `media` WHERE  `id` = 63 LIMIT 1 [ RunTime:0.000194s ]
[ sql ] [ SQL ] SHOW COLUMNS FROM `event` [ RunTime:0.000962s ]
[ sql ] [ SQL ] SELECT * FROM `event` WHERE  `status` = 1 LIMIT 1 [ RunTime:0.000255s ]
[ sql ] [ SQL ] SHOW COLUMNS FROM `news` [ RunTime:0.001224s ]
[ sql ] [ SQL ] SELECT * FROM `news` WHERE  `status` = 1 ORDER BY id desc LIMIT 3 [ RunTime:0.000311s ]
[ sql ] [ SQL ] SELECT * FROM `media` WHERE  `id` = 65 LIMIT 1 [ RunTime:0.000211s ]
[ sql ] [ SQL ] SELECT * FROM `media` WHERE  `id` = 62 LIMIT 1 [ RunTime:0.000184s ]
[ sql ] [ SQL ] SELECT * FROM `media` WHERE  `id` = 60 LIMIT 1 [ RunTime:0.000195s ]
[ sql ] [ SQL ] SHOW COLUMNS FROM `all_deserts` [ RunTime:0.001191s ]
[ sql ] [ SQL ] SELECT * FROM `all_deserts` WHERE  `status` = 1 ORDER BY id desc LIMIT 10 [ RunTime:0.000344s ]
[ sql ] [ SQL ] SELECT * FROM `media` WHERE  `id` = 72 LIMIT 1 [ RunTime:0.000220s ]
[ sql ] [ SQL ] SELECT * FROM `media` WHERE  `id` = 64 LIMIT 1 [ RunTime:0.000174s ]
[ sql ] [ SQL ] SELECT * FROM `media` WHERE  `id` = 58 LIMIT 1 [ RunTime:0.000167s ]
[ sql ] [ SQL ] SELECT * FROM `media` WHERE  `id` = 56 LIMIT 1 [ RunTime:0.000186s ]
[ sql ] [ SQL ] SELECT * FROM `media` WHERE  `id` = 55 LIMIT 1 [ RunTime:0.000173s ]
[ sql ] [ SQL ] SELECT * FROM `media` WHERE  `id` = 54 LIMIT 1 [ RunTime:0.000165s ]
[ sql ] [ SQL ] SELECT * FROM `media` WHERE  `id` = 53 LIMIT 1 [ RunTime:0.000161s ]
[ sql ] [ SQL ] SELECT * FROM `media` WHERE  `id` = 71 LIMIT 1 [ RunTime:0.000162s ]
[ sql ] [ SQL ] SELECT * FROM `event` WHERE  `status` = 1 ORDER BY id desc LIMIT 6 [ RunTime:0.000238s ]
[ sql ] [ SQL ] SELECT * FROM `media` WHERE  `id` = 61 LIMIT 1 [ RunTime:0.000268s ]
---------------------------------------------------------------
[ 2018-03-14T12:27:44+08:00 ] ::1 ::1 GET /shimizu/public/
[ info ] localhost/shimizu/public/ [运行时间：0.135818s][吞吐率：7.36req/s] [内存消耗：3,499.93kb] [文件加载：64]
[ info ] [ LANG ] C:\wamp\www\shimizu\thinkphp\lang\zh-cn.php
[ info ] [ ROUTE ] array (
  'type' => 'module',
  'module' => 
  array (
    0 => '',
    1 => NULL,
    2 => NULL,
  ),
)
[ info ] [ HEADER ] array (
  'host' => 'localhost',
  'connection' => 'keep-alive',
  'cache-control' => 'max-age=0',
  'upgrade-insecure-requests' => '1',
  'user-agent' => 'Mozilla/5.0 (Windows NT 10.0; WOW64) AppleWebKit/537.36 (KHTML, like Gecko) Chrome/55.0.2883.87 UBrowser/6.2.3964.2 Safari/537.36',
  'accept' => 'text/html,application/xhtml+xml,application/xml;q=0.9,image/webp,*/*;q=0.8',
  'accept-encoding' => 'gzip, deflate, br',
  'accept-language' => 'zh-CN,zh;q=0.8',
  'cookie' => 'pgv_pvi=6232212480',
)
[ info ] [ PARAM ] array (
)
[ info ] [ DB ] INIT mysql
[ info ] [ RUN ] app\index\controller\Index->index[ C:\wamp\www\shimizu\application\index\controller\Index.php ]
[ info ] [ VIEW ] C:\wamp\www\shimizu\public/../application/index\view\index\index.html [ array (
  0 => 'nav',
  1 => 'banner',
  2 => 'desert',
  3 => 'newsThree',
  4 => 'eventBig',
  5 => 'events',
) ]
[ info ] [ LOG ] INIT File
[ sql ] [ DB ] CONNECT:[ UseTime:0.002583s ] mysql:host=localhost;dbname=shimizu;charset=utf8
[ sql ] [ SQL ] SHOW COLUMNS FROM `menu` [ RunTime:0.001173s ]
[ sql ] [ SQL ] SELECT * FROM `menu` WHERE  `status` = 1  AND `type` = 2 ORDER BY listorder desc, id desc [ RunTime:0.000385s ]
[ sql ] [ SQL ] SHOW COLUMNS FROM `banner` [ RunTime:0.001016s ]
[ sql ] [ SQL ] SELECT * FROM `banner` WHERE  `status` = 1 ORDER BY listorder desc, id desc LIMIT 5 [ RunTime:0.000304s ]
[ sql ] [ SQL ] SHOW COLUMNS FROM `media` [ RunTime:0.001045s ]
[ sql ] [ SQL ] SELECT * FROM `media` WHERE  `id` = 51 LIMIT 1 [ RunTime:0.000282s ]
[ sql ] [ SQL ] SELECT * FROM `media` WHERE  `id` = 63 LIMIT 1 [ RunTime:0.000228s ]
[ sql ] [ SQL ] SHOW COLUMNS FROM `event` [ RunTime:0.001081s ]
[ sql ] [ SQL ] SELECT * FROM `event` WHERE  `status` = 1 LIMIT 1 [ RunTime:0.000315s ]
[ sql ] [ SQL ] SHOW COLUMNS FROM `news` [ RunTime:0.001672s ]
[ sql ] [ SQL ] SELECT * FROM `news` WHERE  `status` = 1 ORDER BY id desc LIMIT 3 [ RunTime:0.000400s ]
[ sql ] [ SQL ] SELECT * FROM `media` WHERE  `id` = 65 LIMIT 1 [ RunTime:0.000246s ]
[ sql ] [ SQL ] SELECT * FROM `media` WHERE  `id` = 62 LIMIT 1 [ RunTime:0.000228s ]
[ sql ] [ SQL ] SELECT * FROM `media` WHERE  `id` = 60 LIMIT 1 [ RunTime:0.000217s ]
[ sql ] [ SQL ] SHOW COLUMNS FROM `all_deserts` [ RunTime:0.001181s ]
[ sql ] [ SQL ] SELECT * FROM `all_deserts` WHERE  `status` = 1 ORDER BY id desc LIMIT 10 [ RunTime:0.000358s ]
[ sql ] [ SQL ] SELECT * FROM `media` WHERE  `id` = 72 LIMIT 1 [ RunTime:0.000258s ]
[ sql ] [ SQL ] SELECT * FROM `media` WHERE  `id` = 64 LIMIT 1 [ RunTime:0.000249s ]
[ sql ] [ SQL ] SELECT * FROM `media` WHERE  `id` = 58 LIMIT 1 [ RunTime:0.000217s ]
[ sql ] [ SQL ] SELECT * FROM `media` WHERE  `id` = 56 LIMIT 1 [ RunTime:0.000202s ]
[ sql ] [ SQL ] SELECT * FROM `media` WHERE  `id` = 55 LIMIT 1 [ RunTime:0.000261s ]
[ sql ] [ SQL ] SELECT * FROM `media` WHERE  `id` = 54 LIMIT 1 [ RunTime:0.000352s ]
[ sql ] [ SQL ] SELECT * FROM `media` WHERE  `id` = 53 LIMIT 1 [ RunTime:0.000223s ]
[ sql ] [ SQL ] SELECT * FROM `media` WHERE  `id` = 71 LIMIT 1 [ RunTime:0.000243s ]
[ sql ] [ SQL ] SELECT * FROM `event` WHERE  `status` = 1 ORDER BY id desc LIMIT 6 [ RunTime:0.000335s ]
[ sql ] [ SQL ] SELECT * FROM `media` WHERE  `id` = 61 LIMIT 1 [ RunTime:0.000291s ]
---------------------------------------------------------------
[ 2018-03-14T12:27:45+08:00 ] ::1 ::1 GET /shimizu/public/
[ info ] localhost/shimizu/public/ [运行时间：0.127601s][吞吐率：7.84req/s] [内存消耗：3,499.93kb] [文件加载：64]
[ info ] [ LANG ] C:\wamp\www\shimizu\thinkphp\lang\zh-cn.php
[ info ] [ ROUTE ] array (
  'type' => 'module',
  'module' => 
  array (
    0 => '',
    1 => NULL,
    2 => NULL,
  ),
)
[ info ] [ HEADER ] array (
  'host' => 'localhost',
  'connection' => 'keep-alive',
  'cache-control' => 'max-age=0',
  'upgrade-insecure-requests' => '1',
  'user-agent' => 'Mozilla/5.0 (Windows NT 10.0; WOW64) AppleWebKit/537.36 (KHTML, like Gecko) Chrome/55.0.2883.87 UBrowser/6.2.3964.2 Safari/537.36',
  'accept' => 'text/html,application/xhtml+xml,application/xml;q=0.9,image/webp,*/*;q=0.8',
  'accept-encoding' => 'gzip, deflate, br',
  'accept-language' => 'zh-CN,zh;q=0.8',
  'cookie' => 'pgv_pvi=6232212480',
)
[ info ] [ PARAM ] array (
)
[ info ] [ DB ] INIT mysql
[ info ] [ RUN ] app\index\controller\Index->index[ C:\wamp\www\shimizu\application\index\controller\Index.php ]
[ info ] [ VIEW ] C:\wamp\www\shimizu\public/../application/index\view\index\index.html [ array (
  0 => 'nav',
  1 => 'banner',
  2 => 'desert',
  3 => 'newsThree',
  4 => 'eventBig',
  5 => 'events',
) ]
[ info ] [ LOG ] INIT File
[ sql ] [ DB ] CONNECT:[ UseTime:0.002782s ] mysql:host=localhost;dbname=shimizu;charset=utf8
[ sql ] [ SQL ] SHOW COLUMNS FROM `menu` [ RunTime:0.002858s ]
[ sql ] [ SQL ] SELECT * FROM `menu` WHERE  `status` = 1  AND `type` = 2 ORDER BY listorder desc, id desc [ RunTime:0.000383s ]
[ sql ] [ SQL ] SHOW COLUMNS FROM `banner` [ RunTime:0.001986s ]
[ sql ] [ SQL ] SELECT * FROM `banner` WHERE  `status` = 1 ORDER BY listorder desc, id desc LIMIT 5 [ RunTime:0.000341s ]
[ sql ] [ SQL ] SHOW COLUMNS FROM `media` [ RunTime:0.001789s ]
[ sql ] [ SQL ] SELECT * FROM `media` WHERE  `id` = 51 LIMIT 1 [ RunTime:0.000281s ]
[ sql ] [ SQL ] SELECT * FROM `media` WHERE  `id` = 63 LIMIT 1 [ RunTime:0.000303s ]
[ sql ] [ SQL ] SHOW COLUMNS FROM `event` [ RunTime:0.002180s ]
[ sql ] [ SQL ] SELECT * FROM `event` WHERE  `status` = 1 LIMIT 1 [ RunTime:0.000343s ]
[ sql ] [ SQL ] SHOW COLUMNS FROM `news` [ RunTime:0.001142s ]
[ sql ] [ SQL ] SELECT * FROM `news` WHERE  `status` = 1 ORDER BY id desc LIMIT 3 [ RunTime:0.000349s ]
[ sql ] [ SQL ] SELECT * FROM `media` WHERE  `id` = 65 LIMIT 1 [ RunTime:0.000232s ]
[ sql ] [ SQL ] SELECT * FROM `media` WHERE  `id` = 62 LIMIT 1 [ RunTime:0.000225s ]
[ sql ] [ SQL ] SELECT * FROM `media` WHERE  `id` = 60 LIMIT 1 [ RunTime:0.000246s ]
[ sql ] [ SQL ] SHOW COLUMNS FROM `all_deserts` [ RunTime:0.001620s ]
[ sql ] [ SQL ] SELECT * FROM `all_deserts` WHERE  `status` = 1 ORDER BY id desc LIMIT 10 [ RunTime:0.000347s ]
[ sql ] [ SQL ] SELECT * FROM `media` WHERE  `id` = 72 LIMIT 1 [ RunTime:0.000222s ]
[ sql ] [ SQL ] SELECT * FROM `media` WHERE  `id` = 64 LIMIT 1 [ RunTime:0.000202s ]
[ sql ] [ SQL ] SELECT * FROM `media` WHERE  `id` = 58 LIMIT 1 [ RunTime:0.000335s ]
[ sql ] [ SQL ] SELECT * FROM `media` WHERE  `id` = 56 LIMIT 1 [ RunTime:0.000214s ]
[ sql ] [ SQL ] SELECT * FROM `media` WHERE  `id` = 55 LIMIT 1 [ RunTime:0.000338s ]
[ sql ] [ SQL ] SELECT * FROM `media` WHERE  `id` = 54 LIMIT 1 [ RunTime:0.000253s ]
[ sql ] [ SQL ] SELECT * FROM `media` WHERE  `id` = 53 LIMIT 1 [ RunTime:0.000275s ]
[ sql ] [ SQL ] SELECT * FROM `media` WHERE  `id` = 71 LIMIT 1 [ RunTime:0.000272s ]
[ sql ] [ SQL ] SELECT * FROM `event` WHERE  `status` = 1 ORDER BY id desc LIMIT 6 [ RunTime:0.000308s ]
[ sql ] [ SQL ] SELECT * FROM `media` WHERE  `id` = 61 LIMIT 1 [ RunTime:0.000261s ]
---------------------------------------------------------------
[ 2018-03-14T12:27:57+08:00 ] ::1 ::1 GET /shimizu/public/
[ info ] localhost/shimizu/public/ [运行时间：0.124362s][吞吐率：8.04req/s] [内存消耗：3,499.95kb] [文件加载：64]
[ info ] [ LANG ] C:\wamp\www\shimizu\thinkphp\lang\zh-cn.php
[ info ] [ ROUTE ] array (
  'type' => 'module',
  'module' => 
  array (
    0 => '',
    1 => NULL,
    2 => NULL,
  ),
)
[ info ] [ HEADER ] array (
  'host' => 'localhost',
  'connection' => 'keep-alive',
  'cache-control' => 'max-age=0',
  'upgrade-insecure-requests' => '1',
  'user-agent' => 'Mozilla/5.0 (Windows NT 10.0; WOW64) AppleWebKit/537.36 (KHTML, like Gecko) Chrome/55.0.2883.87 UBrowser/6.2.3964.2 Safari/537.36',
  'accept' => 'text/html,application/xhtml+xml,application/xml;q=0.9,image/webp,*/*;q=0.8',
  'accept-encoding' => 'gzip, deflate, br',
  'accept-language' => 'zh-CN,zh;q=0.8',
  'cookie' => 'pgv_pvi=6232212480',
)
[ info ] [ PARAM ] array (
)
[ info ] [ DB ] INIT mysql
[ info ] [ RUN ] app\index\controller\Index->index[ C:\wamp\www\shimizu\application\index\controller\Index.php ]
[ info ] [ VIEW ] C:\wamp\www\shimizu\public/../application/index\view\index\index.html [ array (
  0 => 'nav',
  1 => 'banner',
  2 => 'desert',
  3 => 'newsThree',
  4 => 'eventBig',
  5 => 'events',
) ]
[ info ] [ LOG ] INIT File
[ sql ] [ DB ] CONNECT:[ UseTime:0.002888s ] mysql:host=localhost;dbname=shimizu;charset=utf8
[ sql ] [ SQL ] SHOW COLUMNS FROM `menu` [ RunTime:0.001224s ]
[ sql ] [ SQL ] SELECT * FROM `menu` WHERE  `status` = 1  AND `type` = 2 ORDER BY listorder desc, id desc [ RunTime:0.000321s ]
[ sql ] [ SQL ] SHOW COLUMNS FROM `banner` [ RunTime:0.001284s ]
[ sql ] [ SQL ] SELECT * FROM `banner` WHERE  `status` = 1 ORDER BY listorder desc, id desc LIMIT 5 [ RunTime:0.000324s ]
[ sql ] [ SQL ] SHOW COLUMNS FROM `media` [ RunTime:0.001243s ]
[ sql ] [ SQL ] SELECT * FROM `media` WHERE  `id` = 51 LIMIT 1 [ RunTime:0.000288s ]
[ sql ] [ SQL ] SELECT * FROM `media` WHERE  `id` = 63 LIMIT 1 [ RunTime:0.000199s ]
[ sql ] [ SQL ] SHOW COLUMNS FROM `event` [ RunTime:0.001011s ]
[ sql ] [ SQL ] SELECT * FROM `event` WHERE  `status` = 1 LIMIT 1 [ RunTime:0.000244s ]
[ sql ] [ SQL ] SHOW COLUMNS FROM `news` [ RunTime:0.000994s ]
[ sql ] [ SQL ] SELECT * FROM `news` WHERE  `status` = 1 ORDER BY id desc LIMIT 3 [ RunTime:0.001201s ]
[ sql ] [ SQL ] SELECT * FROM `media` WHERE  `id` = 65 LIMIT 1 [ RunTime:0.000326s ]
[ sql ] [ SQL ] SELECT * FROM `media` WHERE  `id` = 62 LIMIT 1 [ RunTime:0.000308s ]
[ sql ] [ SQL ] SELECT * FROM `media` WHERE  `id` = 60 LIMIT 1 [ RunTime:0.000289s ]
[ sql ] [ SQL ] SHOW COLUMNS FROM `all_deserts` [ RunTime:0.001179s ]
[ sql ] [ SQL ] SELECT * FROM `all_deserts` WHERE  `status` = 1 ORDER BY id desc LIMIT 10 [ RunTime:0.000334s ]
[ sql ] [ SQL ] SELECT * FROM `media` WHERE  `id` = 72 LIMIT 1 [ RunTime:0.000200s ]
[ sql ] [ SQL ] SELECT * FROM `media` WHERE  `id` = 64 LIMIT 1 [ RunTime:0.000205s ]
[ sql ] [ SQL ] SELECT * FROM `media` WHERE  `id` = 58 LIMIT 1 [ RunTime:0.000200s ]
[ sql ] [ SQL ] SELECT * FROM `media` WHERE  `id` = 56 LIMIT 1 [ RunTime:0.000387s ]
[ sql ] [ SQL ] SELECT * FROM `media` WHERE  `id` = 55 LIMIT 1 [ RunTime:0.000201s ]
[ sql ] [ SQL ] SELECT * FROM `media` WHERE  `id` = 54 LIMIT 1 [ RunTime:0.000182s ]
[ sql ] [ SQL ] SELECT * FROM `media` WHERE  `id` = 53 LIMIT 1 [ RunTime:0.000200s ]
[ sql ] [ SQL ] SELECT * FROM `media` WHERE  `id` = 71 LIMIT 1 [ RunTime:0.000310s ]
[ sql ] [ SQL ] SELECT * FROM `event` WHERE  `status` = 1 ORDER BY id desc LIMIT 6 [ RunTime:0.000991s ]
[ sql ] [ SQL ] SELECT * FROM `media` WHERE  `id` = 61 LIMIT 1 [ RunTime:0.000287s ]
---------------------------------------------------------------
[ 2018-03-14T12:28:01+08:00 ] ::1 ::1 GET /shimizu/public/
[ info ] localhost/shimizu/public/ [运行时间：0.121024s][吞吐率：8.26req/s] [内存消耗：3,499.93kb] [文件加载：64]
[ info ] [ LANG ] C:\wamp\www\shimizu\thinkphp\lang\zh-cn.php
[ info ] [ ROUTE ] array (
  'type' => 'module',
  'module' => 
  array (
    0 => '',
    1 => NULL,
    2 => NULL,
  ),
)
[ info ] [ HEADER ] array (
  'host' => 'localhost',
  'connection' => 'keep-alive',
  'cache-control' => 'max-age=0',
  'upgrade-insecure-requests' => '1',
  'user-agent' => 'Mozilla/5.0 (Windows NT 10.0; WOW64) AppleWebKit/537.36 (KHTML, like Gecko) Chrome/55.0.2883.87 UBrowser/6.2.3964.2 Safari/537.36',
  'accept' => 'text/html,application/xhtml+xml,application/xml;q=0.9,image/webp,*/*;q=0.8',
  'accept-encoding' => 'gzip, deflate, br',
  'accept-language' => 'zh-CN,zh;q=0.8',
  'cookie' => 'pgv_pvi=6232212480',
)
[ info ] [ PARAM ] array (
)
[ info ] [ DB ] INIT mysql
[ info ] [ RUN ] app\index\controller\Index->index[ C:\wamp\www\shimizu\application\index\controller\Index.php ]
[ info ] [ VIEW ] C:\wamp\www\shimizu\public/../application/index\view\index\index.html [ array (
  0 => 'nav',
  1 => 'banner',
  2 => 'desert',
  3 => 'newsThree',
  4 => 'eventBig',
  5 => 'events',
) ]
[ info ] [ LOG ] INIT File
[ sql ] [ DB ] CONNECT:[ UseTime:0.003167s ] mysql:host=localhost;dbname=shimizu;charset=utf8
[ sql ] [ SQL ] SHOW COLUMNS FROM `menu` [ RunTime:0.001267s ]
[ sql ] [ SQL ] SELECT * FROM `menu` WHERE  `status` = 1  AND `type` = 2 ORDER BY listorder desc, id desc [ RunTime:0.000365s ]
[ sql ] [ SQL ] SHOW COLUMNS FROM `banner` [ RunTime:0.001371s ]
[ sql ] [ SQL ] SELECT * FROM `banner` WHERE  `status` = 1 ORDER BY listorder desc, id desc LIMIT 5 [ RunTime:0.000298s ]
[ sql ] [ SQL ] SHOW COLUMNS FROM `media` [ RunTime:0.001231s ]
[ sql ] [ SQL ] SELECT * FROM `media` WHERE  `id` = 51 LIMIT 1 [ RunTime:0.000397s ]
[ sql ] [ SQL ] SELECT * FROM `media` WHERE  `id` = 63 LIMIT 1 [ RunTime:0.000309s ]
[ sql ] [ SQL ] SHOW COLUMNS FROM `event` [ RunTime:0.001527s ]
[ sql ] [ SQL ] SELECT * FROM `event` WHERE  `status` = 1 LIMIT 1 [ RunTime:0.000386s ]
[ sql ] [ SQL ] SHOW COLUMNS FROM `news` [ RunTime:0.001425s ]
[ sql ] [ SQL ] SELECT * FROM `news` WHERE  `status` = 1 ORDER BY id desc LIMIT 3 [ RunTime:0.000454s ]
[ sql ] [ SQL ] SELECT * FROM `media` WHERE  `id` = 65 LIMIT 1 [ RunTime:0.000294s ]
[ sql ] [ SQL ] SELECT * FROM `media` WHERE  `id` = 62 LIMIT 1 [ RunTime:0.000352s ]
[ sql ] [ SQL ] SELECT * FROM `media` WHERE  `id` = 60 LIMIT 1 [ RunTime:0.000364s ]
[ sql ] [ SQL ] SHOW COLUMNS FROM `all_deserts` [ RunTime:0.001435s ]
[ sql ] [ SQL ] SELECT * FROM `all_deserts` WHERE  `status` = 1 ORDER BY id desc LIMIT 10 [ RunTime:0.000355s ]
[ sql ] [ SQL ] SELECT * FROM `media` WHERE  `id` = 72 LIMIT 1 [ RunTime:0.000277s ]
[ sql ] [ SQL ] SELECT * FROM `media` WHERE  `id` = 64 LIMIT 1 [ RunTime:0.000205s ]
[ sql ] [ SQL ] SELECT * FROM `media` WHERE  `id` = 58 LIMIT 1 [ RunTime:0.000211s ]
[ sql ] [ SQL ] SELECT * FROM `media` WHERE  `id` = 56 LIMIT 1 [ RunTime:0.000181s ]
[ sql ] [ SQL ] SELECT * FROM `media` WHERE  `id` = 55 LIMIT 1 [ RunTime:0.000199s ]
[ sql ] [ SQL ] SELECT * FROM `media` WHERE  `id` = 54 LIMIT 1 [ RunTime:0.000178s ]
[ sql ] [ SQL ] SELECT * FROM `media` WHERE  `id` = 53 LIMIT 1 [ RunTime:0.000167s ]
[ sql ] [ SQL ] SELECT * FROM `media` WHERE  `id` = 71 LIMIT 1 [ RunTime:0.000699s ]
[ sql ] [ SQL ] SELECT * FROM `event` WHERE  `status` = 1 ORDER BY id desc LIMIT 6 [ RunTime:0.000378s ]
[ sql ] [ SQL ] SELECT * FROM `media` WHERE  `id` = 61 LIMIT 1 [ RunTime:0.000313s ]
---------------------------------------------------------------
[ 2018-03-14T12:29:16+08:00 ] ::1 ::1 GET /shimizu/public/
[ info ] localhost/shimizu/public/ [运行时间：0.119033s][吞吐率：8.40req/s] [内存消耗：3,500.68kb] [文件加载：64]
[ info ] [ LANG ] C:\wamp\www\shimizu\thinkphp\lang\zh-cn.php
[ info ] [ ROUTE ] array (
  'type' => 'module',
  'module' => 
  array (
    0 => '',
    1 => NULL,
    2 => NULL,
  ),
)
[ info ] [ HEADER ] array (
  'host' => 'localhost',
  'connection' => 'keep-alive',
  'cache-control' => 'max-age=0',
  'upgrade-insecure-requests' => '1',
  'user-agent' => 'Mozilla/5.0 (Windows NT 10.0; WOW64) AppleWebKit/537.36 (KHTML, like Gecko) Chrome/55.0.2883.87 UBrowser/6.2.3964.2 Safari/537.36',
  'accept' => 'text/html,application/xhtml+xml,application/xml;q=0.9,image/webp,*/*;q=0.8',
  'accept-encoding' => 'gzip, deflate, br',
  'accept-language' => 'zh-CN,zh;q=0.8',
  'cookie' => 'pgv_pvi=6232212480',
)
[ info ] [ PARAM ] array (
)
[ info ] [ DB ] INIT mysql
[ info ] [ RUN ] app\index\controller\Index->index[ C:\wamp\www\shimizu\application\index\controller\Index.php ]
[ info ] [ VIEW ] C:\wamp\www\shimizu\public/../application/index\view\index\index.html [ array (
  0 => 'nav',
  1 => 'banner',
  2 => 'desert',
  3 => 'newsThree',
  4 => 'eventBig',
  5 => 'events',
) ]
[ info ] [ LOG ] INIT File
[ sql ] [ DB ] CONNECT:[ UseTime:0.002780s ] mysql:host=localhost;dbname=shimizu;charset=utf8
[ sql ] [ SQL ] SHOW COLUMNS FROM `menu` [ RunTime:0.001256s ]
[ sql ] [ SQL ] SELECT * FROM `menu` WHERE  `status` = 1  AND `type` = 2 ORDER BY listorder desc, id desc [ RunTime:0.000342s ]
[ sql ] [ SQL ] SHOW COLUMNS FROM `banner` [ RunTime:0.001083s ]
[ sql ] [ SQL ] SELECT * FROM `banner` WHERE  `status` = 1 ORDER BY listorder desc, id desc LIMIT 5 [ RunTime:0.000260s ]
[ sql ] [ SQL ] SHOW COLUMNS FROM `media` [ RunTime:0.001008s ]
[ sql ] [ SQL ] SELECT * FROM `media` WHERE  `id` = 51 LIMIT 1 [ RunTime:0.000245s ]
[ sql ] [ SQL ] SELECT * FROM `media` WHERE  `id` = 63 LIMIT 1 [ RunTime:0.000216s ]
[ sql ] [ SQL ] SHOW COLUMNS FROM `event` [ RunTime:0.001025s ]
[ sql ] [ SQL ] SELECT * FROM `event` WHERE  `status` = 1 LIMIT 1 [ RunTime:0.000239s ]
[ sql ] [ SQL ] SHOW COLUMNS FROM `news` [ RunTime:0.000895s ]
[ sql ] [ SQL ] SELECT * FROM `news` WHERE  `status` = 1 ORDER BY id desc LIMIT 3 [ RunTime:0.000252s ]
[ sql ] [ SQL ] SELECT * FROM `media` WHERE  `id` = 65 LIMIT 1 [ RunTime:0.000182s ]
[ sql ] [ SQL ] SELECT * FROM `media` WHERE  `id` = 62 LIMIT 1 [ RunTime:0.000166s ]
[ sql ] [ SQL ] SELECT * FROM `media` WHERE  `id` = 60 LIMIT 1 [ RunTime:0.000162s ]
[ sql ] [ SQL ] SHOW COLUMNS FROM `all_deserts` [ RunTime:0.001232s ]
[ sql ] [ SQL ] SELECT * FROM `all_deserts` WHERE  `status` = 1 ORDER BY id desc LIMIT 10 [ RunTime:0.000347s ]
[ sql ] [ SQL ] SELECT * FROM `media` WHERE  `id` = 72 LIMIT 1 [ RunTime:0.000196s ]
[ sql ] [ SQL ] SELECT * FROM `media` WHERE  `id` = 64 LIMIT 1 [ RunTime:0.000166s ]
[ sql ] [ SQL ] SELECT * FROM `media` WHERE  `id` = 58 LIMIT 1 [ RunTime:0.000159s ]
[ sql ] [ SQL ] SELECT * FROM `media` WHERE  `id` = 56 LIMIT 1 [ RunTime:0.000157s ]
[ sql ] [ SQL ] SELECT * FROM `media` WHERE  `id` = 55 LIMIT 1 [ RunTime:0.000157s ]
[ sql ] [ SQL ] SELECT * FROM `media` WHERE  `id` = 54 LIMIT 1 [ RunTime:0.000160s ]
[ sql ] [ SQL ] SELECT * FROM `media` WHERE  `id` = 53 LIMIT 1 [ RunTime:0.000182s ]
[ sql ] [ SQL ] SELECT * FROM `media` WHERE  `id` = 71 LIMIT 1 [ RunTime:0.000163s ]
[ sql ] [ SQL ] SELECT * FROM `event` WHERE  `status` = 1 ORDER BY id desc LIMIT 6 [ RunTime:0.000228s ]
[ sql ] [ SQL ] SELECT * FROM `media` WHERE  `id` = 61 LIMIT 1 [ RunTime:0.000225s ]
---------------------------------------------------------------
[ 2018-03-14T12:30:41+08:00 ] ::1 ::1 GET /shimizu/public/
[ info ] localhost/shimizu/public/ [运行时间：0.147531s][吞吐率：6.78req/s] [内存消耗：3,673.13kb] [文件加载：66]
[ info ] [ LANG ] C:\wamp\www\shimizu\thinkphp\lang\zh-cn.php
[ info ] [ ROUTE ] array (
  'type' => 'module',
  'module' => 
  array (
    0 => '',
    1 => NULL,
    2 => NULL,
  ),
)
[ info ] [ HEADER ] array (
  'host' => 'localhost',
  'connection' => 'keep-alive',
  'cache-control' => 'max-age=0',
  'upgrade-insecure-requests' => '1',
  'user-agent' => 'Mozilla/5.0 (Windows NT 10.0; WOW64) AppleWebKit/537.36 (KHTML, like Gecko) Chrome/55.0.2883.87 UBrowser/6.2.3964.2 Safari/537.36',
  'accept' => 'text/html,application/xhtml+xml,application/xml;q=0.9,image/webp,*/*;q=0.8',
  'accept-encoding' => 'gzip, deflate, br',
  'accept-language' => 'zh-CN,zh;q=0.8',
  'cookie' => 'pgv_pvi=6232212480',
)
[ info ] [ PARAM ] array (
)
[ info ] [ DB ] INIT mysql
[ info ] [ RUN ] app\index\controller\Index->index[ C:\wamp\www\shimizu\application\index\controller\Index.php ]
[ info ] [ VIEW ] C:\wamp\www\shimizu\public/../application/index\view\index\index.html [ array (
  0 => 'nav',
  1 => 'banner',
  2 => 'desert',
  3 => 'newsThree',
  4 => 'eventBig',
  5 => 'events',
) ]
[ info ] [ LOG ] INIT File
[ sql ] [ DB ] CONNECT:[ UseTime:0.002929s ] mysql:host=localhost;dbname=shimizu;charset=utf8
[ sql ] [ SQL ] SHOW COLUMNS FROM `menu` [ RunTime:0.001232s ]
[ sql ] [ SQL ] SELECT * FROM `menu` WHERE  `status` = 1  AND `type` = 2 ORDER BY listorder desc, id desc [ RunTime:0.000324s ]
[ sql ] [ SQL ] SHOW COLUMNS FROM `banner` [ RunTime:0.000595s ]
[ sql ] [ SQL ] SELECT * FROM `banner` WHERE  `status` = 1 ORDER BY listorder desc, id desc LIMIT 5 [ RunTime:0.000264s ]
[ sql ] [ SQL ] SHOW COLUMNS FROM `media` [ RunTime:0.000489s ]
[ sql ] [ SQL ] SELECT * FROM `media` WHERE  `id` = 51 LIMIT 1 [ RunTime:0.000220s ]
[ sql ] [ SQL ] SELECT * FROM `media` WHERE  `id` = 63 LIMIT 1 [ RunTime:0.000201s ]
[ sql ] [ SQL ] SHOW COLUMNS FROM `event` [ RunTime:0.001478s ]
[ sql ] [ SQL ] SELECT * FROM `event` WHERE  `status` = 1 LIMIT 1 [ RunTime:0.000356s ]
[ sql ] [ SQL ] SHOW COLUMNS FROM `news` [ RunTime:0.000786s ]
[ sql ] [ SQL ] SELECT * FROM `news` WHERE  `status` = 1 ORDER BY id desc LIMIT 3 [ RunTime:0.000334s ]
[ sql ] [ SQL ] SELECT * FROM `media` WHERE  `id` = 65 LIMIT 1 [ RunTime:0.000201s ]
[ sql ] [ SQL ] SELECT * FROM `media` WHERE  `id` = 62 LIMIT 1 [ RunTime:0.000177s ]
[ sql ] [ SQL ] SELECT * FROM `media` WHERE  `id` = 60 LIMIT 1 [ RunTime:0.000169s ]
[ sql ] [ SQL ] SHOW COLUMNS FROM `all_deserts` [ RunTime:0.001013s ]
[ sql ] [ SQL ] SELECT * FROM `all_deserts` WHERE  `status` = 1 ORDER BY id desc LIMIT 10 [ RunTime:0.000291s ]
[ sql ] [ SQL ] SELECT * FROM `media` WHERE  `id` = 72 LIMIT 1 [ RunTime:0.000186s ]
[ sql ] [ SQL ] SELECT * FROM `media` WHERE  `id` = 64 LIMIT 1 [ RunTime:0.000171s ]
[ sql ] [ SQL ] SELECT * FROM `media` WHERE  `id` = 58 LIMIT 1 [ RunTime:0.000164s ]
[ sql ] [ SQL ] SELECT * FROM `media` WHERE  `id` = 56 LIMIT 1 [ RunTime:0.000160s ]
[ sql ] [ SQL ] SELECT * FROM `media` WHERE  `id` = 55 LIMIT 1 [ RunTime:0.000189s ]
[ sql ] [ SQL ] SELECT * FROM `media` WHERE  `id` = 54 LIMIT 1 [ RunTime:0.000162s ]
[ sql ] [ SQL ] SELECT * FROM `media` WHERE  `id` = 53 LIMIT 1 [ RunTime:0.000190s ]
[ sql ] [ SQL ] SELECT * FROM `media` WHERE  `id` = 71 LIMIT 1 [ RunTime:0.000196s ]
[ sql ] [ SQL ] SELECT * FROM `event` WHERE  `status` = 1 ORDER BY id desc LIMIT 6 [ RunTime:0.000251s ]
[ sql ] [ SQL ] SELECT * FROM `media` WHERE  `id` = 61 LIMIT 1 [ RunTime:0.000258s ]
---------------------------------------------------------------
[ 2018-03-14T12:30:43+08:00 ] ::1 ::1 GET /shimizu/public/
[ info ] localhost/shimizu/public/ [运行时间：0.120362s][吞吐率：8.31req/s] [内存消耗：3,500.63kb] [文件加载：64]
[ info ] [ LANG ] C:\wamp\www\shimizu\thinkphp\lang\zh-cn.php
[ info ] [ ROUTE ] array (
  'type' => 'module',
  'module' => 
  array (
    0 => '',
    1 => NULL,
    2 => NULL,
  ),
)
[ info ] [ HEADER ] array (
  'host' => 'localhost',
  'connection' => 'keep-alive',
  'cache-control' => 'max-age=0',
  'upgrade-insecure-requests' => '1',
  'user-agent' => 'Mozilla/5.0 (Windows NT 10.0; WOW64) AppleWebKit/537.36 (KHTML, like Gecko) Chrome/55.0.2883.87 UBrowser/6.2.3964.2 Safari/537.36',
  'accept' => 'text/html,application/xhtml+xml,application/xml;q=0.9,image/webp,*/*;q=0.8',
  'accept-encoding' => 'gzip, deflate, br',
  'accept-language' => 'zh-CN,zh;q=0.8',
  'cookie' => 'pgv_pvi=6232212480',
)
[ info ] [ PARAM ] array (
)
[ info ] [ DB ] INIT mysql
[ info ] [ RUN ] app\index\controller\Index->index[ C:\wamp\www\shimizu\application\index\controller\Index.php ]
[ info ] [ VIEW ] C:\wamp\www\shimizu\public/../application/index\view\index\index.html [ array (
  0 => 'nav',
  1 => 'banner',
  2 => 'desert',
  3 => 'newsThree',
  4 => 'eventBig',
  5 => 'events',
) ]
[ info ] [ LOG ] INIT File
[ sql ] [ DB ] CONNECT:[ UseTime:0.005222s ] mysql:host=localhost;dbname=shimizu;charset=utf8
[ sql ] [ SQL ] SHOW COLUMNS FROM `menu` [ RunTime:0.000739s ]
[ sql ] [ SQL ] SELECT * FROM `menu` WHERE  `status` = 1  AND `type` = 2 ORDER BY listorder desc, id desc [ RunTime:0.000362s ]
[ sql ] [ SQL ] SHOW COLUMNS FROM `banner` [ RunTime:0.000601s ]
[ sql ] [ SQL ] SELECT * FROM `banner` WHERE  `status` = 1 ORDER BY listorder desc, id desc LIMIT 5 [ RunTime:0.000279s ]
[ sql ] [ SQL ] SHOW COLUMNS FROM `media` [ RunTime:0.000518s ]
[ sql ] [ SQL ] SELECT * FROM `media` WHERE  `id` = 51 LIMIT 1 [ RunTime:0.000190s ]
[ sql ] [ SQL ] SELECT * FROM `media` WHERE  `id` = 63 LIMIT 1 [ RunTime:0.000270s ]
[ sql ] [ SQL ] SHOW COLUMNS FROM `event` [ RunTime:0.000812s ]
[ sql ] [ SQL ] SELECT * FROM `event` WHERE  `status` = 1 LIMIT 1 [ RunTime:0.001068s ]
[ sql ] [ SQL ] SHOW COLUMNS FROM `news` [ RunTime:0.000783s ]
[ sql ] [ SQL ] SELECT * FROM `news` WHERE  `status` = 1 ORDER BY id desc LIMIT 3 [ RunTime:0.000374s ]
[ sql ] [ SQL ] SELECT * FROM `media` WHERE  `id` = 65 LIMIT 1 [ RunTime:0.000332s ]
[ sql ] [ SQL ] SELECT * FROM `media` WHERE  `id` = 62 LIMIT 1 [ RunTime:0.000264s ]
[ sql ] [ SQL ] SELECT * FROM `media` WHERE  `id` = 60 LIMIT 1 [ RunTime:0.000225s ]
[ sql ] [ SQL ] SHOW COLUMNS FROM `all_deserts` [ RunTime:0.000636s ]
[ sql ] [ SQL ] SELECT * FROM `all_deserts` WHERE  `status` = 1 ORDER BY id desc LIMIT 10 [ RunTime:0.000324s ]
[ sql ] [ SQL ] SELECT * FROM `media` WHERE  `id` = 72 LIMIT 1 [ RunTime:0.000202s ]
[ sql ] [ SQL ] SELECT * FROM `media` WHERE  `id` = 64 LIMIT 1 [ RunTime:0.000233s ]
[ sql ] [ SQL ] SELECT * FROM `media` WHERE  `id` = 58 LIMIT 1 [ RunTime:0.000223s ]
[ sql ] [ SQL ] SELECT * FROM `media` WHERE  `id` = 56 LIMIT 1 [ RunTime:0.000204s ]
[ sql ] [ SQL ] SELECT * FROM `media` WHERE  `id` = 55 LIMIT 1 [ RunTime:0.000202s ]
[ sql ] [ SQL ] SELECT * FROM `media` WHERE  `id` = 54 LIMIT 1 [ RunTime:0.000205s ]
[ sql ] [ SQL ] SELECT * FROM `media` WHERE  `id` = 53 LIMIT 1 [ RunTime:0.000200s ]
[ sql ] [ SQL ] SELECT * FROM `media` WHERE  `id` = 71 LIMIT 1 [ RunTime:0.000226s ]
[ sql ] [ SQL ] SELECT * FROM `event` WHERE  `status` = 1 ORDER BY id desc LIMIT 6 [ RunTime:0.000309s ]
[ sql ] [ SQL ] SELECT * FROM `media` WHERE  `id` = 61 LIMIT 1 [ RunTime:0.000286s ]
---------------------------------------------------------------
[ 2018-03-14T12:30:44+08:00 ] ::1 ::1 GET /shimizu/public/index/index/index
[ info ] localhost/shimizu/public/index/index/index [运行时间：0.117273s][吞吐率：8.53req/s] [内存消耗：3,500.97kb] [文件加载：64]
[ info ] [ LANG ] C:\wamp\www\shimizu\thinkphp\lang\zh-cn.php
[ info ] [ ROUTE ] array (
  'type' => 'module',
  'module' => 
  array (
    0 => 'index',
    1 => 'index',
    2 => 'index',
  ),
)
[ info ] [ HEADER ] array (
  'host' => 'localhost',
  'connection' => 'keep-alive',
  'upgrade-insecure-requests' => '1',
  'user-agent' => 'Mozilla/5.0 (Windows NT 10.0; WOW64) AppleWebKit/537.36 (KHTML, like Gecko) Chrome/55.0.2883.87 UBrowser/6.2.3964.2 Safari/537.36',
  'accept' => 'text/html,application/xhtml+xml,application/xml;q=0.9,image/webp,*/*;q=0.8',
  'referer' => 'http://localhost/shimizu/public/',
  'accept-encoding' => 'gzip, deflate, br',
  'accept-language' => 'zh-CN,zh;q=0.8',
  'cookie' => 'pgv_pvi=6232212480',
)
[ info ] [ PARAM ] array (
)
[ info ] [ DB ] INIT mysql
[ info ] [ RUN ] app\index\controller\Index->index[ C:\wamp\www\shimizu\application\index\controller\Index.php ]
[ info ] [ VIEW ] C:\wamp\www\shimizu\public/../application/index\view\index\index.html [ array (
  0 => 'nav',
  1 => 'banner',
  2 => 'desert',
  3 => 'newsThree',
  4 => 'eventBig',
  5 => 'events',
) ]
[ info ] [ LOG ] INIT File
[ sql ] [ DB ] CONNECT:[ UseTime:0.010712s ] mysql:host=localhost;dbname=shimizu;charset=utf8
[ sql ] [ SQL ] SHOW COLUMNS FROM `menu` [ RunTime:0.000809s ]
[ sql ] [ SQL ] SELECT * FROM `menu` WHERE  `status` = 1  AND `type` = 2 ORDER BY listorder desc, id desc [ RunTime:0.000408s ]
[ sql ] [ SQL ] SHOW COLUMNS FROM `banner` [ RunTime:0.000646s ]
[ sql ] [ SQL ] SELECT * FROM `banner` WHERE  `status` = 1 ORDER BY listorder desc, id desc LIMIT 5 [ RunTime:0.000321s ]
[ sql ] [ SQL ] SHOW COLUMNS FROM `media` [ RunTime:0.000709s ]
[ sql ] [ SQL ] SELECT * FROM `media` WHERE  `id` = 51 LIMIT 1 [ RunTime:0.000322s ]
[ sql ] [ SQL ] SELECT * FROM `media` WHERE  `id` = 63 LIMIT 1 [ RunTime:0.000273s ]
[ sql ] [ SQL ] SHOW COLUMNS FROM `event` [ RunTime:0.000730s ]
[ sql ] [ SQL ] SELECT * FROM `event` WHERE  `status` = 1 LIMIT 1 [ RunTime:0.000344s ]
[ sql ] [ SQL ] SHOW COLUMNS FROM `news` [ RunTime:0.000672s ]
[ sql ] [ SQL ] SELECT * FROM `news` WHERE  `status` = 1 ORDER BY id desc LIMIT 3 [ RunTime:0.000329s ]
[ sql ] [ SQL ] SELECT * FROM `media` WHERE  `id` = 65 LIMIT 1 [ RunTime:0.000263s ]
[ sql ] [ SQL ] SELECT * FROM `media` WHERE  `id` = 62 LIMIT 1 [ RunTime:0.000262s ]
[ sql ] [ SQL ] SELECT * FROM `media` WHERE  `id` = 60 LIMIT 1 [ RunTime:0.000236s ]
[ sql ] [ SQL ] SHOW COLUMNS FROM `all_deserts` [ RunTime:0.000737s ]
[ sql ] [ SQL ] SELECT * FROM `all_deserts` WHERE  `status` = 1 ORDER BY id desc LIMIT 10 [ RunTime:0.000372s ]
[ sql ] [ SQL ] SELECT * FROM `media` WHERE  `id` = 72 LIMIT 1 [ RunTime:0.000339s ]
[ sql ] [ SQL ] SELECT * FROM `media` WHERE  `id` = 64 LIMIT 1 [ RunTime:0.000447s ]
[ sql ] [ SQL ] SELECT * FROM `media` WHERE  `id` = 58 LIMIT 1 [ RunTime:0.000292s ]
[ sql ] [ SQL ] SELECT * FROM `media` WHERE  `id` = 56 LIMIT 1 [ RunTime:0.000245s ]
[ sql ] [ SQL ] SELECT * FROM `media` WHERE  `id` = 55 LIMIT 1 [ RunTime:0.000292s ]
[ sql ] [ SQL ] SELECT * FROM `media` WHERE  `id` = 54 LIMIT 1 [ RunTime:0.000231s ]
[ sql ] [ SQL ] SELECT * FROM `media` WHERE  `id` = 53 LIMIT 1 [ RunTime:0.000226s ]
[ sql ] [ SQL ] SELECT * FROM `media` WHERE  `id` = 71 LIMIT 1 [ RunTime:0.000225s ]
[ sql ] [ SQL ] SELECT * FROM `event` WHERE  `status` = 1 ORDER BY id desc LIMIT 6 [ RunTime:0.000309s ]
[ sql ] [ SQL ] SELECT * FROM `media` WHERE  `id` = 61 LIMIT 1 [ RunTime:0.000402s ]
---------------------------------------------------------------
[ 2018-03-14T12:30:45+08:00 ] ::1 ::1 GET /shimizu/public/index/news/index
[ info ] localhost/shimizu/public/index/news/index [运行时间：0.105975s][吞吐率：9.44req/s] [内存消耗：3,575.67kb] [文件加载：65]
[ info ] [ LANG ] C:\wamp\www\shimizu\thinkphp\lang\zh-cn.php
[ info ] [ ROUTE ] array (
  'type' => 'module',
  'module' => 
  array (
    0 => 'index',
    1 => 'news',
    2 => 'index',
  ),
)
[ info ] [ HEADER ] array (
  'host' => 'localhost',
  'connection' => 'keep-alive',
  'upgrade-insecure-requests' => '1',
  'user-agent' => 'Mozilla/5.0 (Windows NT 10.0; WOW64) AppleWebKit/537.36 (KHTML, like Gecko) Chrome/55.0.2883.87 UBrowser/6.2.3964.2 Safari/537.36',
  'accept' => 'text/html,application/xhtml+xml,application/xml;q=0.9,image/webp,*/*;q=0.8',
  'referer' => 'http://localhost/shimizu/public/index/index/index',
  'accept-encoding' => 'gzip, deflate, br',
  'accept-language' => 'zh-CN,zh;q=0.8',
  'cookie' => 'pgv_pvi=6232212480',
)
[ info ] [ PARAM ] array (
)
[ info ] [ DB ] INIT mysql
[ info ] [ RUN ] app\index\controller\News->index[ C:\wamp\www\shimizu\application\index\controller\News.php ]
[ info ] [ VIEW ] C:\wamp\www\shimizu\public/../application/index\view\news\index.html [ array (
  0 => 'nav',
  1 => 'news',
) ]
[ info ] [ LOG ] INIT File
[ sql ] [ DB ] CONNECT:[ UseTime:0.010722s ] mysql:host=localhost;dbname=shimizu;charset=utf8
[ sql ] [ SQL ] SHOW COLUMNS FROM `menu` [ RunTime:0.000760s ]
[ sql ] [ SQL ] SELECT * FROM `menu` WHERE  `status` = 1  AND `type` = 2 ORDER BY listorder desc, id desc [ RunTime:0.000358s ]
[ sql ] [ SQL ] SHOW COLUMNS FROM `news` [ RunTime:0.000753s ]
[ sql ] [ SQL ] SELECT COUNT(*) AS tp_count FROM `news` WHERE  `status` = 1 LIMIT 1 [ RunTime:0.003082s ]
[ sql ] [ SQL ] SELECT * FROM `news` WHERE  `status` = 1 ORDER BY id desc LIMIT 0,10 [ RunTime:0.000347s ]
[ sql ] [ SQL ] SHOW COLUMNS FROM `media` [ RunTime:0.000655s ]
[ sql ] [ SQL ] SELECT * FROM `media` WHERE  `id` = 65 LIMIT 1 [ RunTime:0.000269s ]
[ sql ] [ SQL ] SELECT * FROM `media` WHERE  `id` = 62 LIMIT 1 [ RunTime:0.000225s ]
[ sql ] [ SQL ] SELECT * FROM `media` WHERE  `id` = 60 LIMIT 1 [ RunTime:0.000212s ]
[ sql ] [ SQL ] SELECT * FROM `media` WHERE  `id` = 67 LIMIT 1 [ RunTime:0.000233s ]
---------------------------------------------------------------
[ 2018-03-14T12:30:45+08:00 ] ::1 ::1 GET /shimizu/public/index/event/index
[ info ] localhost/shimizu/public/index/event/index [运行时间：0.113153s][吞吐率：8.84req/s] [内存消耗：3,591.75kb] [文件加载：65]
[ info ] [ LANG ] C:\wamp\www\shimizu\thinkphp\lang\zh-cn.php
[ info ] [ ROUTE ] array (
  'type' => 'module',
  'module' => 
  array (
    0 => 'index',
    1 => 'event',
    2 => 'index',
  ),
)
[ info ] [ HEADER ] array (
  'host' => 'localhost',
  'connection' => 'keep-alive',
  'upgrade-insecure-requests' => '1',
  'user-agent' => 'Mozilla/5.0 (Windows NT 10.0; WOW64) AppleWebKit/537.36 (KHTML, like Gecko) Chrome/55.0.2883.87 UBrowser/6.2.3964.2 Safari/537.36',
  'accept' => 'text/html,application/xhtml+xml,application/xml;q=0.9,image/webp,*/*;q=0.8',
  'referer' => 'http://localhost/shimizu/public/index/news/index',
  'accept-encoding' => 'gzip, deflate, br',
  'accept-language' => 'zh-CN,zh;q=0.8',
  'cookie' => 'pgv_pvi=6232212480',
)
[ info ] [ PARAM ] array (
)
[ info ] [ DB ] INIT mysql
[ info ] [ RUN ] app\index\controller\Event->index[ C:\wamp\www\shimizu\application\index\controller\Event.php ]
[ info ] [ VIEW ] C:\wamp\www\shimizu\public/../application/index\view\event\index.html [ array (
  0 => 'nav',
  1 => 'events',
  2 => 'eventBig',
) ]
[ info ] [ LOG ] INIT File
[ sql ] [ DB ] CONNECT:[ UseTime:0.011975s ] mysql:host=localhost;dbname=shimizu;charset=utf8
[ sql ] [ SQL ] SHOW COLUMNS FROM `menu` [ RunTime:0.001383s ]
[ sql ] [ SQL ] SELECT * FROM `menu` WHERE  `status` = 1  AND `type` = 2 ORDER BY listorder desc, id desc [ RunTime:0.000394s ]
[ sql ] [ SQL ] SHOW COLUMNS FROM `event` [ RunTime:0.001291s ]
[ sql ] [ SQL ] SELECT COUNT(*) AS tp_count FROM `event` WHERE  `status` = 1 LIMIT 1 [ RunTime:0.001591s ]
[ sql ] [ SQL ] SELECT * FROM `event` WHERE  `status` = 1 ORDER BY id desc LIMIT 0,10 [ RunTime:0.000454s ]
[ sql ] [ SQL ] SELECT * FROM `event` WHERE  `status` = 1 LIMIT 1 [ RunTime:0.000304s ]
[ sql ] [ SQL ] SHOW COLUMNS FROM `media` [ RunTime:0.001299s ]
[ sql ] [ SQL ] SELECT * FROM `media` WHERE  `id` = 61 LIMIT 1 [ RunTime:0.000321s ]
[ sql ] [ SQL ] SELECT * FROM `media` WHERE  `id` = 61 LIMIT 1 [ RunTime:0.000261s ]
[ sql ] [ SQL ] SELECT * FROM `media` WHERE  `id` = 70 LIMIT 1 [ RunTime:0.000280s ]
[ sql ] [ SQL ] SELECT * FROM `media` WHERE  `id` = 65 LIMIT 1 [ RunTime:0.000298s ]
[ sql ] [ SQL ] SELECT * FROM `media` WHERE  `id` = 62 LIMIT 1 [ RunTime:0.000272s ]
[ sql ] [ SQL ] SELECT * FROM `media` WHERE  `id` = 60 LIMIT 1 [ RunTime:0.000248s ]
---------------------------------------------------------------
[ 2018-03-14T12:30:46+08:00 ] ::1 ::1 GET /shimizu/public/index/product/index
[ info ] localhost/shimizu/public/index/product/index [运行时间：0.139942s][吞吐率：7.15req/s] [内存消耗：3,728.72kb] [文件加载：67]
[ info ] [ LANG ] C:\wamp\www\shimizu\thinkphp\lang\zh-cn.php
[ info ] [ ROUTE ] array (
  'type' => 'module',
  'module' => 
  array (
    0 => 'index',
    1 => 'product',
    2 => 'index',
  ),
)
[ info ] [ HEADER ] array (
  'host' => 'localhost',
  'connection' => 'keep-alive',
  'upgrade-insecure-requests' => '1',
  'user-agent' => 'Mozilla/5.0 (Windows NT 10.0; WOW64) AppleWebKit/537.36 (KHTML, like Gecko) Chrome/55.0.2883.87 UBrowser/6.2.3964.2 Safari/537.36',
  'accept' => 'text/html,application/xhtml+xml,application/xml;q=0.9,image/webp,*/*;q=0.8',
  'referer' => 'http://localhost/shimizu/public/index/event/index',
  'accept-encoding' => 'gzip, deflate, br',
  'accept-language' => 'zh-CN,zh;q=0.8',
  'cookie' => 'pgv_pvi=6232212480',
)
[ info ] [ PARAM ] array (
)
[ info ] [ DB ] INIT mysql
[ info ] [ RUN ] app\index\controller\Product->index[ C:\wamp\www\shimizu\application\index\controller\Product.php ]
[ info ] [ VIEW ] C:\wamp\www\shimizu\public/../application/index\view\product\index.html [ array (
  0 => 'nav',
  1 => 'banner',
  2 => 'bestDesert',
  3 => 'allDesert',
) ]
[ info ] [ LOG ] INIT File
[ sql ] [ DB ] CONNECT:[ UseTime:0.011068s ] mysql:host=localhost;dbname=shimizu;charset=utf8
[ sql ] [ SQL ] SHOW COLUMNS FROM `menu` [ RunTime:0.000926s ]
[ sql ] [ SQL ] SELECT * FROM `menu` WHERE  `status` = 1  AND `type` = 2 ORDER BY listorder desc, id desc [ RunTime:0.000381s ]
[ sql ] [ SQL ] SHOW COLUMNS FROM `banner` [ RunTime:0.000700s ]
[ sql ] [ SQL ] SELECT * FROM `banner` WHERE  `status` = 1 ORDER BY listorder desc, id desc LIMIT 5 [ RunTime:0.000298s ]
[ sql ] [ SQL ] SHOW COLUMNS FROM `media` [ RunTime:0.000706s ]
[ sql ] [ SQL ] SELECT * FROM `media` WHERE  `id` = 51 LIMIT 1 [ RunTime:0.000325s ]
[ sql ] [ SQL ] SELECT * FROM `media` WHERE  `id` = 63 LIMIT 1 [ RunTime:0.000257s ]
[ sql ] [ SQL ] SHOW COLUMNS FROM `best_deserts` [ RunTime:0.002728s ]
[ sql ] [ SQL ] SELECT * FROM `best_deserts` WHERE  `status` = 1 ORDER BY listorder desc, id desc LIMIT 5 [ RunTime:0.000373s ]
[ sql ] [ SQL ] SHOW COLUMNS FROM `all_deserts` [ RunTime:0.000683s ]
[ sql ] [ SQL ] SELECT * FROM `all_deserts` WHERE  `id` = 13 LIMIT 1 [ RunTime:0.000291s ]
[ sql ] [ SQL ] SELECT * FROM `media` WHERE  `id` = 71 LIMIT 1 [ RunTime:0.000240s ]
[ sql ] [ SQL ] SELECT * FROM `all_deserts` WHERE  `id` = 19 LIMIT 1 [ RunTime:0.000532s ]
[ sql ] [ SQL ] SELECT * FROM `media` WHERE  `id` = 64 LIMIT 1 [ RunTime:0.000293s ]
[ sql ] [ SQL ] SELECT * FROM `all_deserts` WHERE  `id` = 18 LIMIT 1 [ RunTime:0.000300s ]
[ sql ] [ SQL ] SELECT * FROM `media` WHERE  `id` = 58 LIMIT 1 [ RunTime:0.000242s ]
[ sql ] [ SQL ] SELECT * FROM `all_deserts` WHERE  `id` = 17 LIMIT 1 [ RunTime:0.000269s ]
[ sql ] [ SQL ] SELECT * FROM `media` WHERE  `id` = 56 LIMIT 1 [ RunTime:0.000218s ]
[ sql ] [ SQL ] SELECT * FROM `all_deserts` WHERE  `id` = 16 LIMIT 1 [ RunTime:0.000255s ]
[ sql ] [ SQL ] SELECT * FROM `media` WHERE  `id` = 55 LIMIT 1 [ RunTime:0.000228s ]
[ sql ] [ SQL ] SELECT COUNT(*) AS tp_count FROM `all_deserts` WHERE  `status` = 1 LIMIT 1 [ RunTime:0.000297s ]
[ sql ] [ SQL ] SELECT * FROM `all_deserts` WHERE  `status` = 1 ORDER BY id desc LIMIT 0,10 [ RunTime:0.000373s ]
[ sql ] [ SQL ] SELECT * FROM `media` WHERE  `id` = 72 LIMIT 1 [ RunTime:0.000342s ]
[ sql ] [ SQL ] SELECT * FROM `media` WHERE  `id` = 64 LIMIT 1 [ RunTime:0.000308s ]
[ sql ] [ SQL ] SELECT * FROM `media` WHERE  `id` = 58 LIMIT 1 [ RunTime:0.000246s ]
[ sql ] [ SQL ] SELECT * FROM `media` WHERE  `id` = 56 LIMIT 1 [ RunTime:0.000266s ]
[ sql ] [ SQL ] SELECT * FROM `media` WHERE  `id` = 55 LIMIT 1 [ RunTime:0.000271s ]
[ sql ] [ SQL ] SELECT * FROM `media` WHERE  `id` = 54 LIMIT 1 [ RunTime:0.000237s ]
[ sql ] [ SQL ] SELECT * FROM `media` WHERE  `id` = 53 LIMIT 1 [ RunTime:0.000289s ]
[ sql ] [ SQL ] SELECT * FROM `media` WHERE  `id` = 71 LIMIT 1 [ RunTime:0.000273s ]
---------------------------------------------------------------
[ 2018-03-14T12:30:47+08:00 ] ::1 ::1 GET /shimizu/public/index/store/index
[ info ] localhost/shimizu/public/index/store/index [运行时间：0.082484s][吞吐率：12.12req/s] [内存消耗：3,393.32kb] [文件加载：61]
[ info ] [ LANG ] C:\wamp\www\shimizu\thinkphp\lang\zh-cn.php
[ info ] [ ROUTE ] array (
  'type' => 'module',
  'module' => 
  array (
    0 => 'index',
    1 => 'store',
    2 => 'index',
  ),
)
[ info ] [ HEADER ] array (
  'host' => 'localhost',
  'connection' => 'keep-alive',
  'upgrade-insecure-requests' => '1',
  'user-agent' => 'Mozilla/5.0 (Windows NT 10.0; WOW64) AppleWebKit/537.36 (KHTML, like Gecko) Chrome/55.0.2883.87 UBrowser/6.2.3964.2 Safari/537.36',
  'accept' => 'text/html,application/xhtml+xml,application/xml;q=0.9,image/webp,*/*;q=0.8',
  'referer' => 'http://localhost/shimizu/public/index/product/index',
  'accept-encoding' => 'gzip, deflate, br',
  'accept-language' => 'zh-CN,zh;q=0.8',
  'cookie' => 'pgv_pvi=6232212480',
)
[ info ] [ PARAM ] array (
)
[ info ] [ DB ] INIT mysql
[ info ] [ RUN ] app\index\controller\Store->index[ C:\wamp\www\shimizu\application\index\controller\Store.php ]
[ info ] [ VIEW ] C:\wamp\www\shimizu\public/../application/index\view\store\index.html [ array (
  0 => 'nav',
) ]
[ info ] [ LOG ] INIT File
[ sql ] [ DB ] CONNECT:[ UseTime:0.004296s ] mysql:host=localhost;dbname=shimizu;charset=utf8
[ sql ] [ SQL ] SHOW COLUMNS FROM `menu` [ RunTime:0.002607s ]
[ sql ] [ SQL ] SELECT * FROM `menu` WHERE  `status` = 1  AND `type` = 2 ORDER BY listorder desc, id desc [ RunTime:0.000402s ]
---------------------------------------------------------------
[ 2018-03-14T12:30:47+08:00 ] ::1 ::1 GET /shimizu/public/index/product/index
[ info ] localhost/shimizu/public/index/product/index [运行时间：0.129387s][吞吐率：7.73req/s] [内存消耗：3,558.42kb] [文件加载：65]
[ info ] [ LANG ] C:\wamp\www\shimizu\thinkphp\lang\zh-cn.php
[ info ] [ ROUTE ] array (
  'type' => 'module',
  'module' => 
  array (
    0 => 'index',
    1 => 'product',
    2 => 'index',
  ),
)
[ info ] [ HEADER ] array (
  'host' => 'localhost',
  'connection' => 'keep-alive',
  'upgrade-insecure-requests' => '1',
  'user-agent' => 'Mozilla/5.0 (Windows NT 10.0; WOW64) AppleWebKit/537.36 (KHTML, like Gecko) Chrome/55.0.2883.87 UBrowser/6.2.3964.2 Safari/537.36',
  'accept' => 'text/html,application/xhtml+xml,application/xml;q=0.9,image/webp,*/*;q=0.8',
  'referer' => 'http://localhost/shimizu/public/index/store/index',
  'accept-encoding' => 'gzip, deflate, br',
  'accept-language' => 'zh-CN,zh;q=0.8',
  'cookie' => 'pgv_pvi=6232212480',
)
[ info ] [ PARAM ] array (
)
[ info ] [ DB ] INIT mysql
[ info ] [ RUN ] app\index\controller\Product->index[ C:\wamp\www\shimizu\application\index\controller\Product.php ]
[ info ] [ VIEW ] C:\wamp\www\shimizu\public/../application/index\view\product\index.html [ array (
  0 => 'nav',
  1 => 'banner',
  2 => 'bestDesert',
  3 => 'allDesert',
) ]
[ info ] [ LOG ] INIT File
[ sql ] [ DB ] CONNECT:[ UseTime:0.011450s ] mysql:host=localhost;dbname=shimizu;charset=utf8
[ sql ] [ SQL ] SHOW COLUMNS FROM `menu` [ RunTime:0.000795s ]
[ sql ] [ SQL ] SELECT * FROM `menu` WHERE  `status` = 1  AND `type` = 2 ORDER BY listorder desc, id desc [ RunTime:0.000442s ]
[ sql ] [ SQL ] SHOW COLUMNS FROM `banner` [ RunTime:0.000754s ]
[ sql ] [ SQL ] SELECT * FROM `banner` WHERE  `status` = 1 ORDER BY listorder desc, id desc LIMIT 5 [ RunTime:0.000302s ]
[ sql ] [ SQL ] SHOW COLUMNS FROM `media` [ RunTime:0.000651s ]
[ sql ] [ SQL ] SELECT * FROM `media` WHERE  `id` = 51 LIMIT 1 [ RunTime:0.000444s ]
[ sql ] [ SQL ] SELECT * FROM `media` WHERE  `id` = 63 LIMIT 1 [ RunTime:0.000362s ]
[ sql ] [ SQL ] SHOW COLUMNS FROM `best_deserts` [ RunTime:0.001366s ]
[ sql ] [ SQL ] SELECT * FROM `best_deserts` WHERE  `status` = 1 ORDER BY listorder desc, id desc LIMIT 5 [ RunTime:0.000297s ]
[ sql ] [ SQL ] SHOW COLUMNS FROM `all_deserts` [ RunTime:0.000678s ]
[ sql ] [ SQL ] SELECT * FROM `all_deserts` WHERE  `id` = 13 LIMIT 1 [ RunTime:0.000303s ]
[ sql ] [ SQL ] SELECT * FROM `media` WHERE  `id` = 71 LIMIT 1 [ RunTime:0.000272s ]
[ sql ] [ SQL ] SELECT * FROM `all_deserts` WHERE  `id` = 19 LIMIT 1 [ RunTime:0.000345s ]
[ sql ] [ SQL ] SELECT * FROM `media` WHERE  `id` = 64 LIMIT 1 [ RunTime:0.000446s ]
[ sql ] [ SQL ] SELECT * FROM `all_deserts` WHERE  `id` = 18 LIMIT 1 [ RunTime:0.000352s ]
[ sql ] [ SQL ] SELECT * FROM `media` WHERE  `id` = 58 LIMIT 1 [ RunTime:0.000236s ]
[ sql ] [ SQL ] SELECT * FROM `all_deserts` WHERE  `id` = 17 LIMIT 1 [ RunTime:0.000291s ]
[ sql ] [ SQL ] SELECT * FROM `media` WHERE  `id` = 56 LIMIT 1 [ RunTime:0.000261s ]
[ sql ] [ SQL ] SELECT * FROM `all_deserts` WHERE  `id` = 16 LIMIT 1 [ RunTime:0.000306s ]
[ sql ] [ SQL ] SELECT * FROM `media` WHERE  `id` = 55 LIMIT 1 [ RunTime:0.000271s ]
[ sql ] [ SQL ] SELECT COUNT(*) AS tp_count FROM `all_deserts` WHERE  `status` = 1 LIMIT 1 [ RunTime:0.000341s ]
[ sql ] [ SQL ] SELECT * FROM `all_deserts` WHERE  `status` = 1 ORDER BY id desc LIMIT 0,10 [ RunTime:0.000376s ]
[ sql ] [ SQL ] SELECT * FROM `media` WHERE  `id` = 72 LIMIT 1 [ RunTime:0.000324s ]
[ sql ] [ SQL ] SELECT * FROM `media` WHERE  `id` = 64 LIMIT 1 [ RunTime:0.000233s ]
[ sql ] [ SQL ] SELECT * FROM `media` WHERE  `id` = 58 LIMIT 1 [ RunTime:0.000203s ]
[ sql ] [ SQL ] SELECT * FROM `media` WHERE  `id` = 56 LIMIT 1 [ RunTime:0.000201s ]
[ sql ] [ SQL ] SELECT * FROM `media` WHERE  `id` = 55 LIMIT 1 [ RunTime:0.000195s ]
[ sql ] [ SQL ] SELECT * FROM `media` WHERE  `id` = 54 LIMIT 1 [ RunTime:0.000197s ]
[ sql ] [ SQL ] SELECT * FROM `media` WHERE  `id` = 53 LIMIT 1 [ RunTime:0.000168s ]
[ sql ] [ SQL ] SELECT * FROM `media` WHERE  `id` = 71 LIMIT 1 [ RunTime:0.000222s ]
---------------------------------------------------------------
[ 2018-03-14T12:30:48+08:00 ] ::1 ::1 GET /shimizu/public/index/event/index
[ info ] localhost/shimizu/public/index/event/index [运行时间：0.097650s][吞吐率：10.24req/s] [内存消耗：3,424.73kb] [文件加载：63]
[ info ] [ LANG ] C:\wamp\www\shimizu\thinkphp\lang\zh-cn.php
[ info ] [ ROUTE ] array (
  'type' => 'module',
  'module' => 
  array (
    0 => 'index',
    1 => 'event',
    2 => 'index',
  ),
)
[ info ] [ HEADER ] array (
  'host' => 'localhost',
  'connection' => 'keep-alive',
  'upgrade-insecure-requests' => '1',
  'user-agent' => 'Mozilla/5.0 (Windows NT 10.0; WOW64) AppleWebKit/537.36 (KHTML, like Gecko) Chrome/55.0.2883.87 UBrowser/6.2.3964.2 Safari/537.36',
  'accept' => 'text/html,application/xhtml+xml,application/xml;q=0.9,image/webp,*/*;q=0.8',
  'referer' => 'http://localhost/shimizu/public/index/product/index',
  'accept-encoding' => 'gzip, deflate, br',
  'accept-language' => 'zh-CN,zh;q=0.8',
  'cookie' => 'pgv_pvi=6232212480',
)
[ info ] [ PARAM ] array (
)
[ info ] [ DB ] INIT mysql
[ info ] [ RUN ] app\index\controller\Event->index[ C:\wamp\www\shimizu\application\index\controller\Event.php ]
[ info ] [ VIEW ] C:\wamp\www\shimizu\public/../application/index\view\event\index.html [ array (
  0 => 'nav',
  1 => 'events',
  2 => 'eventBig',
) ]
[ info ] [ LOG ] INIT File
[ sql ] [ DB ] CONNECT:[ UseTime:0.002919s ] mysql:host=localhost;dbname=shimizu;charset=utf8
[ sql ] [ SQL ] SHOW COLUMNS FROM `menu` [ RunTime:0.001555s ]
[ sql ] [ SQL ] SELECT * FROM `menu` WHERE  `status` = 1  AND `type` = 2 ORDER BY listorder desc, id desc [ RunTime:0.000495s ]
[ sql ] [ SQL ] SHOW COLUMNS FROM `event` [ RunTime:0.001493s ]
[ sql ] [ SQL ] SELECT COUNT(*) AS tp_count FROM `event` WHERE  `status` = 1 LIMIT 1 [ RunTime:0.000580s ]
[ sql ] [ SQL ] SELECT * FROM `event` WHERE  `status` = 1 ORDER BY id desc LIMIT 0,10 [ RunTime:0.000499s ]
[ sql ] [ SQL ] SELECT * FROM `event` WHERE  `status` = 1 LIMIT 1 [ RunTime:0.000398s ]
[ sql ] [ SQL ] SHOW COLUMNS FROM `media` [ RunTime:0.001256s ]
[ sql ] [ SQL ] SELECT * FROM `media` WHERE  `id` = 61 LIMIT 1 [ RunTime:0.000247s ]
[ sql ] [ SQL ] SELECT * FROM `media` WHERE  `id` = 61 LIMIT 1 [ RunTime:0.000182s ]
[ sql ] [ SQL ] SELECT * FROM `media` WHERE  `id` = 70 LIMIT 1 [ RunTime:0.000227s ]
[ sql ] [ SQL ] SELECT * FROM `media` WHERE  `id` = 65 LIMIT 1 [ RunTime:0.000197s ]
[ sql ] [ SQL ] SELECT * FROM `media` WHERE  `id` = 62 LIMIT 1 [ RunTime:0.000196s ]
[ sql ] [ SQL ] SELECT * FROM `media` WHERE  `id` = 60 LIMIT 1 [ RunTime:0.000189s ]
---------------------------------------------------------------
[ 2018-03-14T12:30:49+08:00 ] ::1 ::1 GET /shimizu/public/index/news/index
[ info ] localhost/shimizu/public/index/news/index [运行时间：0.100608s][吞吐率：9.94req/s] [内存消耗：3,410.91kb] [文件加载：63]
[ info ] [ LANG ] C:\wamp\www\shimizu\thinkphp\lang\zh-cn.php
[ info ] [ ROUTE ] array (
  'type' => 'module',
  'module' => 
  array (
    0 => 'index',
    1 => 'news',
    2 => 'index',
  ),
)
[ info ] [ HEADER ] array (
  'host' => 'localhost',
  'connection' => 'keep-alive',
  'upgrade-insecure-requests' => '1',
  'user-agent' => 'Mozilla/5.0 (Windows NT 10.0; WOW64) AppleWebKit/537.36 (KHTML, like Gecko) Chrome/55.0.2883.87 UBrowser/6.2.3964.2 Safari/537.36',
  'accept' => 'text/html,application/xhtml+xml,application/xml;q=0.9,image/webp,*/*;q=0.8',
  'referer' => 'http://localhost/shimizu/public/index/event/index',
  'accept-encoding' => 'gzip, deflate, br',
  'accept-language' => 'zh-CN,zh;q=0.8',
  'cookie' => 'pgv_pvi=6232212480',
)
[ info ] [ PARAM ] array (
)
[ info ] [ DB ] INIT mysql
[ info ] [ RUN ] app\index\controller\News->index[ C:\wamp\www\shimizu\application\index\controller\News.php ]
[ info ] [ VIEW ] C:\wamp\www\shimizu\public/../application/index\view\news\index.html [ array (
  0 => 'nav',
  1 => 'news',
) ]
[ info ] [ LOG ] INIT File
[ sql ] [ DB ] CONNECT:[ UseTime:0.011951s ] mysql:host=localhost;dbname=shimizu;charset=utf8
[ sql ] [ SQL ] SHOW COLUMNS FROM `menu` [ RunTime:0.001407s ]
[ sql ] [ SQL ] SELECT * FROM `menu` WHERE  `status` = 1  AND `type` = 2 ORDER BY listorder desc, id desc [ RunTime:0.000376s ]
[ sql ] [ SQL ] SHOW COLUMNS FROM `news` [ RunTime:0.001280s ]
[ sql ] [ SQL ] SELECT COUNT(*) AS tp_count FROM `news` WHERE  `status` = 1 LIMIT 1 [ RunTime:0.000503s ]
[ sql ] [ SQL ] SELECT * FROM `news` WHERE  `status` = 1 ORDER BY id desc LIMIT 0,10 [ RunTime:0.000389s ]
[ sql ] [ SQL ] SHOW COLUMNS FROM `media` [ RunTime:0.000880s ]
[ sql ] [ SQL ] SELECT * FROM `media` WHERE  `id` = 65 LIMIT 1 [ RunTime:0.000338s ]
[ sql ] [ SQL ] SELECT * FROM `media` WHERE  `id` = 62 LIMIT 1 [ RunTime:0.000321s ]
[ sql ] [ SQL ] SELECT * FROM `media` WHERE  `id` = 60 LIMIT 1 [ RunTime:0.000238s ]
[ sql ] [ SQL ] SELECT * FROM `media` WHERE  `id` = 67 LIMIT 1 [ RunTime:0.000250s ]
---------------------------------------------------------------
[ 2018-03-14T12:30:49+08:00 ] ::1 ::1 GET /shimizu/public/index/index/index
[ info ] localhost/shimizu/public/index/index/index [运行时间：0.117890s][吞吐率：8.48req/s] [内存消耗：3,500.86kb] [文件加载：64]
[ info ] [ LANG ] C:\wamp\www\shimizu\thinkphp\lang\zh-cn.php
[ info ] [ ROUTE ] array (
  'type' => 'module',
  'module' => 
  array (
    0 => 'index',
    1 => 'index',
    2 => 'index',
  ),
)
[ info ] [ HEADER ] array (
  'host' => 'localhost',
  'connection' => 'keep-alive',
  'upgrade-insecure-requests' => '1',
  'user-agent' => 'Mozilla/5.0 (Windows NT 10.0; WOW64) AppleWebKit/537.36 (KHTML, like Gecko) Chrome/55.0.2883.87 UBrowser/6.2.3964.2 Safari/537.36',
  'accept' => 'text/html,application/xhtml+xml,application/xml;q=0.9,image/webp,*/*;q=0.8',
  'referer' => 'http://localhost/shimizu/public/index/news/index',
  'accept-encoding' => 'gzip, deflate, br',
  'accept-language' => 'zh-CN,zh;q=0.8',
  'cookie' => 'pgv_pvi=6232212480',
)
[ info ] [ PARAM ] array (
)
[ info ] [ DB ] INIT mysql
[ info ] [ RUN ] app\index\controller\Index->index[ C:\wamp\www\shimizu\application\index\controller\Index.php ]
[ info ] [ VIEW ] C:\wamp\www\shimizu\public/../application/index\view\index\index.html [ array (
  0 => 'nav',
  1 => 'banner',
  2 => 'desert',
  3 => 'newsThree',
  4 => 'eventBig',
  5 => 'events',
) ]
[ info ] [ LOG ] INIT File
[ sql ] [ DB ] CONNECT:[ UseTime:0.004910s ] mysql:host=localhost;dbname=shimizu;charset=utf8
[ sql ] [ SQL ] SHOW COLUMNS FROM `menu` [ RunTime:0.001421s ]
[ sql ] [ SQL ] SELECT * FROM `menu` WHERE  `status` = 1  AND `type` = 2 ORDER BY listorder desc, id desc [ RunTime:0.000404s ]
[ sql ] [ SQL ] SHOW COLUMNS FROM `banner` [ RunTime:0.000705s ]
[ sql ] [ SQL ] SELECT * FROM `banner` WHERE  `status` = 1 ORDER BY listorder desc, id desc LIMIT 5 [ RunTime:0.000306s ]
[ sql ] [ SQL ] SHOW COLUMNS FROM `media` [ RunTime:0.000581s ]
[ sql ] [ SQL ] SELECT * FROM `media` WHERE  `id` = 51 LIMIT 1 [ RunTime:0.000287s ]
[ sql ] [ SQL ] SELECT * FROM `media` WHERE  `id` = 63 LIMIT 1 [ RunTime:0.000296s ]
[ sql ] [ SQL ] SHOW COLUMNS FROM `event` [ RunTime:0.001039s ]
[ sql ] [ SQL ] SELECT * FROM `event` WHERE  `status` = 1 LIMIT 1 [ RunTime:0.000711s ]
[ sql ] [ SQL ] SHOW COLUMNS FROM `news` [ RunTime:0.000828s ]
[ sql ] [ SQL ] SELECT * FROM `news` WHERE  `status` = 1 ORDER BY id desc LIMIT 3 [ RunTime:0.000407s ]
[ sql ] [ SQL ] SELECT * FROM `media` WHERE  `id` = 65 LIMIT 1 [ RunTime:0.000287s ]
[ sql ] [ SQL ] SELECT * FROM `media` WHERE  `id` = 62 LIMIT 1 [ RunTime:0.000315s ]
[ sql ] [ SQL ] SELECT * FROM `media` WHERE  `id` = 60 LIMIT 1 [ RunTime:0.000264s ]
[ sql ] [ SQL ] SHOW COLUMNS FROM `all_deserts` [ RunTime:0.000677s ]
[ sql ] [ SQL ] SELECT * FROM `all_deserts` WHERE  `status` = 1 ORDER BY id desc LIMIT 10 [ RunTime:0.000474s ]
[ sql ] [ SQL ] SELECT * FROM `media` WHERE  `id` = 72 LIMIT 1 [ RunTime:0.000406s ]
[ sql ] [ SQL ] SELECT * FROM `media` WHERE  `id` = 64 LIMIT 1 [ RunTime:0.000314s ]
[ sql ] [ SQL ] SELECT * FROM `media` WHERE  `id` = 58 LIMIT 1 [ RunTime:0.000233s ]
[ sql ] [ SQL ] SELECT * FROM `media` WHERE  `id` = 56 LIMIT 1 [ RunTime:0.000217s ]
[ sql ] [ SQL ] SELECT * FROM `media` WHERE  `id` = 55 LIMIT 1 [ RunTime:0.000345s ]
[ sql ] [ SQL ] SELECT * FROM `media` WHERE  `id` = 54 LIMIT 1 [ RunTime:0.000233s ]
[ sql ] [ SQL ] SELECT * FROM `media` WHERE  `id` = 53 LIMIT 1 [ RunTime:0.000207s ]
[ sql ] [ SQL ] SELECT * FROM `media` WHERE  `id` = 71 LIMIT 1 [ RunTime:0.000197s ]
[ sql ] [ SQL ] SELECT * FROM `event` WHERE  `status` = 1 ORDER BY id desc LIMIT 6 [ RunTime:0.000289s ]
[ sql ] [ SQL ] SELECT * FROM `media` WHERE  `id` = 61 LIMIT 1 [ RunTime:0.000419s ]
---------------------------------------------------------------
[ 2018-03-14T12:30:50+08:00 ] ::1 ::1 GET /shimizu/public/index/event/index
[ info ] localhost/shimizu/public/index/event/index [运行时间：0.104826s][吞吐率：9.54req/s] [内存消耗：3,424.67kb] [文件加载：63]
[ info ] [ LANG ] C:\wamp\www\shimizu\thinkphp\lang\zh-cn.php
[ info ] [ ROUTE ] array (
  'type' => 'module',
  'module' => 
  array (
    0 => 'index',
    1 => 'event',
    2 => 'index',
  ),
)
[ info ] [ HEADER ] array (
  'host' => 'localhost',
  'connection' => 'keep-alive',
  'upgrade-insecure-requests' => '1',
  'user-agent' => 'Mozilla/5.0 (Windows NT 10.0; WOW64) AppleWebKit/537.36 (KHTML, like Gecko) Chrome/55.0.2883.87 UBrowser/6.2.3964.2 Safari/537.36',
  'accept' => 'text/html,application/xhtml+xml,application/xml;q=0.9,image/webp,*/*;q=0.8',
  'referer' => 'http://localhost/shimizu/public/index/index/index',
  'accept-encoding' => 'gzip, deflate, br',
  'accept-language' => 'zh-CN,zh;q=0.8',
  'cookie' => 'pgv_pvi=6232212480',
)
[ info ] [ PARAM ] array (
)
[ info ] [ DB ] INIT mysql
[ info ] [ RUN ] app\index\controller\Event->index[ C:\wamp\www\shimizu\application\index\controller\Event.php ]
[ info ] [ VIEW ] C:\wamp\www\shimizu\public/../application/index\view\event\index.html [ array (
  0 => 'nav',
  1 => 'events',
  2 => 'eventBig',
) ]
[ info ] [ LOG ] INIT File
[ sql ] [ DB ] CONNECT:[ UseTime:0.011213s ] mysql:host=localhost;dbname=shimizu;charset=utf8
[ sql ] [ SQL ] SHOW COLUMNS FROM `menu` [ RunTime:0.000792s ]
[ sql ] [ SQL ] SELECT * FROM `menu` WHERE  `status` = 1  AND `type` = 2 ORDER BY listorder desc, id desc [ RunTime:0.000413s ]
[ sql ] [ SQL ] SHOW COLUMNS FROM `event` [ RunTime:0.000827s ]
[ sql ] [ SQL ] SELECT COUNT(*) AS tp_count FROM `event` WHERE  `status` = 1 LIMIT 1 [ RunTime:0.000314s ]
[ sql ] [ SQL ] SELECT * FROM `event` WHERE  `status` = 1 ORDER BY id desc LIMIT 0,10 [ RunTime:0.000380s ]
[ sql ] [ SQL ] SELECT * FROM `event` WHERE  `status` = 1 LIMIT 1 [ RunTime:0.000477s ]
[ sql ] [ SQL ] SHOW COLUMNS FROM `media` [ RunTime:0.000725s ]
[ sql ] [ SQL ] SELECT * FROM `media` WHERE  `id` = 61 LIMIT 1 [ RunTime:0.000306s ]
[ sql ] [ SQL ] SELECT * FROM `media` WHERE  `id` = 61 LIMIT 1 [ RunTime:0.000669s ]
[ sql ] [ SQL ] SELECT * FROM `media` WHERE  `id` = 70 LIMIT 1 [ RunTime:0.000407s ]
[ sql ] [ SQL ] SELECT * FROM `media` WHERE  `id` = 65 LIMIT 1 [ RunTime:0.000340s ]
[ sql ] [ SQL ] SELECT * FROM `media` WHERE  `id` = 62 LIMIT 1 [ RunTime:0.000478s ]
[ sql ] [ SQL ] SELECT * FROM `media` WHERE  `id` = 60 LIMIT 1 [ RunTime:0.000257s ]
---------------------------------------------------------------
[ 2018-03-14T12:30:50+08:00 ] ::1 ::1 GET /shimizu/public/index/product/index
[ info ] localhost/shimizu/public/index/product/index [运行时间：0.128225s][吞吐率：7.80req/s] [内存消耗：3,558.42kb] [文件加载：65]
[ info ] [ LANG ] C:\wamp\www\shimizu\thinkphp\lang\zh-cn.php
[ info ] [ ROUTE ] array (
  'type' => 'module',
  'module' => 
  array (
    0 => 'index',
    1 => 'product',
    2 => 'index',
  ),
)
[ info ] [ HEADER ] array (
  'host' => 'localhost',
  'connection' => 'keep-alive',
  'upgrade-insecure-requests' => '1',
  'user-agent' => 'Mozilla/5.0 (Windows NT 10.0; WOW64) AppleWebKit/537.36 (KHTML, like Gecko) Chrome/55.0.2883.87 UBrowser/6.2.3964.2 Safari/537.36',
  'accept' => 'text/html,application/xhtml+xml,application/xml;q=0.9,image/webp,*/*;q=0.8',
  'referer' => 'http://localhost/shimizu/public/index/event/index',
  'accept-encoding' => 'gzip, deflate, br',
  'accept-language' => 'zh-CN,zh;q=0.8',
  'cookie' => 'pgv_pvi=6232212480',
)
[ info ] [ PARAM ] array (
)
[ info ] [ DB ] INIT mysql
[ info ] [ RUN ] app\index\controller\Product->index[ C:\wamp\www\shimizu\application\index\controller\Product.php ]
[ info ] [ VIEW ] C:\wamp\www\shimizu\public/../application/index\view\product\index.html [ array (
  0 => 'nav',
  1 => 'banner',
  2 => 'bestDesert',
  3 => 'allDesert',
) ]
[ info ] [ LOG ] INIT File
[ sql ] [ DB ] CONNECT:[ UseTime:0.011507s ] mysql:host=localhost;dbname=shimizu;charset=utf8
[ sql ] [ SQL ] SHOW COLUMNS FROM `menu` [ RunTime:0.001058s ]
[ sql ] [ SQL ] SELECT * FROM `menu` WHERE  `status` = 1  AND `type` = 2 ORDER BY listorder desc, id desc [ RunTime:0.000545s ]
[ sql ] [ SQL ] SHOW COLUMNS FROM `banner` [ RunTime:0.002584s ]
[ sql ] [ SQL ] SELECT * FROM `banner` WHERE  `status` = 1 ORDER BY listorder desc, id desc LIMIT 5 [ RunTime:0.000373s ]
[ sql ] [ SQL ] SHOW COLUMNS FROM `media` [ RunTime:0.000684s ]
[ sql ] [ SQL ] SELECT * FROM `media` WHERE  `id` = 51 LIMIT 1 [ RunTime:0.000323s ]
[ sql ] [ SQL ] SELECT * FROM `media` WHERE  `id` = 63 LIMIT 1 [ RunTime:0.000387s ]
[ sql ] [ SQL ] SHOW COLUMNS FROM `best_deserts` [ RunTime:0.001428s ]
[ sql ] [ SQL ] SELECT * FROM `best_deserts` WHERE  `status` = 1 ORDER BY listorder desc, id desc LIMIT 5 [ RunTime:0.000317s ]
[ sql ] [ SQL ] SHOW COLUMNS FROM `all_deserts` [ RunTime:0.000676s ]
[ sql ] [ SQL ] SELECT * FROM `all_deserts` WHERE  `id` = 13 LIMIT 1 [ RunTime:0.000338s ]
[ sql ] [ SQL ] SELECT * FROM `media` WHERE  `id` = 71 LIMIT 1 [ RunTime:0.000391s ]
[ sql ] [ SQL ] SELECT * FROM `all_deserts` WHERE  `id` = 19 LIMIT 1 [ RunTime:0.000301s ]
[ sql ] [ SQL ] SELECT * FROM `media` WHERE  `id` = 64 LIMIT 1 [ RunTime:0.000308s ]
[ sql ] [ SQL ] SELECT * FROM `all_deserts` WHERE  `id` = 18 LIMIT 1 [ RunTime:0.000277s ]
[ sql ] [ SQL ] SELECT * FROM `media` WHERE  `id` = 58 LIMIT 1 [ RunTime:0.000205s ]
[ sql ] [ SQL ] SELECT * FROM `all_deserts` WHERE  `id` = 17 LIMIT 1 [ RunTime:0.000332s ]
[ sql ] [ SQL ] SELECT * FROM `media` WHERE  `id` = 56 LIMIT 1 [ RunTime:0.000286s ]
[ sql ] [ SQL ] SELECT * FROM `all_deserts` WHERE  `id` = 16 LIMIT 1 [ RunTime:0.000272s ]
[ sql ] [ SQL ] SELECT * FROM `media` WHERE  `id` = 55 LIMIT 1 [ RunTime:0.000275s ]
[ sql ] [ SQL ] SELECT COUNT(*) AS tp_count FROM `all_deserts` WHERE  `status` = 1 LIMIT 1 [ RunTime:0.000320s ]
[ sql ] [ SQL ] SELECT * FROM `all_deserts` WHERE  `status` = 1 ORDER BY id desc LIMIT 0,10 [ RunTime:0.000366s ]
[ sql ] [ SQL ] SELECT * FROM `media` WHERE  `id` = 72 LIMIT 1 [ RunTime:0.000414s ]
[ sql ] [ SQL ] SELECT * FROM `media` WHERE  `id` = 64 LIMIT 1 [ RunTime:0.000236s ]
[ sql ] [ SQL ] SELECT * FROM `media` WHERE  `id` = 58 LIMIT 1 [ RunTime:0.000219s ]
[ sql ] [ SQL ] SELECT * FROM `media` WHERE  `id` = 56 LIMIT 1 [ RunTime:0.000207s ]
[ sql ] [ SQL ] SELECT * FROM `media` WHERE  `id` = 55 LIMIT 1 [ RunTime:0.000222s ]
[ sql ] [ SQL ] SELECT * FROM `media` WHERE  `id` = 54 LIMIT 1 [ RunTime:0.000223s ]
[ sql ] [ SQL ] SELECT * FROM `media` WHERE  `id` = 53 LIMIT 1 [ RunTime:0.000217s ]
[ sql ] [ SQL ] SELECT * FROM `media` WHERE  `id` = 71 LIMIT 1 [ RunTime:0.000246s ]
---------------------------------------------------------------
[ 2018-03-14T12:30:51+08:00 ] ::1 ::1 GET /shimizu/public/index/store/index
[ info ] localhost/shimizu/public/index/store/index [运行时间：0.086244s][吞吐率：11.60req/s] [内存消耗：3,222.49kb] [文件加载：59]
[ info ] [ LANG ] C:\wamp\www\shimizu\thinkphp\lang\zh-cn.php
[ info ] [ ROUTE ] array (
  'type' => 'module',
  'module' => 
  array (
    0 => 'index',
    1 => 'store',
    2 => 'index',
  ),
)
[ info ] [ HEADER ] array (
  'host' => 'localhost',
  'connection' => 'keep-alive',
  'upgrade-insecure-requests' => '1',
  'user-agent' => 'Mozilla/5.0 (Windows NT 10.0; WOW64) AppleWebKit/537.36 (KHTML, like Gecko) Chrome/55.0.2883.87 UBrowser/6.2.3964.2 Safari/537.36',
  'accept' => 'text/html,application/xhtml+xml,application/xml;q=0.9,image/webp,*/*;q=0.8',
  'referer' => 'http://localhost/shimizu/public/index/product/index',
  'accept-encoding' => 'gzip, deflate, br',
  'accept-language' => 'zh-CN,zh;q=0.8',
  'cookie' => 'pgv_pvi=6232212480',
)
[ info ] [ PARAM ] array (
)
[ info ] [ DB ] INIT mysql
[ info ] [ RUN ] app\index\controller\Store->index[ C:\wamp\www\shimizu\application\index\controller\Store.php ]
[ info ] [ VIEW ] C:\wamp\www\shimizu\public/../application/index\view\store\index.html [ array (
  0 => 'nav',
) ]
[ info ] [ LOG ] INIT File
[ sql ] [ DB ] CONNECT:[ UseTime:0.012285s ] mysql:host=localhost;dbname=shimizu;charset=utf8
[ sql ] [ SQL ] SHOW COLUMNS FROM `menu` [ RunTime:0.000939s ]
[ sql ] [ SQL ] SELECT * FROM `menu` WHERE  `status` = 1  AND `type` = 2 ORDER BY listorder desc, id desc [ RunTime:0.000439s ]
---------------------------------------------------------------
[ 2018-03-14T12:30:55+08:00 ] ::1 ::1 GET /shimizu/public/index/index/index
[ info ] localhost/shimizu/public/index/index/index [运行时间：0.123574s][吞吐率：8.09req/s] [内存消耗：3,500.82kb] [文件加载：64]
[ info ] [ LANG ] C:\wamp\www\shimizu\thinkphp\lang\zh-cn.php
[ info ] [ ROUTE ] array (
  'type' => 'module',
  'module' => 
  array (
    0 => 'index',
    1 => 'index',
    2 => 'index',
  ),
)
[ info ] [ HEADER ] array (
  'host' => 'localhost',
  'connection' => 'keep-alive',
  'upgrade-insecure-requests' => '1',
  'user-agent' => 'Mozilla/5.0 (Windows NT 10.0; WOW64) AppleWebKit/537.36 (KHTML, like Gecko) Chrome/55.0.2883.87 UBrowser/6.2.3964.2 Safari/537.36',
  'accept' => 'text/html,application/xhtml+xml,application/xml;q=0.9,image/webp,*/*;q=0.8',
  'referer' => 'http://localhost/shimizu/public/index/store/index',
  'accept-encoding' => 'gzip, deflate, br',
  'accept-language' => 'zh-CN,zh;q=0.8',
  'cookie' => 'pgv_pvi=6232212480',
)
[ info ] [ PARAM ] array (
)
[ info ] [ DB ] INIT mysql
[ info ] [ RUN ] app\index\controller\Index->index[ C:\wamp\www\shimizu\application\index\controller\Index.php ]
[ info ] [ VIEW ] C:\wamp\www\shimizu\public/../application/index\view\index\index.html [ array (
  0 => 'nav',
  1 => 'banner',
  2 => 'desert',
  3 => 'newsThree',
  4 => 'eventBig',
  5 => 'events',
) ]
[ info ] [ LOG ] INIT File
[ sql ] [ DB ] CONNECT:[ UseTime:0.010911s ] mysql:host=localhost;dbname=shimizu;charset=utf8
[ sql ] [ SQL ] SHOW COLUMNS FROM `menu` [ RunTime:0.000865s ]
[ sql ] [ SQL ] SELECT * FROM `menu` WHERE  `status` = 1  AND `type` = 2 ORDER BY listorder desc, id desc [ RunTime:0.000417s ]
[ sql ] [ SQL ] SHOW COLUMNS FROM `banner` [ RunTime:0.000746s ]
[ sql ] [ SQL ] SELECT * FROM `banner` WHERE  `status` = 1 ORDER BY listorder desc, id desc LIMIT 5 [ RunTime:0.000327s ]
[ sql ] [ SQL ] SHOW COLUMNS FROM `media` [ RunTime:0.001113s ]
[ sql ] [ SQL ] SELECT * FROM `media` WHERE  `id` = 51 LIMIT 1 [ RunTime:0.000358s ]
[ sql ] [ SQL ] SELECT * FROM `media` WHERE  `id` = 63 LIMIT 1 [ RunTime:0.000304s ]
[ sql ] [ SQL ] SHOW COLUMNS FROM `event` [ RunTime:0.000748s ]
[ sql ] [ SQL ] SELECT * FROM `event` WHERE  `status` = 1 LIMIT 1 [ RunTime:0.000362s ]
[ sql ] [ SQL ] SHOW COLUMNS FROM `news` [ RunTime:0.000887s ]
[ sql ] [ SQL ] SELECT * FROM `news` WHERE  `status` = 1 ORDER BY id desc LIMIT 3 [ RunTime:0.000451s ]
[ sql ] [ SQL ] SELECT * FROM `media` WHERE  `id` = 65 LIMIT 1 [ RunTime:0.000483s ]
[ sql ] [ SQL ] SELECT * FROM `media` WHERE  `id` = 62 LIMIT 1 [ RunTime:0.000610s ]
[ sql ] [ SQL ] SELECT * FROM `media` WHERE  `id` = 60 LIMIT 1 [ RunTime:0.000336s ]
[ sql ] [ SQL ] SHOW COLUMNS FROM `all_deserts` [ RunTime:0.000751s ]
[ sql ] [ SQL ] SELECT * FROM `all_deserts` WHERE  `status` = 1 ORDER BY id desc LIMIT 10 [ RunTime:0.000453s ]
[ sql ] [ SQL ] SELECT * FROM `media` WHERE  `id` = 72 LIMIT 1 [ RunTime:0.000303s ]
[ sql ] [ SQL ] SELECT * FROM `media` WHERE  `id` = 64 LIMIT 1 [ RunTime:0.000300s ]
[ sql ] [ SQL ] SELECT * FROM `media` WHERE  `id` = 58 LIMIT 1 [ RunTime:0.000340s ]
[ sql ] [ SQL ] SELECT * FROM `media` WHERE  `id` = 56 LIMIT 1 [ RunTime:0.000223s ]
[ sql ] [ SQL ] SELECT * FROM `media` WHERE  `id` = 55 LIMIT 1 [ RunTime:0.000236s ]
[ sql ] [ SQL ] SELECT * FROM `media` WHERE  `id` = 54 LIMIT 1 [ RunTime:0.000291s ]
[ sql ] [ SQL ] SELECT * FROM `media` WHERE  `id` = 53 LIMIT 1 [ RunTime:0.000297s ]
[ sql ] [ SQL ] SELECT * FROM `media` WHERE  `id` = 71 LIMIT 1 [ RunTime:0.000205s ]
[ sql ] [ SQL ] SELECT * FROM `event` WHERE  `status` = 1 ORDER BY id desc LIMIT 6 [ RunTime:0.000412s ]
[ sql ] [ SQL ] SELECT * FROM `media` WHERE  `id` = 61 LIMIT 1 [ RunTime:0.000305s ]
