---------------------------------------------------------------
[ 2017-10-16T12:04:43+08:00 ] ::1 ::1 GET /shimizu/public/
[ info ] localhost/shimizu/public/ [运行时间：0.029368s][吞吐率：34.05req/s] [内存消耗：1,593.46kb] [文件加载：37]
[ info ] [ LANG ] C:\wamp\www\shimizu\thinkphp\lang\zh-cn.php
[ info ] [ ROUTE ] array (
  'type' => 'module',
  'module' => 
  array (
    0 => '',
    1 => NULL,
    2 => NULL,
  ),
)
[ info ] [ HEADER ] array (
  'host' => 'localhost',
  'connection' => 'keep-alive',
  'upgrade-insecure-requests' => '1',
  'user-agent' => 'Mozilla/5.0 (Windows NT 10.0; WOW64) AppleWebKit/537.36 (KHTML, like Gecko) Chrome/53.0.2785.104 Safari/537.36 Core/1.53.3408.400 QQBrowser/9.6.12028.400',
  'accept' => 'text/html,application/xhtml+xml,application/xml;q=0.9,image/webp,*/*;q=0.8',
  'accept-encoding' => 'gzip, deflate, sdch',
  'accept-language' => 'zh-CN,zh;q=0.8',
)
[ info ] [ PARAM ] array (
)
[ info ] [ RUN ] app\index\controller\Index->index[ C:\wamp\www\shimizu\application\index\controller\Index.php ]
[ info ] [ LOG ] INIT File
---------------------------------------------------------------
[ 2017-10-16T12:04:49+08:00 ] ::1 ::1 GET /shimizu/public/admin
[ info ] localhost/shimizu/public/admin [运行时间：0.084201s][吞吐率：11.88req/s] [内存消耗：3,350.98kb] [文件加载：56]
[ info ] [ LANG ] C:\wamp\www\shimizu\thinkphp\lang\zh-cn.php
[ info ] [ ROUTE ] array (
  'type' => 'module',
  'module' => 
  array (
    0 => 'admin',
    1 => NULL,
    2 => NULL,
  ),
)
[ info ] [ HEADER ] array (
  'host' => 'localhost',
  'connection' => 'keep-alive',
  'upgrade-insecure-requests' => '1',
  'user-agent' => 'Mozilla/5.0 (Windows NT 10.0; WOW64) AppleWebKit/537.36 (KHTML, like Gecko) Chrome/53.0.2785.104 Safari/537.36 Core/1.53.3408.400 QQBrowser/9.6.12028.400',
  'accept' => 'text/html,application/xhtml+xml,application/xml;q=0.9,image/webp,*/*;q=0.8',
  'accept-encoding' => 'gzip, deflate, sdch',
  'accept-language' => 'zh-CN,zh;q=0.8',
  'cookie' => 'pgv_pvi=5663416320; pgv_si=s5739432960',
)
[ info ] [ PARAM ] array (
)
[ info ] [ DB ] INIT mysql
[ info ] [ RUN ] app\admin\controller\Index->index[ C:\wamp\www\shimizu\application\admin\controller\Index.php ]
[ info ] [ VIEW ] C:\wamp\www\shimizu\public/../application/admin\view\index\index.html [ array (
  0 => 'nav',
) ]
[ info ] [ LOG ] INIT File
[ sql ] [ DB ] CONNECT:[ UseTime:0.010650s ] mysql:host=localhost;dbname=shimizu;charset=utf8
[ sql ] [ SQL ] SHOW COLUMNS FROM `menu` [ RunTime:0.019931s ]
[ sql ] [ SQL ] SELECT * FROM `menu` WHERE  `status` = 1  AND `type` = 1 ORDER BY listorder desc, id desc [ RunTime:0.003069s ]
---------------------------------------------------------------
[ 2017-10-16T12:07:25+08:00 ] ::1 ::1 GET /shimizu/public/admin
[ info ] localhost/shimizu/public/admin [运行时间：0.054309s][吞吐率：18.41req/s] [内存消耗：3,173.09kb] [文件加载：54]
[ info ] [ LANG ] C:\wamp\www\shimizu\thinkphp\lang\zh-cn.php
[ info ] [ ROUTE ] array (
  'type' => 'module',
  'module' => 
  array (
    0 => 'admin',
    1 => NULL,
    2 => NULL,
  ),
)
[ info ] [ HEADER ] array (
  'host' => 'localhost',
  'connection' => 'keep-alive',
  'cache-control' => 'max-age=0',
  'upgrade-insecure-requests' => '1',
  'user-agent' => 'Mozilla/5.0 (Windows NT 10.0; WOW64) AppleWebKit/537.36 (KHTML, like Gecko) Chrome/53.0.2785.104 Safari/537.36 Core/1.53.3408.400 QQBrowser/9.6.12028.400',
  'accept' => 'text/html,application/xhtml+xml,application/xml;q=0.9,image/webp,*/*;q=0.8',
  'accept-encoding' => 'gzip, deflate, sdch',
  'accept-language' => 'zh-CN,zh;q=0.8',
  'cookie' => 'pgv_pvi=5663416320; pgv_si=s5739432960',
)
[ info ] [ PARAM ] array (
)
[ info ] [ DB ] INIT mysql
[ info ] [ RUN ] app\admin\controller\Index->index[ C:\wamp\www\shimizu\application\admin\controller\Index.php ]
[ info ] [ VIEW ] C:\wamp\www\shimizu\public/../application/admin\view\index\index.html [ array (
  0 => 'nav',
) ]
[ info ] [ LOG ] INIT File
[ sql ] [ DB ] CONNECT:[ UseTime:0.002385s ] mysql:host=localhost;dbname=shimizu;charset=utf8
[ sql ] [ SQL ] SHOW COLUMNS FROM `menu` [ RunTime:0.001265s ]
[ sql ] [ SQL ] SELECT * FROM `menu` WHERE  `status` = 1  AND `type` = 1 ORDER BY listorder desc, id desc [ RunTime:0.000407s ]
---------------------------------------------------------------
[ 2017-10-16T12:07:26+08:00 ] ::1 ::1 GET /shimizu/public/admin
[ info ] localhost/shimizu/public/admin [运行时间：0.063765s][吞吐率：15.68req/s] [内存消耗：3,173.09kb] [文件加载：54]
[ info ] [ LANG ] C:\wamp\www\shimizu\thinkphp\lang\zh-cn.php
[ info ] [ ROUTE ] array (
  'type' => 'module',
  'module' => 
  array (
    0 => 'admin',
    1 => NULL,
    2 => NULL,
  ),
)
[ info ] [ HEADER ] array (
  'host' => 'localhost',
  'connection' => 'keep-alive',
  'cache-control' => 'max-age=0',
  'upgrade-insecure-requests' => '1',
  'user-agent' => 'Mozilla/5.0 (Windows NT 10.0; WOW64) AppleWebKit/537.36 (KHTML, like Gecko) Chrome/53.0.2785.104 Safari/537.36 Core/1.53.3408.400 QQBrowser/9.6.12028.400',
  'accept' => 'text/html,application/xhtml+xml,application/xml;q=0.9,image/webp,*/*;q=0.8',
  'accept-encoding' => 'gzip, deflate, sdch',
  'accept-language' => 'zh-CN,zh;q=0.8',
  'cookie' => 'pgv_pvi=5663416320; pgv_si=s5739432960',
)
[ info ] [ PARAM ] array (
)
[ info ] [ DB ] INIT mysql
[ info ] [ RUN ] app\admin\controller\Index->index[ C:\wamp\www\shimizu\application\admin\controller\Index.php ]
[ info ] [ VIEW ] C:\wamp\www\shimizu\public/../application/admin\view\index\index.html [ array (
  0 => 'nav',
) ]
[ info ] [ LOG ] INIT File
[ sql ] [ DB ] CONNECT:[ UseTime:0.002362s ] mysql:host=localhost;dbname=shimizu;charset=utf8
[ sql ] [ SQL ] SHOW COLUMNS FROM `menu` [ RunTime:0.001034s ]
[ sql ] [ SQL ] SELECT * FROM `menu` WHERE  `status` = 1  AND `type` = 1 ORDER BY listorder desc, id desc [ RunTime:0.000291s ]
---------------------------------------------------------------
[ 2017-10-16T12:07:49+08:00 ] ::1 ::1 GET /shimizu/public/admin/menu
[ info ] localhost/shimizu/public/admin/menu [运行时间：0.059620s][吞吐率：16.77req/s] [内存消耗：3,460.42kb] [文件加载：59]
[ info ] [ LANG ] C:\wamp\www\shimizu\thinkphp\lang\zh-cn.php
[ info ] [ ROUTE ] array (
  'type' => 'module',
  'module' => 
  array (
    0 => 'admin',
    1 => 'menu',
    2 => NULL,
  ),
)
[ info ] [ HEADER ] array (
  'host' => 'localhost',
  'connection' => 'keep-alive',
  'upgrade-insecure-requests' => '1',
  'user-agent' => 'Mozilla/5.0 (Windows NT 10.0; WOW64) AppleWebKit/537.36 (KHTML, like Gecko) Chrome/53.0.2785.104 Safari/537.36 Core/1.53.3408.400 QQBrowser/9.6.12028.400',
  'accept' => 'text/html,application/xhtml+xml,application/xml;q=0.9,image/webp,*/*;q=0.8',
  'accept-encoding' => 'gzip, deflate, sdch',
  'accept-language' => 'zh-CN,zh;q=0.8',
  'cookie' => 'pgv_pvi=5663416320; pgv_si=s5739432960',
)
[ info ] [ PARAM ] array (
)
[ info ] [ DB ] INIT mysql
[ info ] [ RUN ] app\admin\controller\Menu->index[ C:\wamp\www\shimizu\application\admin\controller\Menu.php ]
[ info ] [ VIEW ] C:\wamp\www\shimizu\public/../application/admin\view\menu\index.html [ array (
  0 => 'nav',
  1 => 'menu',
) ]
[ info ] [ LOG ] INIT File
[ sql ] [ DB ] CONNECT:[ UseTime:0.002507s ] mysql:host=localhost;dbname=shimizu;charset=utf8
[ sql ] [ SQL ] SHOW COLUMNS FROM `menu` [ RunTime:0.001031s ]
[ sql ] [ SQL ] SELECT * FROM `menu` WHERE  `status` = 1  AND `type` = 1 ORDER BY listorder desc, id desc [ RunTime:0.000349s ]
[ sql ] [ SQL ] SELECT COUNT(*) AS tp_count FROM `menu` WHERE  `status` <> -1 LIMIT 1 [ RunTime:0.002941s ]
[ sql ] [ SQL ] SELECT * FROM `menu` WHERE  `status` <> -1 ORDER BY listorder desc, id desc LIMIT 0,10 [ RunTime:0.000250s ]
---------------------------------------------------------------
[ 2017-10-16T12:07:51+08:00 ] ::1 ::1 GET /shimizu/public/index.php?s=admin/menu/add
[ info ] localhost/shimizu/public/index.php?s=admin/menu/add [运行时间：0.054700s][吞吐率：18.28req/s] [内存消耗：3,335.27kb] [文件加载：56]
[ info ] [ LANG ] C:\wamp\www\shimizu\thinkphp\lang\zh-cn.php
[ info ] [ ROUTE ] array (
  'type' => 'module',
  'module' => 
  array (
    0 => 'admin',
    1 => 'menu',
    2 => 'add',
  ),
)
[ info ] [ HEADER ] array (
  'host' => 'localhost',
  'connection' => 'keep-alive',
  'upgrade-insecure-requests' => '1',
  'user-agent' => 'Mozilla/5.0 (Windows NT 10.0; WOW64) AppleWebKit/537.36 (KHTML, like Gecko) Chrome/53.0.2785.104 Safari/537.36 Core/1.53.3408.400 QQBrowser/9.6.12028.400',
  'accept' => 'text/html,application/xhtml+xml,application/xml;q=0.9,image/webp,*/*;q=0.8',
  'referer' => 'http://localhost/shimizu/public/admin/menu',
  'accept-encoding' => 'gzip, deflate, sdch',
  'accept-language' => 'zh-CN,zh;q=0.8',
  'cookie' => 'pgv_pvi=5663416320; pgv_si=s5739432960',
)
[ info ] [ PARAM ] array (
)
[ info ] [ DB ] INIT mysql
[ info ] [ RUN ] app\admin\controller\Base->add[ C:\wamp\www\shimizu\application\admin\controller\Base.php ]
[ info ] [ VIEW ] C:\wamp\www\shimizu\public/../application/admin\view\menu\add.html [ array (
  0 => 'nav',
) ]
[ info ] [ LOG ] INIT File
[ sql ] [ DB ] CONNECT:[ UseTime:0.011230s ] mysql:host=localhost;dbname=shimizu;charset=utf8
[ sql ] [ SQL ] SHOW COLUMNS FROM `menu` [ RunTime:0.001076s ]
[ sql ] [ SQL ] SELECT * FROM `menu` WHERE  `status` = 1  AND `type` = 1 ORDER BY listorder desc, id desc [ RunTime:0.000333s ]
---------------------------------------------------------------
[ 2017-10-16T12:08:02+08:00 ] ::1 ::1 POST /shimizu/public/index.php?s=admin/menu/add
[ info ] localhost/shimizu/public/index.php?s=admin/menu/add [运行时间：0.055932s][吞吐率：17.88req/s] [内存消耗：3,166.77kb] [文件加载：54]
[ info ] [ LANG ] C:\wamp\www\shimizu\thinkphp\lang\zh-cn.php
[ info ] [ ROUTE ] array (
  'type' => 'module',
  'module' => 
  array (
    0 => 'admin',
    1 => 'menu',
    2 => 'add',
  ),
)
[ info ] [ HEADER ] array (
  'host' => 'localhost',
  'connection' => 'keep-alive',
  'content-length' => '71',
  'accept' => 'application/json, text/javascript, */*; q=0.01',
  'origin' => 'http://localhost',
  'x-requested-with' => 'XMLHttpRequest',
  'user-agent' => 'Mozilla/5.0 (Windows NT 10.0; WOW64) AppleWebKit/537.36 (KHTML, like Gecko) Chrome/53.0.2785.104 Safari/537.36 Core/1.53.3408.400 QQBrowser/9.6.12028.400',
  'content-type' => 'application/x-www-form-urlencoded; charset=UTF-8',
  'referer' => 'http://localhost/shimizu/public/index.php?s=admin/menu/add',
  'accept-encoding' => 'gzip, deflate',
  'accept-language' => 'zh-CN,zh;q=0.8',
  'cookie' => 'pgv_pvi=5663416320; pgv_si=s5739432960',
)
[ info ] [ PARAM ] array (
  'name' => '菜单管理',
  'm' => 'admin',
  'c' => 'menu',
  'f' => 'index',
  'type' => '1',
)
[ info ] [ DB ] INIT mysql
[ info ] [ RUN ] app\admin\controller\Base->add[ C:\wamp\www\shimizu\application\admin\controller\Base.php ]
[ info ] [ LOG ] INIT File
[ sql ] [ DB ] CONNECT:[ UseTime:0.002774s ] mysql:host=localhost;dbname=shimizu;charset=utf8
[ sql ] [ SQL ] SHOW COLUMNS FROM `menu` [ RunTime:0.001345s ]
[ sql ] [ SQL ] SELECT * FROM `menu` WHERE  `status` = 1  AND `type` = 1 ORDER BY listorder desc, id desc [ RunTime:0.000325s ]
[ sql ] [ SQL ] INSERT INTO `menu` (`name` , `m` , `c` , `f` , `type`) VALUES ('菜单管理' , 'admin' , 'menu' , 'index' , 1) [ RunTime:0.003152s ]
---------------------------------------------------------------
[ 2017-10-16T12:08:03+08:00 ] ::1 ::1 GET /shimizu/public/index.php?s=admin/menu/index
[ info ] localhost/shimizu/public/index.php?s=admin/menu/index [运行时间：0.057805s][吞吐率：17.30req/s] [内存消耗：3,292.69kb] [文件加载：57]
[ info ] [ LANG ] C:\wamp\www\shimizu\thinkphp\lang\zh-cn.php
[ info ] [ ROUTE ] array (
  'type' => 'module',
  'module' => 
  array (
    0 => 'admin',
    1 => 'menu',
    2 => 'index',
  ),
)
[ info ] [ HEADER ] array (
  'host' => 'localhost',
  'connection' => 'keep-alive',
  'upgrade-insecure-requests' => '1',
  'user-agent' => 'Mozilla/5.0 (Windows NT 10.0; WOW64) AppleWebKit/537.36 (KHTML, like Gecko) Chrome/53.0.2785.104 Safari/537.36 Core/1.53.3408.400 QQBrowser/9.6.12028.400',
  'accept' => 'text/html,application/xhtml+xml,application/xml;q=0.9,image/webp,*/*;q=0.8',
  'referer' => 'http://localhost/shimizu/public/index.php?s=admin/menu/add',
  'accept-encoding' => 'gzip, deflate, sdch',
  'accept-language' => 'zh-CN,zh;q=0.8',
  'cookie' => 'pgv_pvi=5663416320; pgv_si=s5739432960',
)
[ info ] [ PARAM ] array (
)
[ info ] [ DB ] INIT mysql
[ info ] [ RUN ] app\admin\controller\Menu->index[ C:\wamp\www\shimizu\application\admin\controller\Menu.php ]
[ info ] [ VIEW ] C:\wamp\www\shimizu\public/../application/admin\view\menu\index.html [ array (
  0 => 'nav',
  1 => 'menu',
) ]
[ info ] [ LOG ] INIT File
[ sql ] [ DB ] CONNECT:[ UseTime:0.011052s ] mysql:host=localhost;dbname=shimizu;charset=utf8
[ sql ] [ SQL ] SHOW COLUMNS FROM `menu` [ RunTime:0.001425s ]
[ sql ] [ SQL ] SELECT * FROM `menu` WHERE  `status` = 1  AND `type` = 1 ORDER BY listorder desc, id desc [ RunTime:0.000372s ]
[ sql ] [ SQL ] SELECT COUNT(*) AS tp_count FROM `menu` WHERE  `status` <> -1 LIMIT 1 [ RunTime:0.001864s ]
[ sql ] [ SQL ] SELECT * FROM `menu` WHERE  `status` <> -1 ORDER BY listorder desc, id desc LIMIT 0,10 [ RunTime:0.000334s ]
---------------------------------------------------------------
[ 2017-10-16T12:08:04+08:00 ] ::1 ::1 GET /shimizu/public/index.php?s=admin/menu/add
[ info ] localhost/shimizu/public/index.php?s=admin/menu/add [运行时间：0.051430s][吞吐率：19.44req/s] [内存消耗：3,160.70kb] [文件加载：54]
[ info ] [ LANG ] C:\wamp\www\shimizu\thinkphp\lang\zh-cn.php
[ info ] [ ROUTE ] array (
  'type' => 'module',
  'module' => 
  array (
    0 => 'admin',
    1 => 'menu',
    2 => 'add',
  ),
)
[ info ] [ HEADER ] array (
  'host' => 'localhost',
  'connection' => 'keep-alive',
  'upgrade-insecure-requests' => '1',
  'user-agent' => 'Mozilla/5.0 (Windows NT 10.0; WOW64) AppleWebKit/537.36 (KHTML, like Gecko) Chrome/53.0.2785.104 Safari/537.36 Core/1.53.3408.400 QQBrowser/9.6.12028.400',
  'accept' => 'text/html,application/xhtml+xml,application/xml;q=0.9,image/webp,*/*;q=0.8',
  'referer' => 'http://localhost/shimizu/public/index.php?s=admin/menu/index',
  'accept-encoding' => 'gzip, deflate, sdch',
  'accept-language' => 'zh-CN,zh;q=0.8',
  'cookie' => 'pgv_pvi=5663416320; pgv_si=s5739432960',
)
[ info ] [ PARAM ] array (
)
[ info ] [ DB ] INIT mysql
[ info ] [ RUN ] app\admin\controller\Base->add[ C:\wamp\www\shimizu\application\admin\controller\Base.php ]
[ info ] [ VIEW ] C:\wamp\www\shimizu\public/../application/admin\view\menu\add.html [ array (
  0 => 'nav',
) ]
[ info ] [ LOG ] INIT File
[ sql ] [ DB ] CONNECT:[ UseTime:0.012784s ] mysql:host=localhost;dbname=shimizu;charset=utf8
[ sql ] [ SQL ] SHOW COLUMNS FROM `menu` [ RunTime:0.001037s ]
[ sql ] [ SQL ] SELECT * FROM `menu` WHERE  `status` = 1  AND `type` = 1 ORDER BY listorder desc, id desc [ RunTime:0.000412s ]
---------------------------------------------------------------
[ 2017-10-16T12:08:15+08:00 ] ::1 ::1 POST /shimizu/public/index.php?s=admin/menu/status
[ info ] localhost/shimizu/public/index.php?s=admin/menu/status [运行时间：0.055117s][吞吐率：18.14req/s] [内存消耗：3,164.49kb] [文件加载：54]
[ info ] [ LANG ] C:\wamp\www\shimizu\thinkphp\lang\zh-cn.php
[ info ] [ ROUTE ] array (
  'type' => 'module',
  'module' => 
  array (
    0 => 'admin',
    1 => 'menu',
    2 => 'status',
  ),
)
[ info ] [ HEADER ] array (
  'host' => 'localhost',
  'connection' => 'keep-alive',
  'content-length' => '13',
  'accept' => 'application/json, text/javascript, */*; q=0.01',
  'origin' => 'http://localhost',
  'x-requested-with' => 'XMLHttpRequest',
  'user-agent' => 'Mozilla/5.0 (Windows NT 10.0; WOW64) AppleWebKit/537.36 (KHTML, like Gecko) Chrome/53.0.2785.104 Safari/537.36 Core/1.53.3408.400 QQBrowser/9.6.12028.400',
  'content-type' => 'application/x-www-form-urlencoded; charset=UTF-8',
  'referer' => 'http://localhost/shimizu/public/index.php?s=admin/menu/index',
  'accept-encoding' => 'gzip, deflate',
  'accept-language' => 'zh-CN,zh;q=0.8',
  'cookie' => 'pgv_pvi=5663416320; pgv_si=s5739432960',
)
[ info ] [ PARAM ] array (
  'id' => '1',
  'status' => '1',
)
[ info ] [ DB ] INIT mysql
[ info ] [ RUN ] app\admin\controller\Base->status[ C:\wamp\www\shimizu\application\admin\controller\Base.php ]
[ info ] [ LOG ] INIT File
[ sql ] [ DB ] CONNECT:[ UseTime:0.008182s ] mysql:host=localhost;dbname=shimizu;charset=utf8
[ sql ] [ SQL ] SHOW COLUMNS FROM `menu` [ RunTime:0.000981s ]
[ sql ] [ SQL ] SELECT * FROM `menu` WHERE  `status` = 1  AND `type` = 1 ORDER BY listorder desc, id desc [ RunTime:0.000317s ]
[ sql ] [ SQL ] UPDATE `menu`  SET `id`=1,`status`=1  WHERE  (  id=1 ) [ RunTime:0.001717s ]
---------------------------------------------------------------
[ 2017-10-16T12:08:16+08:00 ] ::1 ::1 GET /shimizu/public/index.php?s=admin/menu/index
[ info ] localhost/shimizu/public/index.php?s=admin/menu/index [运行时间：0.056211s][吞吐率：17.79req/s] [内存消耗：3,295.29kb] [文件加载：57]
[ info ] [ LANG ] C:\wamp\www\shimizu\thinkphp\lang\zh-cn.php
[ info ] [ ROUTE ] array (
  'type' => 'module',
  'module' => 
  array (
    0 => 'admin',
    1 => 'menu',
    2 => 'index',
  ),
)
[ info ] [ HEADER ] array (
  'host' => 'localhost',
  'connection' => 'keep-alive',
  'upgrade-insecure-requests' => '1',
  'user-agent' => 'Mozilla/5.0 (Windows NT 10.0; WOW64) AppleWebKit/537.36 (KHTML, like Gecko) Chrome/53.0.2785.104 Safari/537.36 Core/1.53.3408.400 QQBrowser/9.6.12028.400',
  'accept' => 'text/html,application/xhtml+xml,application/xml;q=0.9,image/webp,*/*;q=0.8',
  'referer' => 'http://localhost/shimizu/public/index.php?s=admin/menu/index',
  'accept-encoding' => 'gzip, deflate, sdch',
  'accept-language' => 'zh-CN,zh;q=0.8',
  'cookie' => 'pgv_pvi=5663416320; pgv_si=s5739432960',
)
[ info ] [ PARAM ] array (
)
[ info ] [ DB ] INIT mysql
[ info ] [ RUN ] app\admin\controller\Menu->index[ C:\wamp\www\shimizu\application\admin\controller\Menu.php ]
[ info ] [ VIEW ] C:\wamp\www\shimizu\public/../application/admin\view\menu\index.html [ array (
  0 => 'nav',
  1 => 'menu',
) ]
[ info ] [ LOG ] INIT File
[ sql ] [ DB ] CONNECT:[ UseTime:0.011036s ] mysql:host=localhost;dbname=shimizu;charset=utf8
[ sql ] [ SQL ] SHOW COLUMNS FROM `menu` [ RunTime:0.001090s ]
[ sql ] [ SQL ] SELECT * FROM `menu` WHERE  `status` = 1  AND `type` = 1 ORDER BY listorder desc, id desc [ RunTime:0.001885s ]
[ sql ] [ SQL ] SELECT COUNT(*) AS tp_count FROM `menu` WHERE  `status` <> -1 LIMIT 1 [ RunTime:0.000454s ]
[ sql ] [ SQL ] SELECT * FROM `menu` WHERE  `status` <> -1 ORDER BY listorder desc, id desc LIMIT 0,10 [ RunTime:0.000356s ]
---------------------------------------------------------------
[ 2017-10-16T12:08:18+08:00 ] ::1 ::1 GET /shimizu/public/index.php?s=admin/menu/add
[ info ] localhost/shimizu/public/index.php?s=admin/menu/add [运行时间：0.050837s][吞吐率：19.67req/s] [内存消耗：3,164.02kb] [文件加载：54]
[ info ] [ LANG ] C:\wamp\www\shimizu\thinkphp\lang\zh-cn.php
[ info ] [ ROUTE ] array (
  'type' => 'module',
  'module' => 
  array (
    0 => 'admin',
    1 => 'menu',
    2 => 'add',
  ),
)
[ info ] [ HEADER ] array (
  'host' => 'localhost',
  'connection' => 'keep-alive',
  'upgrade-insecure-requests' => '1',
  'user-agent' => 'Mozilla/5.0 (Windows NT 10.0; WOW64) AppleWebKit/537.36 (KHTML, like Gecko) Chrome/53.0.2785.104 Safari/537.36 Core/1.53.3408.400 QQBrowser/9.6.12028.400',
  'accept' => 'text/html,application/xhtml+xml,application/xml;q=0.9,image/webp,*/*;q=0.8',
  'referer' => 'http://localhost/shimizu/public/index.php?s=admin/menu/index',
  'accept-encoding' => 'gzip, deflate, sdch',
  'accept-language' => 'zh-CN,zh;q=0.8',
  'cookie' => 'pgv_pvi=5663416320; pgv_si=s5739432960',
)
[ info ] [ PARAM ] array (
)
[ info ] [ DB ] INIT mysql
[ info ] [ RUN ] app\admin\controller\Base->add[ C:\wamp\www\shimizu\application\admin\controller\Base.php ]
[ info ] [ VIEW ] C:\wamp\www\shimizu\public/../application/admin\view\menu\add.html [ array (
  0 => 'nav',
) ]
[ info ] [ LOG ] INIT File
[ sql ] [ DB ] CONNECT:[ UseTime:0.011661s ] mysql:host=localhost;dbname=shimizu;charset=utf8
[ sql ] [ SQL ] SHOW COLUMNS FROM `menu` [ RunTime:0.001042s ]
[ sql ] [ SQL ] SELECT * FROM `menu` WHERE  `status` = 1  AND `type` = 1 ORDER BY listorder desc, id desc [ RunTime:0.000352s ]
---------------------------------------------------------------
[ 2017-10-16T12:08:33+08:00 ] ::1 ::1 POST /shimizu/public/index.php?s=admin/menu/add
[ info ] localhost/shimizu/public/index.php?s=admin/menu/add [运行时间：0.051387s][吞吐率：19.46req/s] [内存消耗：3,169.52kb] [文件加载：54]
[ info ] [ LANG ] C:\wamp\www\shimizu\thinkphp\lang\zh-cn.php
[ info ] [ ROUTE ] array (
  'type' => 'module',
  'module' => 
  array (
    0 => 'admin',
    1 => 'menu',
    2 => 'add',
  ),
)
[ info ] [ HEADER ] array (
  'host' => 'localhost',
  'connection' => 'keep-alive',
  'content-length' => '82',
  'accept' => 'application/json, text/javascript, */*; q=0.01',
  'origin' => 'http://localhost',
  'x-requested-with' => 'XMLHttpRequest',
  'user-agent' => 'Mozilla/5.0 (Windows NT 10.0; WOW64) AppleWebKit/537.36 (KHTML, like Gecko) Chrome/53.0.2785.104 Safari/537.36 Core/1.53.3408.400 QQBrowser/9.6.12028.400',
  'content-type' => 'application/x-www-form-urlencoded; charset=UTF-8',
  'referer' => 'http://localhost/shimizu/public/index.php?s=admin/menu/add',
  'accept-encoding' => 'gzip, deflate',
  'accept-language' => 'zh-CN,zh;q=0.8',
  'cookie' => 'pgv_pvi=5663416320; pgv_si=s5739432960',
)
[ info ] [ PARAM ] array (
  'name' => '轮播图管理',
  'm' => 'admin',
  'c' => 'banner',
  'f' => 'index',
  'type' => '1',
)
[ info ] [ DB ] INIT mysql
[ info ] [ RUN ] app\admin\controller\Base->add[ C:\wamp\www\shimizu\application\admin\controller\Base.php ]
[ info ] [ LOG ] INIT File
[ sql ] [ DB ] CONNECT:[ UseTime:0.011397s ] mysql:host=localhost;dbname=shimizu;charset=utf8
[ sql ] [ SQL ] SHOW COLUMNS FROM `menu` [ RunTime:0.001048s ]
[ sql ] [ SQL ] SELECT * FROM `menu` WHERE  `status` = 1  AND `type` = 1 ORDER BY listorder desc, id desc [ RunTime:0.000338s ]
[ sql ] [ SQL ] INSERT INTO `menu` (`name` , `m` , `c` , `f` , `type`) VALUES ('轮播图管理' , 'admin' , 'banner' , 'index' , 1) [ RunTime:0.000310s ]
---------------------------------------------------------------
[ 2017-10-16T12:08:34+08:00 ] ::1 ::1 GET /shimizu/public/index.php?s=admin/menu/index
[ info ] localhost/shimizu/public/index.php?s=admin/menu/index [运行时间：0.045391s][吞吐率：22.03req/s] [内存消耗：3,314.20kb] [文件加载：57]
[ info ] [ LANG ] C:\wamp\www\shimizu\thinkphp\lang\zh-cn.php
[ info ] [ ROUTE ] array (
  'type' => 'module',
  'module' => 
  array (
    0 => 'admin',
    1 => 'menu',
    2 => 'index',
  ),
)
[ info ] [ HEADER ] array (
  'host' => 'localhost',
  'connection' => 'keep-alive',
  'upgrade-insecure-requests' => '1',
  'user-agent' => 'Mozilla/5.0 (Windows NT 10.0; WOW64) AppleWebKit/537.36 (KHTML, like Gecko) Chrome/53.0.2785.104 Safari/537.36 Core/1.53.3408.400 QQBrowser/9.6.12028.400',
  'accept' => 'text/html,application/xhtml+xml,application/xml;q=0.9,image/webp,*/*;q=0.8',
  'referer' => 'http://localhost/shimizu/public/index.php?s=admin/menu/add',
  'accept-encoding' => 'gzip, deflate, sdch',
  'accept-language' => 'zh-CN,zh;q=0.8',
  'cookie' => 'pgv_pvi=5663416320; pgv_si=s5739432960',
)
[ info ] [ PARAM ] array (
)
[ info ] [ DB ] INIT mysql
[ info ] [ RUN ] app\admin\controller\Menu->index[ C:\wamp\www\shimizu\application\admin\controller\Menu.php ]
[ info ] [ VIEW ] C:\wamp\www\shimizu\public/../application/admin\view\menu\index.html [ array (
  0 => 'nav',
  1 => 'menu',
) ]
[ info ] [ LOG ] INIT File
[ sql ] [ DB ] CONNECT:[ UseTime:0.002216s ] mysql:host=localhost;dbname=shimizu;charset=utf8
[ sql ] [ SQL ] SHOW COLUMNS FROM `menu` [ RunTime:0.001241s ]
[ sql ] [ SQL ] SELECT * FROM `menu` WHERE  `status` = 1  AND `type` = 1 ORDER BY listorder desc, id desc [ RunTime:0.000464s ]
[ sql ] [ SQL ] SELECT COUNT(*) AS tp_count FROM `menu` WHERE  `status` <> -1 LIMIT 1 [ RunTime:0.000342s ]
[ sql ] [ SQL ] SELECT * FROM `menu` WHERE  `status` <> -1 ORDER BY listorder desc, id desc LIMIT 0,10 [ RunTime:0.000376s ]
---------------------------------------------------------------
[ 2017-10-16T12:08:36+08:00 ] ::1 ::1 POST /shimizu/public/index.php?s=admin/menu/status
[ info ] localhost/shimizu/public/index.php?s=admin/menu/status [运行时间：0.041885s][吞吐率：23.87req/s] [内存消耗：3,167.03kb] [文件加载：54]
[ info ] [ LANG ] C:\wamp\www\shimizu\thinkphp\lang\zh-cn.php
[ info ] [ ROUTE ] array (
  'type' => 'module',
  'module' => 
  array (
    0 => 'admin',
    1 => 'menu',
    2 => 'status',
  ),
)
[ info ] [ HEADER ] array (
  'host' => 'localhost',
  'connection' => 'keep-alive',
  'content-length' => '13',
  'accept' => 'application/json, text/javascript, */*; q=0.01',
  'origin' => 'http://localhost',
  'x-requested-with' => 'XMLHttpRequest',
  'user-agent' => 'Mozilla/5.0 (Windows NT 10.0; WOW64) AppleWebKit/537.36 (KHTML, like Gecko) Chrome/53.0.2785.104 Safari/537.36 Core/1.53.3408.400 QQBrowser/9.6.12028.400',
  'content-type' => 'application/x-www-form-urlencoded; charset=UTF-8',
  'referer' => 'http://localhost/shimizu/public/index.php?s=admin/menu/index',
  'accept-encoding' => 'gzip, deflate',
  'accept-language' => 'zh-CN,zh;q=0.8',
  'cookie' => 'pgv_pvi=5663416320; pgv_si=s5739432960',
)
[ info ] [ PARAM ] array (
  'id' => '2',
  'status' => '1',
)
[ info ] [ DB ] INIT mysql
[ info ] [ RUN ] app\admin\controller\Base->status[ C:\wamp\www\shimizu\application\admin\controller\Base.php ]
[ info ] [ LOG ] INIT File
[ sql ] [ DB ] CONNECT:[ UseTime:0.002161s ] mysql:host=localhost;dbname=shimizu;charset=utf8
[ sql ] [ SQL ] SHOW COLUMNS FROM `menu` [ RunTime:0.001103s ]
[ sql ] [ SQL ] SELECT * FROM `menu` WHERE  `status` = 1  AND `type` = 1 ORDER BY listorder desc, id desc [ RunTime:0.000376s ]
[ sql ] [ SQL ] UPDATE `menu`  SET `id`=2,`status`=1  WHERE  (  id=2 ) [ RunTime:0.000355s ]
---------------------------------------------------------------
[ 2017-10-16T12:08:37+08:00 ] ::1 ::1 GET /shimizu/public/index.php?s=admin/menu/index
[ info ] localhost/shimizu/public/index.php?s=admin/menu/index [运行时间：0.054913s][吞吐率：18.21req/s] [内存消耗：3,316.73kb] [文件加载：57]
[ info ] [ LANG ] C:\wamp\www\shimizu\thinkphp\lang\zh-cn.php
[ info ] [ ROUTE ] array (
  'type' => 'module',
  'module' => 
  array (
    0 => 'admin',
    1 => 'menu',
    2 => 'index',
  ),
)
[ info ] [ HEADER ] array (
  'host' => 'localhost',
  'connection' => 'keep-alive',
  'upgrade-insecure-requests' => '1',
  'user-agent' => 'Mozilla/5.0 (Windows NT 10.0; WOW64) AppleWebKit/537.36 (KHTML, like Gecko) Chrome/53.0.2785.104 Safari/537.36 Core/1.53.3408.400 QQBrowser/9.6.12028.400',
  'accept' => 'text/html,application/xhtml+xml,application/xml;q=0.9,image/webp,*/*;q=0.8',
  'referer' => 'http://localhost/shimizu/public/index.php?s=admin/menu/index',
  'accept-encoding' => 'gzip, deflate, sdch',
  'accept-language' => 'zh-CN,zh;q=0.8',
  'cookie' => 'pgv_pvi=5663416320; pgv_si=s5739432960',
)
[ info ] [ PARAM ] array (
)
[ info ] [ DB ] INIT mysql
[ info ] [ RUN ] app\admin\controller\Menu->index[ C:\wamp\www\shimizu\application\admin\controller\Menu.php ]
[ info ] [ VIEW ] C:\wamp\www\shimizu\public/../application/admin\view\menu\index.html [ array (
  0 => 'nav',
  1 => 'menu',
) ]
[ info ] [ LOG ] INIT File
[ sql ] [ DB ] CONNECT:[ UseTime:0.011299s ] mysql:host=localhost;dbname=shimizu;charset=utf8
[ sql ] [ SQL ] SHOW COLUMNS FROM `menu` [ RunTime:0.001243s ]
[ sql ] [ SQL ] SELECT * FROM `menu` WHERE  `status` = 1  AND `type` = 1 ORDER BY listorder desc, id desc [ RunTime:0.000371s ]
[ sql ] [ SQL ] SELECT COUNT(*) AS tp_count FROM `menu` WHERE  `status` <> -1 LIMIT 1 [ RunTime:0.000255s ]
[ sql ] [ SQL ] SELECT * FROM `menu` WHERE  `status` <> -1 ORDER BY listorder desc, id desc LIMIT 0,10 [ RunTime:0.000309s ]
---------------------------------------------------------------
[ 2017-10-16T12:09:15+08:00 ] ::1 ::1 GET /shimizu/public/index.php?s=admin/menu/add
[ info ] localhost/shimizu/public/index.php?s=admin/menu/add [运行时间：0.043643s][吞吐率：22.91req/s] [内存消耗：3,166.91kb] [文件加载：54]
[ info ] [ LANG ] C:\wamp\www\shimizu\thinkphp\lang\zh-cn.php
[ info ] [ ROUTE ] array (
  'type' => 'module',
  'module' => 
  array (
    0 => 'admin',
    1 => 'menu',
    2 => 'add',
  ),
)
[ info ] [ HEADER ] array (
  'host' => 'localhost',
  'connection' => 'keep-alive',
  'upgrade-insecure-requests' => '1',
  'user-agent' => 'Mozilla/5.0 (Windows NT 10.0; WOW64) AppleWebKit/537.36 (KHTML, like Gecko) Chrome/53.0.2785.104 Safari/537.36 Core/1.53.3408.400 QQBrowser/9.6.12028.400',
  'accept' => 'text/html,application/xhtml+xml,application/xml;q=0.9,image/webp,*/*;q=0.8',
  'referer' => 'http://localhost/shimizu/public/index.php?s=admin/menu/index',
  'accept-encoding' => 'gzip, deflate, sdch',
  'accept-language' => 'zh-CN,zh;q=0.8',
  'cookie' => 'pgv_pvi=5663416320; pgv_si=s5739432960',
)
[ info ] [ PARAM ] array (
)
[ info ] [ DB ] INIT mysql
[ info ] [ RUN ] app\admin\controller\Base->add[ C:\wamp\www\shimizu\application\admin\controller\Base.php ]
[ info ] [ VIEW ] C:\wamp\www\shimizu\public/../application/admin\view\menu\add.html [ array (
  0 => 'nav',
) ]
[ info ] [ LOG ] INIT File
[ sql ] [ DB ] CONNECT:[ UseTime:0.002529s ] mysql:host=localhost;dbname=shimizu;charset=utf8
[ sql ] [ SQL ] SHOW COLUMNS FROM `menu` [ RunTime:0.001104s ]
[ sql ] [ SQL ] SELECT * FROM `menu` WHERE  `status` = 1  AND `type` = 1 ORDER BY listorder desc, id desc [ RunTime:0.000339s ]
---------------------------------------------------------------
[ 2017-10-16T12:09:34+08:00 ] ::1 ::1 POST /shimizu/public/index.php?s=admin/menu/add
[ info ] localhost/shimizu/public/index.php?s=admin/menu/add [运行时间：0.045989s][吞吐率：21.74req/s] [内存消耗：3,171.91kb] [文件加载：54]
[ info ] [ LANG ] C:\wamp\www\shimizu\thinkphp\lang\zh-cn.php
[ info ] [ ROUTE ] array (
  'type' => 'module',
  'module' => 
  array (
    0 => 'admin',
    1 => 'menu',
    2 => 'add',
  ),
)
[ info ] [ HEADER ] array (
  'host' => 'localhost',
  'connection' => 'keep-alive',
  'content-length' => '72',
  'accept' => 'application/json, text/javascript, */*; q=0.01',
  'origin' => 'http://localhost',
  'x-requested-with' => 'XMLHttpRequest',
  'user-agent' => 'Mozilla/5.0 (Windows NT 10.0; WOW64) AppleWebKit/537.36 (KHTML, like Gecko) Chrome/53.0.2785.104 Safari/537.36 Core/1.53.3408.400 QQBrowser/9.6.12028.400',
  'content-type' => 'application/x-www-form-urlencoded; charset=UTF-8',
  'referer' => 'http://localhost/shimizu/public/index.php?s=admin/menu/add',
  'accept-encoding' => 'gzip, deflate',
  'accept-language' => 'zh-CN,zh;q=0.8',
  'cookie' => 'pgv_pvi=5663416320; pgv_si=s5739432960',
)
[ info ] [ PARAM ] array (
  'name' => '视频管理',
  'm' => 'admin',
  'c' => 'video',
  'f' => 'index',
  'type' => '2',
)
[ info ] [ DB ] INIT mysql
[ info ] [ RUN ] app\admin\controller\Base->add[ C:\wamp\www\shimizu\application\admin\controller\Base.php ]
[ info ] [ LOG ] INIT File
[ sql ] [ DB ] CONNECT:[ UseTime:0.003293s ] mysql:host=localhost;dbname=shimizu;charset=utf8
[ sql ] [ SQL ] SHOW COLUMNS FROM `menu` [ RunTime:0.000888s ]
[ sql ] [ SQL ] SELECT * FROM `menu` WHERE  `status` = 1  AND `type` = 1 ORDER BY listorder desc, id desc [ RunTime:0.000459s ]
[ sql ] [ SQL ] INSERT INTO `menu` (`name` , `m` , `c` , `f` , `type`) VALUES ('视频管理' , 'admin' , 'video' , 'index' , 2) [ RunTime:0.000346s ]
---------------------------------------------------------------
[ 2017-10-16T12:09:35+08:00 ] ::1 ::1 GET /shimizu/public/index.php?s=admin/menu/index
[ info ] localhost/shimizu/public/index.php?s=admin/menu/index [运行时间：0.045745s][吞吐率：21.86req/s] [内存消耗：3,319.65kb] [文件加载：57]
[ info ] [ LANG ] C:\wamp\www\shimizu\thinkphp\lang\zh-cn.php
[ info ] [ ROUTE ] array (
  'type' => 'module',
  'module' => 
  array (
    0 => 'admin',
    1 => 'menu',
    2 => 'index',
  ),
)
[ info ] [ HEADER ] array (
  'host' => 'localhost',
  'connection' => 'keep-alive',
  'upgrade-insecure-requests' => '1',
  'user-agent' => 'Mozilla/5.0 (Windows NT 10.0; WOW64) AppleWebKit/537.36 (KHTML, like Gecko) Chrome/53.0.2785.104 Safari/537.36 Core/1.53.3408.400 QQBrowser/9.6.12028.400',
  'accept' => 'text/html,application/xhtml+xml,application/xml;q=0.9,image/webp,*/*;q=0.8',
  'referer' => 'http://localhost/shimizu/public/index.php?s=admin/menu/add',
  'accept-encoding' => 'gzip, deflate, sdch',
  'accept-language' => 'zh-CN,zh;q=0.8',
  'cookie' => 'pgv_pvi=5663416320; pgv_si=s5739432960',
)
[ info ] [ PARAM ] array (
)
[ info ] [ DB ] INIT mysql
[ info ] [ RUN ] app\admin\controller\Menu->index[ C:\wamp\www\shimizu\application\admin\controller\Menu.php ]
[ info ] [ VIEW ] C:\wamp\www\shimizu\public/../application/admin\view\menu\index.html [ array (
  0 => 'nav',
  1 => 'menu',
) ]
[ info ] [ LOG ] INIT File
[ sql ] [ DB ] CONNECT:[ UseTime:0.002723s ] mysql:host=localhost;dbname=shimizu;charset=utf8
[ sql ] [ SQL ] SHOW COLUMNS FROM `menu` [ RunTime:0.000800s ]
[ sql ] [ SQL ] SELECT * FROM `menu` WHERE  `status` = 1  AND `type` = 1 ORDER BY listorder desc, id desc [ RunTime:0.000378s ]
[ sql ] [ SQL ] SELECT COUNT(*) AS tp_count FROM `menu` WHERE  `status` <> -1 LIMIT 1 [ RunTime:0.000430s ]
[ sql ] [ SQL ] SELECT * FROM `menu` WHERE  `status` <> -1 ORDER BY listorder desc, id desc LIMIT 0,10 [ RunTime:0.000377s ]
---------------------------------------------------------------
[ 2017-10-16T12:09:36+08:00 ] ::1 ::1 GET /shimizu/public/index.php?s=admin/banner/index
[ info ] localhost/shimizu/public/index.php?s=admin/banner/index [运行时间：0.051725s][吞吐率：19.33req/s] [内存消耗：3,370.55kb] [文件加载：57]
[ info ] [ LANG ] C:\wamp\www\shimizu\thinkphp\lang\zh-cn.php
[ info ] [ ROUTE ] array (
  'type' => 'module',
  'module' => 
  array (
    0 => 'admin',
    1 => 'banner',
    2 => 'index',
  ),
)
[ info ] [ HEADER ] array (
  'host' => 'localhost',
  'connection' => 'keep-alive',
  'upgrade-insecure-requests' => '1',
  'user-agent' => 'Mozilla/5.0 (Windows NT 10.0; WOW64) AppleWebKit/537.36 (KHTML, like Gecko) Chrome/53.0.2785.104 Safari/537.36 Core/1.53.3408.400 QQBrowser/9.6.12028.400',
  'accept' => 'text/html,application/xhtml+xml,application/xml;q=0.9,image/webp,*/*;q=0.8',
  'referer' => 'http://localhost/shimizu/public/index.php?s=admin/menu/index',
  'accept-encoding' => 'gzip, deflate, sdch',
  'accept-language' => 'zh-CN,zh;q=0.8',
  'cookie' => 'pgv_pvi=5663416320; pgv_si=s5739432960',
)
[ info ] [ PARAM ] array (
)
[ info ] [ DB ] INIT mysql
[ info ] [ RUN ] app\admin\controller\Banner->index[ C:\wamp\www\shimizu\application\admin\controller\Banner.php ]
[ info ] [ VIEW ] C:\wamp\www\shimizu\public/../application/admin\view\banner\index.html [ array (
  0 => 'nav',
  1 => 'banner',
) ]
[ info ] [ LOG ] INIT File
[ sql ] [ DB ] CONNECT:[ UseTime:0.002468s ] mysql:host=localhost;dbname=shimizu;charset=utf8
[ sql ] [ SQL ] SHOW COLUMNS FROM `menu` [ RunTime:0.000834s ]
[ sql ] [ SQL ] SELECT * FROM `menu` WHERE  `status` = 1  AND `type` = 1 ORDER BY listorder desc, id desc [ RunTime:0.000478s ]
[ sql ] [ SQL ] SHOW COLUMNS FROM `banner` [ RunTime:0.002305s ]
[ sql ] [ SQL ] SELECT * FROM `banner` WHERE  `status` <> -1 ORDER BY listorder desc, id desc [ RunTime:0.000353s ]
---------------------------------------------------------------
[ 2017-10-16T12:09:38+08:00 ] ::1 ::1 GET /shimizu/public/index.php?s=admin/banner/add
[ info ] localhost/shimizu/public/index.php?s=admin/banner/add [运行时间：0.045386s][吞吐率：22.03req/s] [内存消耗：3,339.66kb] [文件加载：56]
[ info ] [ LANG ] C:\wamp\www\shimizu\thinkphp\lang\zh-cn.php
[ info ] [ ROUTE ] array (
  'type' => 'module',
  'module' => 
  array (
    0 => 'admin',
    1 => 'banner',
    2 => 'add',
  ),
)
[ info ] [ HEADER ] array (
  'host' => 'localhost',
  'connection' => 'keep-alive',
  'upgrade-insecure-requests' => '1',
  'user-agent' => 'Mozilla/5.0 (Windows NT 10.0; WOW64) AppleWebKit/537.36 (KHTML, like Gecko) Chrome/53.0.2785.104 Safari/537.36 Core/1.53.3408.400 QQBrowser/9.6.12028.400',
  'accept' => 'text/html,application/xhtml+xml,application/xml;q=0.9,image/webp,*/*;q=0.8',
  'referer' => 'http://localhost/shimizu/public/index.php?s=admin/banner/index',
  'accept-encoding' => 'gzip, deflate, sdch',
  'accept-language' => 'zh-CN,zh;q=0.8',
  'cookie' => 'pgv_pvi=5663416320; pgv_si=s5739432960',
)
[ info ] [ PARAM ] array (
)
[ info ] [ DB ] INIT mysql
[ info ] [ RUN ] app\admin\controller\Base->add[ C:\wamp\www\shimizu\application\admin\controller\Base.php ]
[ info ] [ VIEW ] C:\wamp\www\shimizu\public/../application/admin\view\banner\add.html [ array (
  0 => 'nav',
) ]
[ info ] [ LOG ] INIT File
[ sql ] [ DB ] CONNECT:[ UseTime:0.002422s ] mysql:host=localhost;dbname=shimizu;charset=utf8
[ sql ] [ SQL ] SHOW COLUMNS FROM `menu` [ RunTime:0.000751s ]
[ sql ] [ SQL ] SELECT * FROM `menu` WHERE  `status` = 1  AND `type` = 1 ORDER BY listorder desc, id desc [ RunTime:0.000390s ]
---------------------------------------------------------------
[ 2017-10-16T12:15:51+08:00 ] ::1 ::1 GET /shimizu/public/index.php?s=admin/index/index
[ info ] localhost/shimizu/public/index.php?s=admin/index/index [运行时间：0.052614s][吞吐率：19.01req/s] [内存消耗：3,182.13kb] [文件加载：54]
[ info ] [ LANG ] C:\wamp\www\shimizu\thinkphp\lang\zh-cn.php
[ info ] [ ROUTE ] array (
  'type' => 'module',
  'module' => 
  array (
    0 => 'admin',
    1 => 'index',
    2 => 'index',
  ),
)
[ info ] [ HEADER ] array (
  'host' => 'localhost',
  'connection' => 'keep-alive',
  'upgrade-insecure-requests' => '1',
  'user-agent' => 'Mozilla/5.0 (Windows NT 10.0; WOW64) AppleWebKit/537.36 (KHTML, like Gecko) Chrome/53.0.2785.104 Safari/537.36 Core/1.53.3408.400 QQBrowser/9.6.12028.400',
  'accept' => 'text/html,application/xhtml+xml,application/xml;q=0.9,image/webp,*/*;q=0.8',
  'referer' => 'http://localhost/shimizu/public/index.php?s=admin/banner/add',
  'accept-encoding' => 'gzip, deflate, sdch',
  'accept-language' => 'zh-CN,zh;q=0.8',
  'cookie' => 'pgv_pvi=5663416320; pgv_si=s5739432960',
)
[ info ] [ PARAM ] array (
)
[ info ] [ DB ] INIT mysql
[ info ] [ RUN ] app\admin\controller\Index->index[ C:\wamp\www\shimizu\application\admin\controller\Index.php ]
[ info ] [ VIEW ] C:\wamp\www\shimizu\public/../application/admin\view\index\index.html [ array (
  0 => 'nav',
) ]
[ info ] [ LOG ] INIT File
[ sql ] [ DB ] CONNECT:[ UseTime:0.002598s ] mysql:host=localhost;dbname=shimizu;charset=utf8
[ sql ] [ SQL ] SHOW COLUMNS FROM `menu` [ RunTime:0.000883s ]
[ sql ] [ SQL ] SELECT * FROM `menu` WHERE  `status` = 1  AND `type` = 1 ORDER BY listorder desc, id desc [ RunTime:0.000442s ]
---------------------------------------------------------------
[ 2017-10-16T12:15:52+08:00 ] ::1 ::1 GET /shimizu/public/index.php?s=admin/menu/index
[ info ] localhost/shimizu/public/index.php?s=admin/menu/index [运行时间：0.047009s][吞吐率：21.27req/s] [内存消耗：3,319.66kb] [文件加载：57]
[ info ] [ LANG ] C:\wamp\www\shimizu\thinkphp\lang\zh-cn.php
[ info ] [ ROUTE ] array (
  'type' => 'module',
  'module' => 
  array (
    0 => 'admin',
    1 => 'menu',
    2 => 'index',
  ),
)
[ info ] [ HEADER ] array (
  'host' => 'localhost',
  'connection' => 'keep-alive',
  'upgrade-insecure-requests' => '1',
  'user-agent' => 'Mozilla/5.0 (Windows NT 10.0; WOW64) AppleWebKit/537.36 (KHTML, like Gecko) Chrome/53.0.2785.104 Safari/537.36 Core/1.53.3408.400 QQBrowser/9.6.12028.400',
  'accept' => 'text/html,application/xhtml+xml,application/xml;q=0.9,image/webp,*/*;q=0.8',
  'referer' => 'http://localhost/shimizu/public/index.php?s=admin/index/index',
  'accept-encoding' => 'gzip, deflate, sdch',
  'accept-language' => 'zh-CN,zh;q=0.8',
  'cookie' => 'pgv_pvi=5663416320; pgv_si=s5739432960',
)
[ info ] [ PARAM ] array (
)
[ info ] [ DB ] INIT mysql
[ info ] [ RUN ] app\admin\controller\Menu->index[ C:\wamp\www\shimizu\application\admin\controller\Menu.php ]
[ info ] [ VIEW ] C:\wamp\www\shimizu\public/../application/admin\view\menu\index.html [ array (
  0 => 'nav',
  1 => 'menu',
) ]
[ info ] [ LOG ] INIT File
[ sql ] [ DB ] CONNECT:[ UseTime:0.002349s ] mysql:host=localhost;dbname=shimizu;charset=utf8
[ sql ] [ SQL ] SHOW COLUMNS FROM `menu` [ RunTime:0.000748s ]
[ sql ] [ SQL ] SELECT * FROM `menu` WHERE  `status` = 1  AND `type` = 1 ORDER BY listorder desc, id desc [ RunTime:0.000434s ]
[ sql ] [ SQL ] SELECT COUNT(*) AS tp_count FROM `menu` WHERE  `status` <> -1 LIMIT 1 [ RunTime:0.000367s ]
[ sql ] [ SQL ] SELECT * FROM `menu` WHERE  `status` <> -1 ORDER BY listorder desc, id desc LIMIT 0,10 [ RunTime:0.000356s ]
---------------------------------------------------------------
[ 2017-10-16T12:15:54+08:00 ] ::1 ::1 POST /shimizu/public/index.php?s=admin/menu/status
[ info ] localhost/shimizu/public/index.php?s=admin/menu/status [运行时间：0.043931s][吞吐率：22.76req/s] [内存消耗：3,169.59kb] [文件加载：54]
[ info ] [ LANG ] C:\wamp\www\shimizu\thinkphp\lang\zh-cn.php
[ info ] [ ROUTE ] array (
  'type' => 'module',
  'module' => 
  array (
    0 => 'admin',
    1 => 'menu',
    2 => 'status',
  ),
)
[ info ] [ HEADER ] array (
  'host' => 'localhost',
  'connection' => 'keep-alive',
  'content-length' => '13',
  'accept' => 'application/json, text/javascript, */*; q=0.01',
  'origin' => 'http://localhost',
  'x-requested-with' => 'XMLHttpRequest',
  'user-agent' => 'Mozilla/5.0 (Windows NT 10.0; WOW64) AppleWebKit/537.36 (KHTML, like Gecko) Chrome/53.0.2785.104 Safari/537.36 Core/1.53.3408.400 QQBrowser/9.6.12028.400',
  'content-type' => 'application/x-www-form-urlencoded; charset=UTF-8',
  'referer' => 'http://localhost/shimizu/public/index.php?s=admin/menu/index',
  'accept-encoding' => 'gzip, deflate',
  'accept-language' => 'zh-CN,zh;q=0.8',
  'cookie' => 'pgv_pvi=5663416320; pgv_si=s5739432960',
)
[ info ] [ PARAM ] array (
  'id' => '3',
  'status' => '1',
)
[ info ] [ DB ] INIT mysql
[ info ] [ RUN ] app\admin\controller\Base->status[ C:\wamp\www\shimizu\application\admin\controller\Base.php ]
[ info ] [ LOG ] INIT File
[ sql ] [ DB ] CONNECT:[ UseTime:0.002698s ] mysql:host=localhost;dbname=shimizu;charset=utf8
[ sql ] [ SQL ] SHOW COLUMNS FROM `menu` [ RunTime:0.000766s ]
[ sql ] [ SQL ] SELECT * FROM `menu` WHERE  `status` = 1  AND `type` = 1 ORDER BY listorder desc, id desc [ RunTime:0.000420s ]
[ sql ] [ SQL ] UPDATE `menu`  SET `id`=3,`status`=1  WHERE  (  id=3 ) [ RunTime:0.000425s ]
---------------------------------------------------------------
[ 2017-10-16T12:15:55+08:00 ] ::1 ::1 GET /shimizu/public/index.php?s=admin/menu/index
[ info ] localhost/shimizu/public/index.php?s=admin/menu/index [运行时间：0.046330s][吞吐率：21.58req/s] [内存消耗：3,319.63kb] [文件加载：57]
[ info ] [ LANG ] C:\wamp\www\shimizu\thinkphp\lang\zh-cn.php
[ info ] [ ROUTE ] array (
  'type' => 'module',
  'module' => 
  array (
    0 => 'admin',
    1 => 'menu',
    2 => 'index',
  ),
)
[ info ] [ HEADER ] array (
  'host' => 'localhost',
  'connection' => 'keep-alive',
  'upgrade-insecure-requests' => '1',
  'user-agent' => 'Mozilla/5.0 (Windows NT 10.0; WOW64) AppleWebKit/537.36 (KHTML, like Gecko) Chrome/53.0.2785.104 Safari/537.36 Core/1.53.3408.400 QQBrowser/9.6.12028.400',
  'accept' => 'text/html,application/xhtml+xml,application/xml;q=0.9,image/webp,*/*;q=0.8',
  'referer' => 'http://localhost/shimizu/public/index.php?s=admin/menu/index',
  'accept-encoding' => 'gzip, deflate, sdch',
  'accept-language' => 'zh-CN,zh;q=0.8',
  'cookie' => 'pgv_pvi=5663416320; pgv_si=s5739432960',
)
[ info ] [ PARAM ] array (
)
[ info ] [ DB ] INIT mysql
[ info ] [ RUN ] app\admin\controller\Menu->index[ C:\wamp\www\shimizu\application\admin\controller\Menu.php ]
[ info ] [ VIEW ] C:\wamp\www\shimizu\public/../application/admin\view\menu\index.html [ array (
  0 => 'nav',
  1 => 'menu',
) ]
[ info ] [ LOG ] INIT File
[ sql ] [ DB ] CONNECT:[ UseTime:0.002306s ] mysql:host=localhost;dbname=shimizu;charset=utf8
[ sql ] [ SQL ] SHOW COLUMNS FROM `menu` [ RunTime:0.000676s ]
[ sql ] [ SQL ] SELECT * FROM `menu` WHERE  `status` = 1  AND `type` = 1 ORDER BY listorder desc, id desc [ RunTime:0.000345s ]
[ sql ] [ SQL ] SELECT COUNT(*) AS tp_count FROM `menu` WHERE  `status` <> -1 LIMIT 1 [ RunTime:0.000385s ]
[ sql ] [ SQL ] SELECT * FROM `menu` WHERE  `status` <> -1 ORDER BY listorder desc, id desc LIMIT 0,10 [ RunTime:0.000406s ]
---------------------------------------------------------------
[ 2017-10-16T12:15:57+08:00 ] ::1 ::1 GET /shimizu/public/index.php?s=admin/banner/index
[ info ] localhost/shimizu/public/index.php?s=admin/banner/index [运行时间：0.047510s][吞吐率：21.05req/s] [内存消耗：3,198.53kb] [文件加载：55]
[ info ] [ LANG ] C:\wamp\www\shimizu\thinkphp\lang\zh-cn.php
[ info ] [ ROUTE ] array (
  'type' => 'module',
  'module' => 
  array (
    0 => 'admin',
    1 => 'banner',
    2 => 'index',
  ),
)
[ info ] [ HEADER ] array (
  'host' => 'localhost',
  'connection' => 'keep-alive',
  'upgrade-insecure-requests' => '1',
  'user-agent' => 'Mozilla/5.0 (Windows NT 10.0; WOW64) AppleWebKit/537.36 (KHTML, like Gecko) Chrome/53.0.2785.104 Safari/537.36 Core/1.53.3408.400 QQBrowser/9.6.12028.400',
  'accept' => 'text/html,application/xhtml+xml,application/xml;q=0.9,image/webp,*/*;q=0.8',
  'referer' => 'http://localhost/shimizu/public/index.php?s=admin/menu/index',
  'accept-encoding' => 'gzip, deflate, sdch',
  'accept-language' => 'zh-CN,zh;q=0.8',
  'cookie' => 'pgv_pvi=5663416320; pgv_si=s5739432960',
)
[ info ] [ PARAM ] array (
)
[ info ] [ DB ] INIT mysql
[ info ] [ RUN ] app\admin\controller\Banner->index[ C:\wamp\www\shimizu\application\admin\controller\Banner.php ]
[ info ] [ VIEW ] C:\wamp\www\shimizu\public/../application/admin\view\banner\index.html [ array (
  0 => 'nav',
  1 => 'banner',
) ]
[ info ] [ LOG ] INIT File
[ sql ] [ DB ] CONNECT:[ UseTime:0.002679s ] mysql:host=localhost;dbname=shimizu;charset=utf8
[ sql ] [ SQL ] SHOW COLUMNS FROM `menu` [ RunTime:0.000960s ]
[ sql ] [ SQL ] SELECT * FROM `menu` WHERE  `status` = 1  AND `type` = 1 ORDER BY listorder desc, id desc [ RunTime:0.000410s ]
[ sql ] [ SQL ] SHOW COLUMNS FROM `banner` [ RunTime:0.001101s ]
[ sql ] [ SQL ] SELECT * FROM `banner` WHERE  `status` <> -1 ORDER BY listorder desc, id desc [ RunTime:0.000340s ]
---------------------------------------------------------------
[ 2017-10-16T12:15:58+08:00 ] ::1 ::1 GET /shimizu/public/index.php?s=admin/banner/add
[ info ] localhost/shimizu/public/index.php?s=admin/banner/add [运行时间：0.042867s][吞吐率：23.33req/s] [内存消耗：3,166.89kb] [文件加载：54]
[ info ] [ LANG ] C:\wamp\www\shimizu\thinkphp\lang\zh-cn.php
[ info ] [ ROUTE ] array (
  'type' => 'module',
  'module' => 
  array (
    0 => 'admin',
    1 => 'banner',
    2 => 'add',
  ),
)
[ info ] [ HEADER ] array (
  'host' => 'localhost',
  'connection' => 'keep-alive',
  'upgrade-insecure-requests' => '1',
  'user-agent' => 'Mozilla/5.0 (Windows NT 10.0; WOW64) AppleWebKit/537.36 (KHTML, like Gecko) Chrome/53.0.2785.104 Safari/537.36 Core/1.53.3408.400 QQBrowser/9.6.12028.400',
  'accept' => 'text/html,application/xhtml+xml,application/xml;q=0.9,image/webp,*/*;q=0.8',
  'referer' => 'http://localhost/shimizu/public/index.php?s=admin/banner/index',
  'accept-encoding' => 'gzip, deflate, sdch',
  'accept-language' => 'zh-CN,zh;q=0.8',
  'cookie' => 'pgv_pvi=5663416320; pgv_si=s5739432960',
)
[ info ] [ PARAM ] array (
)
[ info ] [ DB ] INIT mysql
[ info ] [ RUN ] app\admin\controller\Base->add[ C:\wamp\www\shimizu\application\admin\controller\Base.php ]
[ info ] [ VIEW ] C:\wamp\www\shimizu\public/../application/admin\view\banner\add.html [ array (
  0 => 'nav',
) ]
[ info ] [ LOG ] INIT File
[ sql ] [ DB ] CONNECT:[ UseTime:0.002357s ] mysql:host=localhost;dbname=shimizu;charset=utf8
[ sql ] [ SQL ] SHOW COLUMNS FROM `menu` [ RunTime:0.000757s ]
[ sql ] [ SQL ] SELECT * FROM `menu` WHERE  `status` = 1  AND `type` = 1 ORDER BY listorder desc, id desc [ RunTime:0.000482s ]
---------------------------------------------------------------
[ 2017-10-16T12:16:28+08:00 ] ::1 ::1 GET /shimizu/public/index.php?s=admin/banner/add
[ info ] localhost/shimizu/public/index.php?s=admin/banner/add [运行时间：0.056164s][吞吐率：17.80req/s] [内存消耗：3,340.14kb] [文件加载：56]
[ info ] [ LANG ] C:\wamp\www\shimizu\thinkphp\lang\zh-cn.php
[ info ] [ ROUTE ] array (
  'type' => 'module',
  'module' => 
  array (
    0 => 'admin',
    1 => 'banner',
    2 => 'add',
  ),
)
[ info ] [ HEADER ] array (
  'host' => 'localhost',
  'connection' => 'keep-alive',
  'cache-control' => 'max-age=0',
  'upgrade-insecure-requests' => '1',
  'user-agent' => 'Mozilla/5.0 (Windows NT 10.0; WOW64) AppleWebKit/537.36 (KHTML, like Gecko) Chrome/53.0.2785.104 Safari/537.36 Core/1.53.3408.400 QQBrowser/9.6.12028.400',
  'accept' => 'text/html,application/xhtml+xml,application/xml;q=0.9,image/webp,*/*;q=0.8',
  'referer' => 'http://localhost/shimizu/public/index.php?s=admin/banner/index',
  'accept-encoding' => 'gzip, deflate, sdch',
  'accept-language' => 'zh-CN,zh;q=0.8',
  'cookie' => 'pgv_pvi=5663416320; pgv_si=s5739432960',
)
[ info ] [ PARAM ] array (
)
[ info ] [ DB ] INIT mysql
[ info ] [ RUN ] app\admin\controller\Base->add[ C:\wamp\www\shimizu\application\admin\controller\Base.php ]
[ info ] [ VIEW ] C:\wamp\www\shimizu\public/../application/admin\view\banner\add.html [ array (
  0 => 'nav',
) ]
[ info ] [ LOG ] INIT File
[ sql ] [ DB ] CONNECT:[ UseTime:0.002657s ] mysql:host=localhost;dbname=shimizu;charset=utf8
[ sql ] [ SQL ] SHOW COLUMNS FROM `menu` [ RunTime:0.001249s ]
[ sql ] [ SQL ] SELECT * FROM `menu` WHERE  `status` = 1  AND `type` = 1 ORDER BY listorder desc, id desc [ RunTime:0.000456s ]
---------------------------------------------------------------
[ 2017-10-16T12:16:32+08:00 ] ::1 ::1 GET /shimizu/public/index.php?s=admin/banner/add
[ info ] localhost/shimizu/public/index.php?s=admin/banner/add [运行时间：0.059365s][吞吐率：16.84req/s] [内存消耗：3,167.17kb] [文件加载：54]
[ info ] [ LANG ] C:\wamp\www\shimizu\thinkphp\lang\zh-cn.php
[ info ] [ ROUTE ] array (
  'type' => 'module',
  'module' => 
  array (
    0 => 'admin',
    1 => 'banner',
    2 => 'add',
  ),
)
[ info ] [ HEADER ] array (
  'host' => 'localhost',
  'connection' => 'keep-alive',
  'cache-control' => 'max-age=0',
  'upgrade-insecure-requests' => '1',
  'user-agent' => 'Mozilla/5.0 (Windows NT 10.0; WOW64) AppleWebKit/537.36 (KHTML, like Gecko) Chrome/53.0.2785.104 Safari/537.36 Core/1.53.3408.400 QQBrowser/9.6.12028.400',
  'accept' => 'text/html,application/xhtml+xml,application/xml;q=0.9,image/webp,*/*;q=0.8',
  'referer' => 'http://localhost/shimizu/public/index.php?s=admin/banner/index',
  'accept-encoding' => 'gzip, deflate, sdch',
  'accept-language' => 'zh-CN,zh;q=0.8',
  'cookie' => 'pgv_pvi=5663416320; pgv_si=s5739432960',
)
[ info ] [ PARAM ] array (
)
[ info ] [ DB ] INIT mysql
[ info ] [ RUN ] app\admin\controller\Base->add[ C:\wamp\www\shimizu\application\admin\controller\Base.php ]
[ info ] [ VIEW ] C:\wamp\www\shimizu\public/../application/admin\view\banner\add.html [ array (
  0 => 'nav',
) ]
[ info ] [ LOG ] INIT File
[ sql ] [ DB ] CONNECT:[ UseTime:0.011889s ] mysql:host=localhost;dbname=shimizu;charset=utf8
[ sql ] [ SQL ] SHOW COLUMNS FROM `menu` [ RunTime:0.000744s ]
[ sql ] [ SQL ] SELECT * FROM `menu` WHERE  `status` = 1  AND `type` = 1 ORDER BY listorder desc, id desc [ RunTime:0.000449s ]
---------------------------------------------------------------
[ 2017-10-16T12:16:32+08:00 ] ::1 ::1 GET /shimizu/public/index.php?s=admin/banner/add
[ info ] localhost/shimizu/public/index.php?s=admin/banner/add [运行时间：0.041817s][吞吐率：23.91req/s] [内存消耗：3,167.17kb] [文件加载：54]
[ info ] [ LANG ] C:\wamp\www\shimizu\thinkphp\lang\zh-cn.php
[ info ] [ ROUTE ] array (
  'type' => 'module',
  'module' => 
  array (
    0 => 'admin',
    1 => 'banner',
    2 => 'add',
  ),
)
[ info ] [ HEADER ] array (
  'host' => 'localhost',
  'connection' => 'keep-alive',
  'cache-control' => 'max-age=0',
  'upgrade-insecure-requests' => '1',
  'user-agent' => 'Mozilla/5.0 (Windows NT 10.0; WOW64) AppleWebKit/537.36 (KHTML, like Gecko) Chrome/53.0.2785.104 Safari/537.36 Core/1.53.3408.400 QQBrowser/9.6.12028.400',
  'accept' => 'text/html,application/xhtml+xml,application/xml;q=0.9,image/webp,*/*;q=0.8',
  'referer' => 'http://localhost/shimizu/public/index.php?s=admin/banner/index',
  'accept-encoding' => 'gzip, deflate, sdch',
  'accept-language' => 'zh-CN,zh;q=0.8',
  'cookie' => 'pgv_pvi=5663416320; pgv_si=s5739432960',
)
[ info ] [ PARAM ] array (
)
[ info ] [ DB ] INIT mysql
[ info ] [ RUN ] app\admin\controller\Base->add[ C:\wamp\www\shimizu\application\admin\controller\Base.php ]
[ info ] [ VIEW ] C:\wamp\www\shimizu\public/../application/admin\view\banner\add.html [ array (
  0 => 'nav',
) ]
[ info ] [ LOG ] INIT File
[ sql ] [ DB ] CONNECT:[ UseTime:0.002392s ] mysql:host=localhost;dbname=shimizu;charset=utf8
[ sql ] [ SQL ] SHOW COLUMNS FROM `menu` [ RunTime:0.000726s ]
[ sql ] [ SQL ] SELECT * FROM `menu` WHERE  `status` = 1  AND `type` = 1 ORDER BY listorder desc, id desc [ RunTime:0.000344s ]
---------------------------------------------------------------
[ 2017-10-16T12:16:32+08:00 ] ::1 ::1 GET /shimizu/public/index.php?s=admin/banner/add
[ info ] localhost/shimizu/public/index.php?s=admin/banner/add [运行时间：0.058373s][吞吐率：17.13req/s] [内存消耗：3,167.35kb] [文件加载：54]
[ info ] [ LANG ] C:\wamp\www\shimizu\thinkphp\lang\zh-cn.php
[ info ] [ ROUTE ] array (
  'type' => 'module',
  'module' => 
  array (
    0 => 'admin',
    1 => 'banner',
    2 => 'add',
  ),
)
[ info ] [ HEADER ] array (
  'host' => 'localhost',
  'connection' => 'keep-alive',
  'pragma' => 'no-cache',
  'cache-control' => 'no-cache',
  'upgrade-insecure-requests' => '1',
  'user-agent' => 'Mozilla/5.0 (Windows NT 10.0; WOW64) AppleWebKit/537.36 (KHTML, like Gecko) Chrome/53.0.2785.104 Safari/537.36 Core/1.53.3408.400 QQBrowser/9.6.12028.400',
  'accept' => 'text/html,application/xhtml+xml,application/xml;q=0.9,image/webp,*/*;q=0.8',
  'referer' => 'http://localhost/shimizu/public/index.php?s=admin/banner/index',
  'accept-encoding' => 'gzip, deflate, sdch',
  'accept-language' => 'zh-CN,zh;q=0.8',
  'cookie' => 'pgv_pvi=5663416320; pgv_si=s5739432960',
)
[ info ] [ PARAM ] array (
)
[ info ] [ DB ] INIT mysql
[ info ] [ RUN ] app\admin\controller\Base->add[ C:\wamp\www\shimizu\application\admin\controller\Base.php ]
[ info ] [ VIEW ] C:\wamp\www\shimizu\public/../application/admin\view\banner\add.html [ array (
  0 => 'nav',
) ]
[ info ] [ LOG ] INIT File
[ sql ] [ DB ] CONNECT:[ UseTime:0.011215s ] mysql:host=localhost;dbname=shimizu;charset=utf8
[ sql ] [ SQL ] SHOW COLUMNS FROM `menu` [ RunTime:0.000733s ]
[ sql ] [ SQL ] SELECT * FROM `menu` WHERE  `status` = 1  AND `type` = 1 ORDER BY listorder desc, id desc [ RunTime:0.000508s ]
---------------------------------------------------------------
[ 2017-10-16T12:16:35+08:00 ] ::1 ::1 GET /shimizu/public/index.php?s=admin/banner/add
[ info ] localhost/shimizu/public/index.php?s=admin/banner/add [运行时间：0.048260s][吞吐率：20.72req/s] [内存消耗：3,167.17kb] [文件加载：54]
[ info ] [ LANG ] C:\wamp\www\shimizu\thinkphp\lang\zh-cn.php
[ info ] [ ROUTE ] array (
  'type' => 'module',
  'module' => 
  array (
    0 => 'admin',
    1 => 'banner',
    2 => 'add',
  ),
)
[ info ] [ HEADER ] array (
  'host' => 'localhost',
  'connection' => 'keep-alive',
  'cache-control' => 'max-age=0',
  'upgrade-insecure-requests' => '1',
  'user-agent' => 'Mozilla/5.0 (Windows NT 10.0; WOW64) AppleWebKit/537.36 (KHTML, like Gecko) Chrome/53.0.2785.104 Safari/537.36 Core/1.53.3408.400 QQBrowser/9.6.12028.400',
  'accept' => 'text/html,application/xhtml+xml,application/xml;q=0.9,image/webp,*/*;q=0.8',
  'referer' => 'http://localhost/shimizu/public/index.php?s=admin/banner/index',
  'accept-encoding' => 'gzip, deflate, sdch',
  'accept-language' => 'zh-CN,zh;q=0.8',
  'cookie' => 'pgv_pvi=5663416320; pgv_si=s5739432960',
)
[ info ] [ PARAM ] array (
)
[ info ] [ DB ] INIT mysql
[ info ] [ RUN ] app\admin\controller\Base->add[ C:\wamp\www\shimizu\application\admin\controller\Base.php ]
[ info ] [ VIEW ] C:\wamp\www\shimizu\public/../application/admin\view\banner\add.html [ array (
  0 => 'nav',
) ]
[ info ] [ LOG ] INIT File
[ sql ] [ DB ] CONNECT:[ UseTime:0.002287s ] mysql:host=localhost;dbname=shimizu;charset=utf8
[ sql ] [ SQL ] SHOW COLUMNS FROM `menu` [ RunTime:0.000669s ]
[ sql ] [ SQL ] SELECT * FROM `menu` WHERE  `status` = 1  AND `type` = 1 ORDER BY listorder desc, id desc [ RunTime:0.000321s ]
---------------------------------------------------------------
[ 2017-10-16T12:16:35+08:00 ] ::1 ::1 GET /shimizu/public/index.php?s=admin/banner/add
[ info ] localhost/shimizu/public/index.php?s=admin/banner/add [运行时间：0.053330s][吞吐率：18.75req/s] [内存消耗：3,167.17kb] [文件加载：54]
[ info ] [ LANG ] C:\wamp\www\shimizu\thinkphp\lang\zh-cn.php
[ info ] [ ROUTE ] array (
  'type' => 'module',
  'module' => 
  array (
    0 => 'admin',
    1 => 'banner',
    2 => 'add',
  ),
)
[ info ] [ HEADER ] array (
  'host' => 'localhost',
  'connection' => 'keep-alive',
  'cache-control' => 'max-age=0',
  'upgrade-insecure-requests' => '1',
  'user-agent' => 'Mozilla/5.0 (Windows NT 10.0; WOW64) AppleWebKit/537.36 (KHTML, like Gecko) Chrome/53.0.2785.104 Safari/537.36 Core/1.53.3408.400 QQBrowser/9.6.12028.400',
  'accept' => 'text/html,application/xhtml+xml,application/xml;q=0.9,image/webp,*/*;q=0.8',
  'referer' => 'http://localhost/shimizu/public/index.php?s=admin/banner/index',
  'accept-encoding' => 'gzip, deflate, sdch',
  'accept-language' => 'zh-CN,zh;q=0.8',
  'cookie' => 'pgv_pvi=5663416320; pgv_si=s5739432960',
)
[ info ] [ PARAM ] array (
)
[ info ] [ DB ] INIT mysql
[ info ] [ RUN ] app\admin\controller\Base->add[ C:\wamp\www\shimizu\application\admin\controller\Base.php ]
[ info ] [ VIEW ] C:\wamp\www\shimizu\public/../application/admin\view\banner\add.html [ array (
  0 => 'nav',
) ]
[ info ] [ LOG ] INIT File
[ sql ] [ DB ] CONNECT:[ UseTime:0.002526s ] mysql:host=localhost;dbname=shimizu;charset=utf8
[ sql ] [ SQL ] SHOW COLUMNS FROM `menu` [ RunTime:0.000766s ]
[ sql ] [ SQL ] SELECT * FROM `menu` WHERE  `status` = 1  AND `type` = 1 ORDER BY listorder desc, id desc [ RunTime:0.000373s ]
---------------------------------------------------------------
[ 2017-10-16T12:16:49+08:00 ] ::1 ::1 GET /shimizu/public/index.php?s=admin/banner/add
[ info ] localhost/shimizu/public/index.php?s=admin/banner/add [运行时间：0.056478s][吞吐率：17.71req/s] [内存消耗：3,339.88kb] [文件加载：56]
[ info ] [ LANG ] C:\wamp\www\shimizu\thinkphp\lang\zh-cn.php
[ info ] [ ROUTE ] array (
  'type' => 'module',
  'module' => 
  array (
    0 => 'admin',
    1 => 'banner',
    2 => 'add',
  ),
)
[ info ] [ HEADER ] array (
  'host' => 'localhost',
  'connection' => 'keep-alive',
  'cache-control' => 'max-age=0',
  'upgrade-insecure-requests' => '1',
  'user-agent' => 'Mozilla/5.0 (Windows NT 10.0; WOW64) AppleWebKit/537.36 (KHTML, like Gecko) Chrome/53.0.2785.104 Safari/537.36 Core/1.53.3408.400 QQBrowser/9.6.12028.400',
  'accept' => 'text/html,application/xhtml+xml,application/xml;q=0.9,image/webp,*/*;q=0.8',
  'referer' => 'http://localhost/shimizu/public/index.php?s=admin/banner/index',
  'accept-encoding' => 'gzip, deflate, sdch',
  'accept-language' => 'zh-CN,zh;q=0.8',
  'cookie' => 'pgv_pvi=5663416320; pgv_si=s5739432960',
)
[ info ] [ PARAM ] array (
)
[ info ] [ DB ] INIT mysql
[ info ] [ RUN ] app\admin\controller\Base->add[ C:\wamp\www\shimizu\application\admin\controller\Base.php ]
[ info ] [ VIEW ] C:\wamp\www\shimizu\public/../application/admin\view\banner\add.html [ array (
  0 => 'nav',
) ]
[ info ] [ LOG ] INIT File
[ sql ] [ DB ] CONNECT:[ UseTime:0.011982s ] mysql:host=localhost;dbname=shimizu;charset=utf8
[ sql ] [ SQL ] SHOW COLUMNS FROM `menu` [ RunTime:0.000854s ]
[ sql ] [ SQL ] SELECT * FROM `menu` WHERE  `status` = 1  AND `type` = 1 ORDER BY listorder desc, id desc [ RunTime:0.000467s ]
---------------------------------------------------------------
[ 2017-10-16T12:16:49+08:00 ] ::1 ::1 GET /shimizu/public/
[ info ] localhost/shimizu/public/ [运行时间：0.021102s][吞吐率：47.39req/s] [内存消耗：1,593.97kb] [文件加载：37]
[ info ] [ LANG ] C:\wamp\www\shimizu\thinkphp\lang\zh-cn.php
[ info ] [ ROUTE ] array (
  'type' => 'module',
  'module' => 
  array (
    0 => '',
    1 => NULL,
    2 => NULL,
  ),
)
[ info ] [ HEADER ] array (
  'host' => 'localhost',
  'connection' => 'keep-alive',
  'user-agent' => 'Mozilla/5.0 (Windows NT 10.0; WOW64) AppleWebKit/537.36 (KHTML, like Gecko) Chrome/53.0.2785.104 Safari/537.36 Core/1.53.3408.400 QQBrowser/9.6.12028.400',
  'x-requested-with' => 'ShockwaveFlash/23.9.9.999',
  'accept' => '*/*',
  'referer' => 'http://localhost/shimizu/public/index.php?s=admin/banner/add',
  'accept-encoding' => 'gzip, deflate, sdch',
  'accept-language' => 'zh-CN,zh;q=0.8',
  'cookie' => 'pgv_pvi=5663416320; pgv_si=s5739432960',
)
[ info ] [ PARAM ] array (
)
[ info ] [ RUN ] app\index\controller\Index->index[ C:\wamp\www\shimizu\application\index\controller\Index.php ]
[ info ] [ LOG ] INIT File
---------------------------------------------------------------
[ 2017-10-16T12:16:53+08:00 ] ::1 ::1 POST /shimizu/public/index.php?s=admin/image/upload
[ info ] localhost/shimizu/public/index.php?s=admin/image/upload [运行时间：0.027795s][吞吐率：35.98req/s] [内存消耗：1,649.30kb] [文件加载：40]
[ info ] [ LANG ] C:\wamp\www\shimizu\thinkphp\lang\zh-cn.php
[ info ] [ ROUTE ] array (
  'type' => 'module',
  'module' => 
  array (
    0 => 'admin',
    1 => 'image',
    2 => 'upload',
  ),
)
[ info ] [ HEADER ] array (
  'host' => 'localhost',
  'connection' => 'keep-alive',
  'content-length' => '61536',
  'origin' => 'http://localhost',
  'x-requested-with' => 'ShockwaveFlash/23.9.9.999',
  'user-agent' => 'Mozilla/5.0 (Windows NT 10.0; WOW64) AppleWebKit/537.36 (KHTML, like Gecko) Chrome/53.0.2785.104 Safari/537.36 Core/1.53.3408.400 QQBrowser/9.6.12028.400',
  'content-type' => 'multipart/form-data; boundary=----------KM7KM7ae0Ij5GI3cH2gL6Ij5ae0Ef1',
  'accept' => '*/*',
  'referer' => 'http://localhost/shimizu/public/index.php?s=admin/banner/add',
  'accept-encoding' => 'gzip, deflate',
  'accept-language' => 'zh-CN,zh;q=0.8',
  'cookie' => 'pgv_pvi=5663416320; pgv_si=s5739432960',
)
[ info ] [ PARAM ] array (
  'Filename' => '微信图片_20171008224556.jpg',
  'Upload' => 'Submit Query',
)
[ info ] [ LOG ] INIT File
---------------------------------------------------------------
[ 2017-10-16T12:17:59+08:00 ] ::1 ::1 GET /shimizu/public/index.php?s=admin/banner/add
[ info ] localhost/shimizu/public/index.php?s=admin/banner/add [运行时间：0.045498s][吞吐率：21.98req/s] [内存消耗：3,340.07kb] [文件加载：56]
[ info ] [ LANG ] C:\wamp\www\shimizu\thinkphp\lang\zh-cn.php
[ info ] [ ROUTE ] array (
  'type' => 'module',
  'module' => 
  array (
    0 => 'admin',
    1 => 'banner',
    2 => 'add',
  ),
)
[ info ] [ HEADER ] array (
  'host' => 'localhost',
  'connection' => 'keep-alive',
  'pragma' => 'no-cache',
  'cache-control' => 'no-cache',
  'upgrade-insecure-requests' => '1',
  'user-agent' => 'Mozilla/5.0 (Windows NT 10.0; WOW64) AppleWebKit/537.36 (KHTML, like Gecko) Chrome/53.0.2785.104 Safari/537.36 Core/1.53.3408.400 QQBrowser/9.6.12028.400',
  'accept' => 'text/html,application/xhtml+xml,application/xml;q=0.9,image/webp,*/*;q=0.8',
  'referer' => 'http://localhost/shimizu/public/index.php?s=admin/banner/index',
  'accept-encoding' => 'gzip, deflate, sdch',
  'accept-language' => 'zh-CN,zh;q=0.8',
  'cookie' => 'pgv_pvi=5663416320; pgv_si=s5739432960',
)
[ info ] [ PARAM ] array (
)
[ info ] [ DB ] INIT mysql
[ info ] [ RUN ] app\admin\controller\Base->add[ C:\wamp\www\shimizu\application\admin\controller\Base.php ]
[ info ] [ VIEW ] C:\wamp\www\shimizu\public/../application/admin\view\banner\add.html [ array (
  0 => 'nav',
) ]
[ info ] [ LOG ] INIT File
[ sql ] [ DB ] CONNECT:[ UseTime:0.002367s ] mysql:host=localhost;dbname=shimizu;charset=utf8
[ sql ] [ SQL ] SHOW COLUMNS FROM `menu` [ RunTime:0.000743s ]
[ sql ] [ SQL ] SELECT * FROM `menu` WHERE  `status` = 1  AND `type` = 1 ORDER BY listorder desc, id desc [ RunTime:0.000345s ]
---------------------------------------------------------------
[ 2017-10-16T12:17:59+08:00 ] ::1 ::1 GET /shimizu/public/
[ info ] localhost/shimizu/public/ [运行时间：0.025201s][吞吐率：39.68req/s] [内存消耗：1,593.97kb] [文件加载：37]
[ info ] [ LANG ] C:\wamp\www\shimizu\thinkphp\lang\zh-cn.php
[ info ] [ ROUTE ] array (
  'type' => 'module',
  'module' => 
  array (
    0 => '',
    1 => NULL,
    2 => NULL,
  ),
)
[ info ] [ HEADER ] array (
  'host' => 'localhost',
  'connection' => 'keep-alive',
  'user-agent' => 'Mozilla/5.0 (Windows NT 10.0; WOW64) AppleWebKit/537.36 (KHTML, like Gecko) Chrome/53.0.2785.104 Safari/537.36 Core/1.53.3408.400 QQBrowser/9.6.12028.400',
  'x-requested-with' => 'ShockwaveFlash/23.9.9.999',
  'accept' => '*/*',
  'referer' => 'http://localhost/shimizu/public/index.php?s=admin/banner/add',
  'accept-encoding' => 'gzip, deflate, sdch',
  'accept-language' => 'zh-CN,zh;q=0.8',
  'cookie' => 'pgv_pvi=5663416320; pgv_si=s5739432960',
)
[ info ] [ PARAM ] array (
)
[ info ] [ RUN ] app\index\controller\Index->index[ C:\wamp\www\shimizu\application\index\controller\Index.php ]
[ info ] [ LOG ] INIT File
---------------------------------------------------------------
[ 2017-10-16T12:18:00+08:00 ] ::1 ::1 GET /shimizu/public/index.php?s=admin/banner/add
[ info ] localhost/shimizu/public/index.php?s=admin/banner/add [运行时间：0.048676s][吞吐率：20.54req/s] [内存消耗：3,167.23kb] [文件加载：54]
[ info ] [ LANG ] C:\wamp\www\shimizu\thinkphp\lang\zh-cn.php
[ info ] [ ROUTE ] array (
  'type' => 'module',
  'module' => 
  array (
    0 => 'admin',
    1 => 'banner',
    2 => 'add',
  ),
)
[ info ] [ HEADER ] array (
  'host' => 'localhost',
  'connection' => 'keep-alive',
  'cache-control' => 'max-age=0',
  'upgrade-insecure-requests' => '1',
  'user-agent' => 'Mozilla/5.0 (Windows NT 10.0; WOW64) AppleWebKit/537.36 (KHTML, like Gecko) Chrome/53.0.2785.104 Safari/537.36 Core/1.53.3408.400 QQBrowser/9.6.12028.400',
  'accept' => 'text/html,application/xhtml+xml,application/xml;q=0.9,image/webp,*/*;q=0.8',
  'referer' => 'http://localhost/shimizu/public/index.php?s=admin/banner/index',
  'accept-encoding' => 'gzip, deflate, sdch',
  'accept-language' => 'zh-CN,zh;q=0.8',
  'cookie' => 'pgv_pvi=5663416320; pgv_si=s5739432960',
)
[ info ] [ PARAM ] array (
)
[ info ] [ DB ] INIT mysql
[ info ] [ RUN ] app\admin\controller\Base->add[ C:\wamp\www\shimizu\application\admin\controller\Base.php ]
[ info ] [ VIEW ] C:\wamp\www\shimizu\public/../application/admin\view\banner\add.html [ array (
  0 => 'nav',
) ]
[ info ] [ LOG ] INIT File
[ sql ] [ DB ] CONNECT:[ UseTime:0.002574s ] mysql:host=localhost;dbname=shimizu;charset=utf8
[ sql ] [ SQL ] SHOW COLUMNS FROM `menu` [ RunTime:0.000932s ]
[ sql ] [ SQL ] SELECT * FROM `menu` WHERE  `status` = 1  AND `type` = 1 ORDER BY listorder desc, id desc [ RunTime:0.000424s ]
---------------------------------------------------------------
[ 2017-10-16T12:18:00+08:00 ] ::1 ::1 GET /shimizu/public/
[ info ] localhost/shimizu/public/ [运行时间：0.025658s][吞吐率：38.97req/s] [内存消耗：1,593.97kb] [文件加载：37]
[ info ] [ LANG ] C:\wamp\www\shimizu\thinkphp\lang\zh-cn.php
[ info ] [ ROUTE ] array (
  'type' => 'module',
  'module' => 
  array (
    0 => '',
    1 => NULL,
    2 => NULL,
  ),
)
[ info ] [ HEADER ] array (
  'host' => 'localhost',
  'connection' => 'keep-alive',
  'user-agent' => 'Mozilla/5.0 (Windows NT 10.0; WOW64) AppleWebKit/537.36 (KHTML, like Gecko) Chrome/53.0.2785.104 Safari/537.36 Core/1.53.3408.400 QQBrowser/9.6.12028.400',
  'x-requested-with' => 'ShockwaveFlash/23.9.9.999',
  'accept' => '*/*',
  'referer' => 'http://localhost/shimizu/public/index.php?s=admin/banner/add',
  'accept-encoding' => 'gzip, deflate, sdch',
  'accept-language' => 'zh-CN,zh;q=0.8',
  'cookie' => 'pgv_pvi=5663416320; pgv_si=s5739432960',
)
[ info ] [ PARAM ] array (
)
[ info ] [ RUN ] app\index\controller\Index->index[ C:\wamp\www\shimizu\application\index\controller\Index.php ]
[ info ] [ LOG ] INIT File
---------------------------------------------------------------
[ 2017-10-16T13:20:53+08:00 ] ::1 ::1 GET /shimizu/public/static/vendor/bootstrap/css/bootstrap.min.css.map
[ info ] localhost/shimizu/public/static/vendor/bootstrap/css/bootstrap.min.css.map [运行时间：0.032861s][吞吐率：30.43req/s] [内存消耗：1,639.05kb] [文件加载：39]
[ info ] [ LANG ] C:\wamp\www\shimizu\thinkphp\lang\zh-cn.php
[ info ] [ ROUTE ] array (
  'type' => 'module',
  'module' => 
  array (
    0 => 'static',
    1 => 'vendor',
    2 => 'bootstrap',
  ),
)
[ info ] [ HEADER ] array (
  'host' => 'localhost',
  'connection' => 'keep-alive',
  'user-agent' => 'Mozilla/5.0 (Windows NT 10.0; WOW64) AppleWebKit/537.36 (KHTML, like Gecko) Chrome/53.0.2785.104 Safari/537.36 Core/1.53.3408.400 QQBrowser/9.6.12028.400',
  'accept-encoding' => 'gzip, deflate, sdch',
  'accept-language' => 'zh-CN,zh;q=0.8',
  'cookie' => 'pgv_pvi=5663416320; pgv_si=s5739432960',
)
[ info ] [ PARAM ] array (
  'css' => 'bootstrap.min.css.map',
)
[ info ] [ LOG ] INIT File
---------------------------------------------------------------
[ 2017-10-16T13:21:00+08:00 ] ::1 ::1 POST /shimizu/public/index.php?s=admin/banner/add
[ info ] localhost/shimizu/public/index.php?s=admin/banner/add [运行时间：0.067985s][吞吐率：14.71req/s] [内存消耗：3,249.63kb] [文件加载：57]
[ info ] [ LANG ] C:\wamp\www\shimizu\thinkphp\lang\zh-cn.php
[ info ] [ ROUTE ] array (
  'type' => 'module',
  'module' => 
  array (
    0 => 'admin',
    1 => 'banner',
    2 => 'add',
  ),
)
[ info ] [ HEADER ] array (
  'host' => 'localhost',
  'connection' => 'keep-alive',
  'content-length' => '6',
  'accept' => 'application/json, text/javascript, */*; q=0.01',
  'origin' => 'http://localhost',
  'x-requested-with' => 'XMLHttpRequest',
  'user-agent' => 'Mozilla/5.0 (Windows NT 10.0; WOW64) AppleWebKit/537.36 (KHTML, like Gecko) Chrome/53.0.2785.104 Safari/537.36 Core/1.53.3408.400 QQBrowser/9.6.12028.400',
  'content-type' => 'application/x-www-form-urlencoded; charset=UTF-8',
  'referer' => 'http://localhost/shimizu/public/index.php?s=admin/banner/add',
  'accept-encoding' => 'gzip, deflate',
  'accept-language' => 'zh-CN,zh;q=0.8',
  'cookie' => 'pgv_pvi=5663416320; pgv_si=s5739432960',
)
[ info ] [ PARAM ] array (
  'photo' => '',
)
[ info ] [ DB ] INIT mysql
[ info ] [ RUN ] app\admin\controller\Base->add[ C:\wamp\www\shimizu\application\admin\controller\Base.php ]
[ info ] [ LOG ] INIT File
[ sql ] [ DB ] CONNECT:[ UseTime:0.004847s ] mysql:host=localhost;dbname=shimizu;charset=utf8
[ sql ] [ SQL ] SHOW COLUMNS FROM `menu` [ RunTime:0.001549s ]
[ sql ] [ SQL ] SELECT * FROM `menu` WHERE  `status` = 1  AND `type` = 1 ORDER BY listorder desc, id desc [ RunTime:0.000556s ]
[ sql ] [ SQL ] SHOW COLUMNS FROM `banner` [ RunTime:0.003854s ]
[ error ] [0]数据表字段不存在:[photo][C:\wamp\www\shimizu\thinkphp\library\think\db\Builder.php:109]
---------------------------------------------------------------
[ 2017-10-16T18:35:49+08:00 ] ::1 ::1 GET /shimizu/public/admin/menu
[ info ] localhost/shimizu/public/admin/menu [运行时间：0.075558s][吞吐率：13.23req/s] [内存消耗：3,493.84kb] [文件加载：59]
[ info ] [ LANG ] C:\wamp\www\shimizu\thinkphp\lang\zh-cn.php
[ info ] [ ROUTE ] array (
  'type' => 'module',
  'module' => 
  array (
    0 => 'admin',
    1 => 'menu',
    2 => NULL,
  ),
)
[ info ] [ HEADER ] array (
  'host' => 'localhost',
  'connection' => 'keep-alive',
  'upgrade-insecure-requests' => '1',
  'user-agent' => 'Mozilla/5.0 (Windows NT 10.0; WOW64) AppleWebKit/537.36 (KHTML, like Gecko) Chrome/53.0.2785.104 Safari/537.36 Core/1.53.3408.400 QQBrowser/9.6.12028.400',
  'accept' => 'text/html,application/xhtml+xml,application/xml;q=0.9,image/webp,*/*;q=0.8',
  'accept-encoding' => 'gzip, deflate, sdch',
  'accept-language' => 'zh-CN,zh;q=0.8',
  'cookie' => 'pgv_pvi=5663416320',
)
[ info ] [ PARAM ] array (
)
[ info ] [ DB ] INIT mysql
[ info ] [ RUN ] app\admin\controller\Menu->index[ C:\wamp\www\shimizu\application\admin\controller\Menu.php ]
[ info ] [ VIEW ] C:\wamp\www\shimizu\public/../application/admin\view\menu\index.html [ array (
  0 => 'nav',
  1 => 'menu',
) ]
[ info ] [ LOG ] INIT File
[ sql ] [ DB ] CONNECT:[ UseTime:0.002813s ] mysql:host=localhost;dbname=shimizu;charset=utf8
[ sql ] [ SQL ] SHOW COLUMNS FROM `menu` [ RunTime:0.001181s ]
[ sql ] [ SQL ] SELECT * FROM `menu` WHERE  `status` = 1  AND `type` = 1 ORDER BY listorder desc, id desc [ RunTime:0.000365s ]
[ sql ] [ SQL ] SELECT COUNT(*) AS tp_count FROM `menu` WHERE  `status` <> -1 LIMIT 1 [ RunTime:0.000286s ]
[ sql ] [ SQL ] SELECT * FROM `menu` WHERE  `status` <> -1 ORDER BY listorder desc, id desc LIMIT 0,10 [ RunTime:0.000299s ]
---------------------------------------------------------------
[ 2017-10-16T18:36:48+08:00 ] ::1 ::1 GET /shimizu/public/index.php?s=admin/menu/index
[ info ] localhost/shimizu/public/index.php?s=admin/menu/index [运行时间：0.064513s][吞吐率：15.50req/s] [内存消耗：3,319.52kb] [文件加载：57]
[ info ] [ LANG ] C:\wamp\www\shimizu\thinkphp\lang\zh-cn.php
[ info ] [ ROUTE ] array (
  'type' => 'module',
  'module' => 
  array (
    0 => 'admin',
    1 => 'menu',
    2 => 'index',
  ),
)
[ info ] [ HEADER ] array (
  'host' => 'localhost',
  'connection' => 'keep-alive',
  'upgrade-insecure-requests' => '1',
  'user-agent' => 'Mozilla/5.0 (Windows NT 10.0; WOW64) AppleWebKit/537.36 (KHTML, like Gecko) Chrome/53.0.2785.104 Safari/537.36 Core/1.53.3408.400 QQBrowser/9.6.12028.400',
  'accept' => 'text/html,application/xhtml+xml,application/xml;q=0.9,image/webp,*/*;q=0.8',
  'referer' => 'http://localhost/shimizu/public/admin/menu',
  'accept-encoding' => 'gzip, deflate, sdch',
  'accept-language' => 'zh-CN,zh;q=0.8',
  'cookie' => 'pgv_pvi=5663416320',
)
[ info ] [ PARAM ] array (
)
[ info ] [ DB ] INIT mysql
[ info ] [ RUN ] app\admin\controller\Menu->index[ C:\wamp\www\shimizu\application\admin\controller\Menu.php ]
[ info ] [ VIEW ] C:\wamp\www\shimizu\public/../application/admin\view\menu\index.html [ array (
  0 => 'nav',
  1 => 'menu',
) ]
[ info ] [ LOG ] INIT File
[ sql ] [ DB ] CONNECT:[ UseTime:0.011688s ] mysql:host=localhost;dbname=shimizu;charset=utf8
[ sql ] [ SQL ] SHOW COLUMNS FROM `menu` [ RunTime:0.000901s ]
[ sql ] [ SQL ] SELECT * FROM `menu` WHERE  `status` = 1  AND `type` = 1 ORDER BY listorder desc, id desc [ RunTime:0.000433s ]
[ sql ] [ SQL ] SELECT COUNT(*) AS tp_count FROM `menu` WHERE  `status` <> -1 LIMIT 1 [ RunTime:0.000320s ]
[ sql ] [ SQL ] SELECT * FROM `menu` WHERE  `status` <> -1 ORDER BY listorder desc, id desc LIMIT 0,10 [ RunTime:0.000330s ]
---------------------------------------------------------------
[ 2017-10-16T18:36:49+08:00 ] ::1 ::1 GET /shimizu/public/index.php?s=admin/banner/index
[ info ] localhost/shimizu/public/index.php?s=admin/banner/index [运行时间：0.060192s][吞吐率：16.61req/s] [内存消耗：3,370.73kb] [文件加载：57]
[ info ] [ LANG ] C:\wamp\www\shimizu\thinkphp\lang\zh-cn.php
[ info ] [ ROUTE ] array (
  'type' => 'module',
  'module' => 
  array (
    0 => 'admin',
    1 => 'banner',
    2 => 'index',
  ),
)
[ info ] [ HEADER ] array (
  'host' => 'localhost',
  'connection' => 'keep-alive',
  'upgrade-insecure-requests' => '1',
  'user-agent' => 'Mozilla/5.0 (Windows NT 10.0; WOW64) AppleWebKit/537.36 (KHTML, like Gecko) Chrome/53.0.2785.104 Safari/537.36 Core/1.53.3408.400 QQBrowser/9.6.12028.400',
  'accept' => 'text/html,application/xhtml+xml,application/xml;q=0.9,image/webp,*/*;q=0.8',
  'referer' => 'http://localhost/shimizu/public/index.php?s=admin/menu/index',
  'accept-encoding' => 'gzip, deflate, sdch',
  'accept-language' => 'zh-CN,zh;q=0.8',
  'cookie' => 'pgv_pvi=5663416320',
)
[ info ] [ PARAM ] array (
)
[ info ] [ DB ] INIT mysql
[ info ] [ RUN ] app\admin\controller\Banner->index[ C:\wamp\www\shimizu\application\admin\controller\Banner.php ]
[ info ] [ VIEW ] C:\wamp\www\shimizu\public/../application/admin\view\banner\index.html [ array (
  0 => 'nav',
  1 => 'banner',
) ]
[ info ] [ LOG ] INIT File
[ sql ] [ DB ] CONNECT:[ UseTime:0.012068s ] mysql:host=localhost;dbname=shimizu;charset=utf8
[ sql ] [ SQL ] SHOW COLUMNS FROM `menu` [ RunTime:0.000756s ]
[ sql ] [ SQL ] SELECT * FROM `menu` WHERE  `status` = 1  AND `type` = 1 ORDER BY listorder desc, id desc [ RunTime:0.000371s ]
[ sql ] [ SQL ] SHOW COLUMNS FROM `banner` [ RunTime:0.001029s ]
[ sql ] [ SQL ] SELECT * FROM `banner` WHERE  `status` <> -1 ORDER BY listorder desc, id desc [ RunTime:0.000250s ]
---------------------------------------------------------------
[ 2017-10-16T18:36:50+08:00 ] ::1 ::1 GET /shimizu/public/index.php?s=admin/menu/index
[ info ] localhost/shimizu/public/index.php?s=admin/menu/index [运行时间：0.046405s][吞吐率：21.55req/s] [内存消耗：3,319.48kb] [文件加载：57]
[ info ] [ LANG ] C:\wamp\www\shimizu\thinkphp\lang\zh-cn.php
[ info ] [ ROUTE ] array (
  'type' => 'module',
  'module' => 
  array (
    0 => 'admin',
    1 => 'menu',
    2 => 'index',
  ),
)
[ info ] [ HEADER ] array (
  'host' => 'localhost',
  'connection' => 'keep-alive',
  'upgrade-insecure-requests' => '1',
  'user-agent' => 'Mozilla/5.0 (Windows NT 10.0; WOW64) AppleWebKit/537.36 (KHTML, like Gecko) Chrome/53.0.2785.104 Safari/537.36 Core/1.53.3408.400 QQBrowser/9.6.12028.400',
  'accept' => 'text/html,application/xhtml+xml,application/xml;q=0.9,image/webp,*/*;q=0.8',
  'referer' => 'http://localhost/shimizu/public/index.php?s=admin/banner/index',
  'accept-encoding' => 'gzip, deflate, sdch',
  'accept-language' => 'zh-CN,zh;q=0.8',
  'cookie' => 'pgv_pvi=5663416320',
)
[ info ] [ PARAM ] array (
)
[ info ] [ DB ] INIT mysql
[ info ] [ RUN ] app\admin\controller\Menu->index[ C:\wamp\www\shimizu\application\admin\controller\Menu.php ]
[ info ] [ VIEW ] C:\wamp\www\shimizu\public/../application/admin\view\menu\index.html [ array (
  0 => 'nav',
  1 => 'menu',
) ]
[ info ] [ LOG ] INIT File
[ sql ] [ DB ] CONNECT:[ UseTime:0.002197s ] mysql:host=localhost;dbname=shimizu;charset=utf8
[ sql ] [ SQL ] SHOW COLUMNS FROM `menu` [ RunTime:0.000834s ]
[ sql ] [ SQL ] SELECT * FROM `menu` WHERE  `status` = 1  AND `type` = 1 ORDER BY listorder desc, id desc [ RunTime:0.000407s ]
[ sql ] [ SQL ] SELECT COUNT(*) AS tp_count FROM `menu` WHERE  `status` <> -1 LIMIT 1 [ RunTime:0.000291s ]
[ sql ] [ SQL ] SELECT * FROM `menu` WHERE  `status` <> -1 ORDER BY listorder desc, id desc LIMIT 0,10 [ RunTime:0.000345s ]
---------------------------------------------------------------
[ 2017-10-16T18:36:54+08:00 ] ::1 ::1 GET /shimizu/public/index.php?s=admin/menu/edit&id=3
[ info ] localhost/shimizu/public/index.php?s=admin/menu/edit&id=3 [运行时间：0.057023s][吞吐率：17.54req/s] [内存消耗：3,364.43kb] [文件加载：56]
[ info ] [ LANG ] C:\wamp\www\shimizu\thinkphp\lang\zh-cn.php
[ info ] [ ROUTE ] array (
  'type' => 'module',
  'module' => 
  array (
    0 => 'admin',
    1 => 'menu',
    2 => 'edit',
  ),
)
[ info ] [ HEADER ] array (
  'host' => 'localhost',
  'connection' => 'keep-alive',
  'upgrade-insecure-requests' => '1',
  'user-agent' => 'Mozilla/5.0 (Windows NT 10.0; WOW64) AppleWebKit/537.36 (KHTML, like Gecko) Chrome/53.0.2785.104 Safari/537.36 Core/1.53.3408.400 QQBrowser/9.6.12028.400',
  'accept' => 'text/html,application/xhtml+xml,application/xml;q=0.9,image/webp,*/*;q=0.8',
  'referer' => 'http://localhost/shimizu/public/index.php?s=admin/menu/index',
  'accept-encoding' => 'gzip, deflate, sdch',
  'accept-language' => 'zh-CN,zh;q=0.8',
  'cookie' => 'pgv_pvi=5663416320',
)
[ info ] [ PARAM ] array (
  'id' => '3',
)
[ info ] [ DB ] INIT mysql
[ info ] [ RUN ] app\admin\controller\Base->edit[ C:\wamp\www\shimizu\application\admin\controller\Base.php ]
[ info ] [ VIEW ] C:\wamp\www\shimizu\public/../application/admin\view\menu\edit.html [ array (
  0 => 'nav',
  1 => 'res',
) ]
[ info ] [ LOG ] INIT File
[ sql ] [ DB ] CONNECT:[ UseTime:0.011547s ] mysql:host=localhost;dbname=shimizu;charset=utf8
[ sql ] [ SQL ] SHOW COLUMNS FROM `menu` [ RunTime:0.000769s ]
[ sql ] [ SQL ] SELECT * FROM `menu` WHERE  `status` = 1  AND `type` = 1 ORDER BY listorder desc, id desc [ RunTime:0.000458s ]
[ sql ] [ SQL ] SELECT * FROM `menu` WHERE  `id` = 3 LIMIT 1 [ RunTime:0.000622s ]
---------------------------------------------------------------
[ 2017-10-16T18:36:55+08:00 ] ::1 ::1 POST /shimizu/public/index.php?s=admin/menu/edit
[ info ] localhost/shimizu/public/index.php?s=admin/menu/edit [运行时间：0.043616s][吞吐率：22.93req/s] [内存消耗：3,172.70kb] [文件加载：54]
[ info ] [ LANG ] C:\wamp\www\shimizu\thinkphp\lang\zh-cn.php
[ info ] [ ROUTE ] array (
  'type' => 'module',
  'module' => 
  array (
    0 => 'admin',
    1 => 'menu',
    2 => 'edit',
  ),
)
[ info ] [ HEADER ] array (
  'host' => 'localhost',
  'connection' => 'keep-alive',
  'content-length' => '77',
  'accept' => 'application/json, text/javascript, */*; q=0.01',
  'origin' => 'http://localhost',
  'x-requested-with' => 'XMLHttpRequest',
  'user-agent' => 'Mozilla/5.0 (Windows NT 10.0; WOW64) AppleWebKit/537.36 (KHTML, like Gecko) Chrome/53.0.2785.104 Safari/537.36 Core/1.53.3408.400 QQBrowser/9.6.12028.400',
  'content-type' => 'application/x-www-form-urlencoded; charset=UTF-8',
  'referer' => 'http://localhost/shimizu/public/index.php?s=admin/menu/edit&id=3',
  'accept-encoding' => 'gzip, deflate',
  'accept-language' => 'zh-CN,zh;q=0.8',
  'cookie' => 'pgv_pvi=5663416320',
)
[ info ] [ PARAM ] array (
  'id' => '3',
  'name' => '视频管理',
  'm' => 'admin',
  'c' => 'video',
  'f' => 'index',
  'type' => '1',
)
[ info ] [ DB ] INIT mysql
[ info ] [ RUN ] app\admin\controller\Base->edit[ C:\wamp\www\shimizu\application\admin\controller\Base.php ]
[ info ] [ LOG ] INIT File
[ sql ] [ DB ] CONNECT:[ UseTime:0.002342s ] mysql:host=localhost;dbname=shimizu;charset=utf8
[ sql ] [ SQL ] SHOW COLUMNS FROM `menu` [ RunTime:0.000805s ]
[ sql ] [ SQL ] SELECT * FROM `menu` WHERE  `status` = 1  AND `type` = 1 ORDER BY listorder desc, id desc [ RunTime:0.000356s ]
[ sql ] [ SQL ] UPDATE `menu`  SET `id`=3,`name`='视频管理',`m`='admin',`c`='video',`f`='index',`type`=1  WHERE  (  id=3 ) [ RunTime:0.000572s ]
---------------------------------------------------------------
[ 2017-10-16T18:36:56+08:00 ] ::1 ::1 GET /shimizu/public/index.php?s=admin/menu/index
[ info ] localhost/shimizu/public/index.php?s=admin/menu/index [运行时间：0.055158s][吞吐率：18.13req/s] [内存消耗：3,322.15kb] [文件加载：57]
[ info ] [ LANG ] C:\wamp\www\shimizu\thinkphp\lang\zh-cn.php
[ info ] [ ROUTE ] array (
  'type' => 'module',
  'module' => 
  array (
    0 => 'admin',
    1 => 'menu',
    2 => 'index',
  ),
)
[ info ] [ HEADER ] array (
  'host' => 'localhost',
  'connection' => 'keep-alive',
  'upgrade-insecure-requests' => '1',
  'user-agent' => 'Mozilla/5.0 (Windows NT 10.0; WOW64) AppleWebKit/537.36 (KHTML, like Gecko) Chrome/53.0.2785.104 Safari/537.36 Core/1.53.3408.400 QQBrowser/9.6.12028.400',
  'accept' => 'text/html,application/xhtml+xml,application/xml;q=0.9,image/webp,*/*;q=0.8',
  'referer' => 'http://localhost/shimizu/public/index.php?s=admin/menu/edit&id=3',
  'accept-encoding' => 'gzip, deflate, sdch',
  'accept-language' => 'zh-CN,zh;q=0.8',
  'cookie' => 'pgv_pvi=5663416320',
)
[ info ] [ PARAM ] array (
)
[ info ] [ DB ] INIT mysql
[ info ] [ RUN ] app\admin\controller\Menu->index[ C:\wamp\www\shimizu\application\admin\controller\Menu.php ]
[ info ] [ VIEW ] C:\wamp\www\shimizu\public/../application/admin\view\menu\index.html [ array (
  0 => 'nav',
  1 => 'menu',
) ]
[ info ] [ LOG ] INIT File
[ sql ] [ DB ] CONNECT:[ UseTime:0.011051s ] mysql:host=localhost;dbname=shimizu;charset=utf8
[ sql ] [ SQL ] SHOW COLUMNS FROM `menu` [ RunTime:0.000744s ]
[ sql ] [ SQL ] SELECT * FROM `menu` WHERE  `status` = 1  AND `type` = 1 ORDER BY listorder desc, id desc [ RunTime:0.000402s ]
[ sql ] [ SQL ] SELECT COUNT(*) AS tp_count FROM `menu` WHERE  `status` <> -1 LIMIT 1 [ RunTime:0.000276s ]
[ sql ] [ SQL ] SELECT * FROM `menu` WHERE  `status` <> -1 ORDER BY listorder desc, id desc LIMIT 0,10 [ RunTime:0.000286s ]
---------------------------------------------------------------
[ 2017-10-16T18:36:58+08:00 ] ::1 ::1 GET /shimizu/public/index.php?s=admin/video/index
[ info ] localhost/shimizu/public/index.php?s=admin/video/index [运行时间：0.026976s][吞吐率：37.07req/s] [内存消耗：1,648.22kb] [文件加载：40]
[ info ] [ LANG ] C:\wamp\www\shimizu\thinkphp\lang\zh-cn.php
[ info ] [ ROUTE ] array (
  'type' => 'module',
  'module' => 
  array (
    0 => 'admin',
    1 => 'video',
    2 => 'index',
  ),
)
[ info ] [ HEADER ] array (
  'host' => 'localhost',
  'connection' => 'keep-alive',
  'upgrade-insecure-requests' => '1',
  'user-agent' => 'Mozilla/5.0 (Windows NT 10.0; WOW64) AppleWebKit/537.36 (KHTML, like Gecko) Chrome/53.0.2785.104 Safari/537.36 Core/1.53.3408.400 QQBrowser/9.6.12028.400',
  'accept' => 'text/html,application/xhtml+xml,application/xml;q=0.9,image/webp,*/*;q=0.8',
  'referer' => 'http://localhost/shimizu/public/index.php?s=admin/menu/index',
  'accept-encoding' => 'gzip, deflate, sdch',
  'accept-language' => 'zh-CN,zh;q=0.8',
  'cookie' => 'pgv_pvi=5663416320',
)
[ info ] [ PARAM ] array (
)
[ info ] [ LOG ] INIT File
---------------------------------------------------------------
[ 2017-10-16T18:37:10+08:00 ] ::1 ::1 GET /shimizu/public/index.php?s=admin/video/index
[ info ] localhost/shimizu/public/index.php?s=admin/video/index [运行时间：0.029334s][吞吐率：34.09req/s] [内存消耗：1,648.25kb] [文件加载：40]
[ info ] [ LANG ] C:\wamp\www\shimizu\thinkphp\lang\zh-cn.php
[ info ] [ ROUTE ] array (
  'type' => 'module',
  'module' => 
  array (
    0 => 'admin',
    1 => 'video',
    2 => 'index',
  ),
)
[ info ] [ HEADER ] array (
  'host' => 'localhost',
  'connection' => 'keep-alive',
  'upgrade-insecure-requests' => '1',
  'user-agent' => 'Mozilla/5.0 (Windows NT 10.0; WOW64) AppleWebKit/537.36 (KHTML, like Gecko) Chrome/53.0.2785.104 Safari/537.36 Core/1.53.3408.400 QQBrowser/9.6.12028.400',
  'accept' => 'text/html,application/xhtml+xml,application/xml;q=0.9,image/webp,*/*;q=0.8',
  'referer' => 'http://localhost/shimizu/public/index.php?s=admin/menu/index',
  'accept-encoding' => 'gzip, deflate, sdch',
  'accept-language' => 'zh-CN,zh;q=0.8',
  'cookie' => 'pgv_pvi=5663416320',
)
[ info ] [ PARAM ] array (
)
[ info ] [ LOG ] INIT File
---------------------------------------------------------------
[ 2017-10-16T18:37:11+08:00 ] ::1 ::1 GET /shimizu/public/index.php?s=admin/banner/index
[ info ] localhost/shimizu/public/index.php?s=admin/banner/index [运行时间：0.057505s][吞吐率：17.39req/s] [内存消耗：3,201.01kb] [文件加载：55]
[ info ] [ LANG ] C:\wamp\www\shimizu\thinkphp\lang\zh-cn.php
[ info ] [ ROUTE ] array (
  'type' => 'module',
  'module' => 
  array (
    0 => 'admin',
    1 => 'banner',
    2 => 'index',
  ),
)
[ info ] [ HEADER ] array (
  'host' => 'localhost',
  'connection' => 'keep-alive',
  'upgrade-insecure-requests' => '1',
  'user-agent' => 'Mozilla/5.0 (Windows NT 10.0; WOW64) AppleWebKit/537.36 (KHTML, like Gecko) Chrome/53.0.2785.104 Safari/537.36 Core/1.53.3408.400 QQBrowser/9.6.12028.400',
  'accept' => 'text/html,application/xhtml+xml,application/xml;q=0.9,image/webp,*/*;q=0.8',
  'referer' => 'http://localhost/shimizu/public/index.php?s=admin/menu/index',
  'accept-encoding' => 'gzip, deflate, sdch',
  'accept-language' => 'zh-CN,zh;q=0.8',
  'cookie' => 'pgv_pvi=5663416320',
)
[ info ] [ PARAM ] array (
)
[ info ] [ DB ] INIT mysql
[ info ] [ RUN ] app\admin\controller\Banner->index[ C:\wamp\www\shimizu\application\admin\controller\Banner.php ]
[ info ] [ VIEW ] C:\wamp\www\shimizu\public/../application/admin\view\banner\index.html [ array (
  0 => 'nav',
  1 => 'banner',
) ]
[ info ] [ LOG ] INIT File
[ sql ] [ DB ] CONNECT:[ UseTime:0.011073s ] mysql:host=localhost;dbname=shimizu;charset=utf8
[ sql ] [ SQL ] SHOW COLUMNS FROM `menu` [ RunTime:0.000796s ]
[ sql ] [ SQL ] SELECT * FROM `menu` WHERE  `status` = 1  AND `type` = 1 ORDER BY listorder desc, id desc [ RunTime:0.000522s ]
[ sql ] [ SQL ] SHOW COLUMNS FROM `banner` [ RunTime:0.000967s ]
[ sql ] [ SQL ] SELECT * FROM `banner` WHERE  `status` <> -1 ORDER BY listorder desc, id desc [ RunTime:0.000286s ]
---------------------------------------------------------------
[ 2017-10-16T18:37:13+08:00 ] ::1 ::1 GET /shimizu/public/index.php?s=admin/banner/add
[ info ] localhost/shimizu/public/index.php?s=admin/banner/add [运行时间：0.046697s][吞吐率：21.41req/s] [内存消耗：3,342.63kb] [文件加载：56]
[ info ] [ LANG ] C:\wamp\www\shimizu\thinkphp\lang\zh-cn.php
[ info ] [ ROUTE ] array (
  'type' => 'module',
  'module' => 
  array (
    0 => 'admin',
    1 => 'banner',
    2 => 'add',
  ),
)
[ info ] [ HEADER ] array (
  'host' => 'localhost',
  'connection' => 'keep-alive',
  'upgrade-insecure-requests' => '1',
  'user-agent' => 'Mozilla/5.0 (Windows NT 10.0; WOW64) AppleWebKit/537.36 (KHTML, like Gecko) Chrome/53.0.2785.104 Safari/537.36 Core/1.53.3408.400 QQBrowser/9.6.12028.400',
  'accept' => 'text/html,application/xhtml+xml,application/xml;q=0.9,image/webp,*/*;q=0.8',
  'referer' => 'http://localhost/shimizu/public/index.php?s=admin/banner/index',
  'accept-encoding' => 'gzip, deflate, sdch',
  'accept-language' => 'zh-CN,zh;q=0.8',
  'cookie' => 'pgv_pvi=5663416320',
)
[ info ] [ PARAM ] array (
)
[ info ] [ DB ] INIT mysql
[ info ] [ RUN ] app\admin\controller\Base->add[ C:\wamp\www\shimizu\application\admin\controller\Base.php ]
[ info ] [ VIEW ] C:\wamp\www\shimizu\public/../application/admin\view\banner\add.html [ array (
  0 => 'nav',
) ]
[ info ] [ LOG ] INIT File
[ sql ] [ DB ] CONNECT:[ UseTime:0.002212s ] mysql:host=localhost;dbname=shimizu;charset=utf8
[ sql ] [ SQL ] SHOW COLUMNS FROM `menu` [ RunTime:0.000765s ]
[ sql ] [ SQL ] SELECT * FROM `menu` WHERE  `status` = 1  AND `type` = 1 ORDER BY listorder desc, id desc [ RunTime:0.000431s ]
---------------------------------------------------------------
[ 2017-10-16T18:37:13+08:00 ] ::1 ::1 GET /shimizu/public/
[ info ] localhost/shimizu/public/ [运行时间：0.021783s][吞吐率：45.91req/s] [内存消耗：1,594.03kb] [文件加载：37]
[ info ] [ LANG ] C:\wamp\www\shimizu\thinkphp\lang\zh-cn.php
[ info ] [ ROUTE ] array (
  'type' => 'module',
  'module' => 
  array (
    0 => '',
    1 => NULL,
    2 => NULL,
  ),
)
[ info ] [ HEADER ] array (
  'host' => 'localhost',
  'connection' => 'keep-alive',
  'user-agent' => 'Mozilla/5.0 (Windows NT 10.0; WOW64) AppleWebKit/537.36 (KHTML, like Gecko) Chrome/53.0.2785.104 Safari/537.36 Core/1.53.3408.400 QQBrowser/9.6.12028.400',
  'x-requested-with' => 'ShockwaveFlash/23.9.9.999',
  'accept' => '*/*',
  'referer' => 'http://localhost/shimizu/public/index.php?s=admin/banner/add',
  'accept-encoding' => 'gzip, deflate, sdch',
  'accept-language' => 'zh-CN,zh;q=0.8',
  'cookie' => 'pgv_pvi=5663416320',
)
[ info ] [ PARAM ] array (
)
[ info ] [ RUN ] app\index\controller\Index->index[ C:\wamp\www\shimizu\application\index\controller\Index.php ]
[ info ] [ LOG ] INIT File
---------------------------------------------------------------
[ 2017-10-16T18:39:26+08:00 ] ::1 ::1 GET /shimizu/public/index.php?s=admin/menu/index
[ info ] localhost/shimizu/public/index.php?s=admin/menu/index [运行时间：0.068885s][吞吐率：14.52req/s] [内存消耗：3,322.05kb] [文件加载：57]
[ info ] [ LANG ] C:\wamp\www\shimizu\thinkphp\lang\zh-cn.php
[ info ] [ ROUTE ] array (
  'type' => 'module',
  'module' => 
  array (
    0 => 'admin',
    1 => 'menu',
    2 => 'index',
  ),
)
[ info ] [ HEADER ] array (
  'host' => 'localhost',
  'connection' => 'keep-alive',
  'upgrade-insecure-requests' => '1',
  'user-agent' => 'Mozilla/5.0 (Windows NT 10.0; WOW64) AppleWebKit/537.36 (KHTML, like Gecko) Chrome/53.0.2785.104 Safari/537.36 Core/1.53.3408.400 QQBrowser/9.6.12028.400',
  'accept' => 'text/html,application/xhtml+xml,application/xml;q=0.9,image/webp,*/*;q=0.8',
  'referer' => 'http://localhost/shimizu/public/index.php?s=admin/banner/add',
  'accept-encoding' => 'gzip, deflate, sdch',
  'accept-language' => 'zh-CN,zh;q=0.8',
  'cookie' => 'pgv_pvi=5663416320',
)
[ info ] [ PARAM ] array (
)
[ info ] [ DB ] INIT mysql
[ info ] [ RUN ] app\admin\controller\Menu->index[ C:\wamp\www\shimizu\application\admin\controller\Menu.php ]
[ info ] [ VIEW ] C:\wamp\www\shimizu\public/../application/admin\view\menu\index.html [ array (
  0 => 'nav',
  1 => 'menu',
) ]
[ info ] [ LOG ] INIT File
[ sql ] [ DB ] CONNECT:[ UseTime:0.013397s ] mysql:host=localhost;dbname=shimizu;charset=utf8
[ sql ] [ SQL ] SHOW COLUMNS FROM `menu` [ RunTime:0.000876s ]
[ sql ] [ SQL ] SELECT * FROM `menu` WHERE  `status` = 1  AND `type` = 1 ORDER BY listorder desc, id desc [ RunTime:0.000380s ]
[ sql ] [ SQL ] SELECT COUNT(*) AS tp_count FROM `menu` WHERE  `status` <> -1 LIMIT 1 [ RunTime:0.000365s ]
[ sql ] [ SQL ] SELECT * FROM `menu` WHERE  `status` <> -1 ORDER BY listorder desc, id desc LIMIT 0,10 [ RunTime:0.000360s ]
---------------------------------------------------------------
[ 2017-10-16T18:39:27+08:00 ] ::1 ::1 GET /shimizu/public/index.php?s=admin/menu/add
[ info ] localhost/shimizu/public/index.php?s=admin/menu/add [运行时间：0.047120s][吞吐率：21.22req/s] [内存消耗：3,361.10kb] [文件加载：56]
[ info ] [ LANG ] C:\wamp\www\shimizu\thinkphp\lang\zh-cn.php
[ info ] [ ROUTE ] array (
  'type' => 'module',
  'module' => 
  array (
    0 => 'admin',
    1 => 'menu',
    2 => 'add',
  ),
)
[ info ] [ HEADER ] array (
  'host' => 'localhost',
  'connection' => 'keep-alive',
  'upgrade-insecure-requests' => '1',
  'user-agent' => 'Mozilla/5.0 (Windows NT 10.0; WOW64) AppleWebKit/537.36 (KHTML, like Gecko) Chrome/53.0.2785.104 Safari/537.36 Core/1.53.3408.400 QQBrowser/9.6.12028.400',
  'accept' => 'text/html,application/xhtml+xml,application/xml;q=0.9,image/webp,*/*;q=0.8',
  'referer' => 'http://localhost/shimizu/public/index.php?s=admin/menu/index',
  'accept-encoding' => 'gzip, deflate, sdch',
  'accept-language' => 'zh-CN,zh;q=0.8',
  'cookie' => 'pgv_pvi=5663416320',
)
[ info ] [ PARAM ] array (
)
[ info ] [ DB ] INIT mysql
[ info ] [ RUN ] app\admin\controller\Base->add[ C:\wamp\www\shimizu\application\admin\controller\Base.php ]
[ info ] [ VIEW ] C:\wamp\www\shimizu\public/../application/admin\view\menu\add.html [ array (
  0 => 'nav',
) ]
[ info ] [ LOG ] INIT File
[ sql ] [ DB ] CONNECT:[ UseTime:0.002341s ] mysql:host=localhost;dbname=shimizu;charset=utf8
[ sql ] [ SQL ] SHOW COLUMNS FROM `menu` [ RunTime:0.000828s ]
[ sql ] [ SQL ] SELECT * FROM `menu` WHERE  `status` = 1  AND `type` = 1 ORDER BY listorder desc, id desc [ RunTime:0.000427s ]
---------------------------------------------------------------
[ 2017-10-16T18:39:46+08:00 ] ::1 ::1 GET /shimizu/public/index.php?s=admin/banner/index
[ info ] localhost/shimizu/public/index.php?s=admin/banner/index [运行时间：0.049449s][吞吐率：20.22req/s] [内存消耗：3,201.07kb] [文件加载：55]
[ info ] [ LANG ] C:\wamp\www\shimizu\thinkphp\lang\zh-cn.php
[ info ] [ ROUTE ] array (
  'type' => 'module',
  'module' => 
  array (
    0 => 'admin',
    1 => 'banner',
    2 => 'index',
  ),
)
[ info ] [ HEADER ] array (
  'host' => 'localhost',
  'connection' => 'keep-alive',
  'upgrade-insecure-requests' => '1',
  'user-agent' => 'Mozilla/5.0 (Windows NT 10.0; WOW64) AppleWebKit/537.36 (KHTML, like Gecko) Chrome/53.0.2785.104 Safari/537.36 Core/1.53.3408.400 QQBrowser/9.6.12028.400',
  'accept' => 'text/html,application/xhtml+xml,application/xml;q=0.9,image/webp,*/*;q=0.8',
  'referer' => 'http://localhost/shimizu/public/index.php?s=admin/menu/add',
  'accept-encoding' => 'gzip, deflate, sdch',
  'accept-language' => 'zh-CN,zh;q=0.8',
  'cookie' => 'pgv_pvi=5663416320',
)
[ info ] [ PARAM ] array (
)
[ info ] [ DB ] INIT mysql
[ info ] [ RUN ] app\admin\controller\Banner->index[ C:\wamp\www\shimizu\application\admin\controller\Banner.php ]
[ info ] [ VIEW ] C:\wamp\www\shimizu\public/../application/admin\view\banner\index.html [ array (
  0 => 'nav',
  1 => 'banner',
) ]
[ info ] [ LOG ] INIT File
[ sql ] [ DB ] CONNECT:[ UseTime:0.002280s ] mysql:host=localhost;dbname=shimizu;charset=utf8
[ sql ] [ SQL ] SHOW COLUMNS FROM `menu` [ RunTime:0.000757s ]
[ sql ] [ SQL ] SELECT * FROM `menu` WHERE  `status` = 1  AND `type` = 1 ORDER BY listorder desc, id desc [ RunTime:0.000392s ]
[ sql ] [ SQL ] SHOW COLUMNS FROM `banner` [ RunTime:0.001096s ]
[ sql ] [ SQL ] SELECT * FROM `banner` WHERE  `status` <> -1 ORDER BY listorder desc, id desc [ RunTime:0.000232s ]
---------------------------------------------------------------
[ 2017-10-16T18:39:47+08:00 ] ::1 ::1 GET /shimizu/public/index.php?s=admin/banner/add
[ info ] localhost/shimizu/public/index.php?s=admin/banner/add [运行时间：0.045630s][吞吐率：21.92req/s] [内存消耗：3,342.63kb] [文件加载：56]
[ info ] [ LANG ] C:\wamp\www\shimizu\thinkphp\lang\zh-cn.php
[ info ] [ ROUTE ] array (
  'type' => 'module',
  'module' => 
  array (
    0 => 'admin',
    1 => 'banner',
    2 => 'add',
  ),
)
[ info ] [ HEADER ] array (
  'host' => 'localhost',
  'connection' => 'keep-alive',
  'upgrade-insecure-requests' => '1',
  'user-agent' => 'Mozilla/5.0 (Windows NT 10.0; WOW64) AppleWebKit/537.36 (KHTML, like Gecko) Chrome/53.0.2785.104 Safari/537.36 Core/1.53.3408.400 QQBrowser/9.6.12028.400',
  'accept' => 'text/html,application/xhtml+xml,application/xml;q=0.9,image/webp,*/*;q=0.8',
  'referer' => 'http://localhost/shimizu/public/index.php?s=admin/banner/index',
  'accept-encoding' => 'gzip, deflate, sdch',
  'accept-language' => 'zh-CN,zh;q=0.8',
  'cookie' => 'pgv_pvi=5663416320',
)
[ info ] [ PARAM ] array (
)
[ info ] [ DB ] INIT mysql
[ info ] [ RUN ] app\admin\controller\Base->add[ C:\wamp\www\shimizu\application\admin\controller\Base.php ]
[ info ] [ VIEW ] C:\wamp\www\shimizu\public/../application/admin\view\banner\add.html [ array (
  0 => 'nav',
) ]
[ info ] [ LOG ] INIT File
[ sql ] [ DB ] CONNECT:[ UseTime:0.002370s ] mysql:host=localhost;dbname=shimizu;charset=utf8
[ sql ] [ SQL ] SHOW COLUMNS FROM `menu` [ RunTime:0.000810s ]
[ sql ] [ SQL ] SELECT * FROM `menu` WHERE  `status` = 1  AND `type` = 1 ORDER BY listorder desc, id desc [ RunTime:0.000433s ]
---------------------------------------------------------------
[ 2017-10-16T18:39:47+08:00 ] ::1 ::1 GET /shimizu/public/
[ info ] localhost/shimizu/public/ [运行时间：0.041007s][吞吐率：24.39req/s] [内存消耗：1,594.03kb] [文件加载：37]
[ info ] [ LANG ] C:\wamp\www\shimizu\thinkphp\lang\zh-cn.php
[ info ] [ ROUTE ] array (
  'type' => 'module',
  'module' => 
  array (
    0 => '',
    1 => NULL,
    2 => NULL,
  ),
)
[ info ] [ HEADER ] array (
  'host' => 'localhost',
  'connection' => 'keep-alive',
  'user-agent' => 'Mozilla/5.0 (Windows NT 10.0; WOW64) AppleWebKit/537.36 (KHTML, like Gecko) Chrome/53.0.2785.104 Safari/537.36 Core/1.53.3408.400 QQBrowser/9.6.12028.400',
  'x-requested-with' => 'ShockwaveFlash/23.9.9.999',
  'accept' => '*/*',
  'referer' => 'http://localhost/shimizu/public/index.php?s=admin/banner/add',
  'accept-encoding' => 'gzip, deflate, sdch',
  'accept-language' => 'zh-CN,zh;q=0.8',
  'cookie' => 'pgv_pvi=5663416320',
)
[ info ] [ PARAM ] array (
)
[ info ] [ RUN ] app\index\controller\Index->index[ C:\wamp\www\shimizu\application\index\controller\Index.php ]
[ info ] [ LOG ] INIT File
